[ 2015-08-27T17:50:26+08:00 ] 127.0.0.1 /
INFO: [ app_init ] --START--
INFO: Run Behavior\BuildLiteBehavior [ RunTime:0.000048s ]
INFO: [ app_init ] --END-- [ RunTime:0.002965s ]
NOTIC: [8] Constant ACTION_TENPAY already defined D:\web\new.muzhiwan.com\admin.pay.mzw.com\Apps\Admin\Conf\menu.php 第 9 行.
NOTIC: [8] Use of undefined constant ACTION_UPPAY - assumed 'ACTION_UPPAY' D:\web\new.muzhiwan.com\admin.pay.mzw.com\Apps\Admin\Conf\menu.php 第 19 行.
INFO: [ app_begin ] --START--
INFO: Run Behavior\ReadHtmlCacheBehavior [ RunTime:0.001443s ]
INFO: [ app_begin ] --END-- [ RunTime:0.001630s ]

[ 2015-08-27T17:50:27+08:00 ] 127.0.0.1 /Login
INFO: [ app_init ] --START--
INFO: Run Behavior\BuildLiteBehavior [ RunTime:0.000105s ]
INFO: [ app_init ] --END-- [ RunTime:0.001572s ]
NOTIC: [8] Constant ACTION_TENPAY already defined D:\web\new.muzhiwan.com\admin.pay.mzw.com\Apps\Admin\Conf\menu.php 第 9 行.
NOTIC: [8] Use of undefined constant ACTION_UPPAY - assumed 'ACTION_UPPAY' D:\web\new.muzhiwan.com\admin.pay.mzw.com\Apps\Admin\Conf\menu.php 第 19 行.
INFO: [ app_begin ] --START--
INFO: Run Behavior\ReadHtmlCacheBehavior [ RunTime:0.001371s ]
INFO: [ app_begin ] --END-- [ RunTime:0.001624s ]
NOTIC: [8] Undefined index: HTTP_REFERER D:\web\new.muzhiwan.com\admin.pay.mzw.com\Apps\Admin\Controller\LoginController.class.php 第 19 行.
INFO: [ view_parse ] --START--
INFO: [ template_filter ] --START--
INFO: Run Behavior\ContentReplaceBehavior [ RunTime:0.000211s ]
INFO: [ template_filter ] --END-- [ RunTime:0.000520s ]
INFO: Run Behavior\ParseTemplateBehavior [ RunTime:0.035166s ]
INFO: [ view_parse ] --END-- [ RunTime:0.036412s ]
INFO: [ view_filter ] --START--
INFO: Run Behavior\WriteHtmlCacheBehavior [ RunTime:0.003068s ]
INFO: Run Behavior\TokenBuildBehavior [ RunTime:0.003368s ]
INFO: [ view_filter ] --END-- [ RunTime:0.006925s ]
INFO: [ app_end ] --START--
INFO: Run Behavior\ShowPageTraceBehavior [ RunTime:0.002174s ]
INFO: [ app_end ] --END-- [ RunTime:0.002406s ]

[ 2015-08-27T17:50:28+08:00 ] 127.0.0.1 /login/verify?_t=1440669027
INFO: [ app_init ] --START--
INFO: Run Behavior\BuildLiteBehavior [ RunTime:0.000204s ]
INFO: [ app_init ] --END-- [ RunTime:0.002088s ]
NOTIC: [8] Constant ACTION_TENPAY already defined D:\web\new.muzhiwan.com\admin.pay.mzw.com\Apps\Admin\Conf\menu.php 第 9 行.
NOTIC: [8] Use of undefined constant ACTION_UPPAY - assumed 'ACTION_UPPAY' D:\web\new.muzhiwan.com\admin.pay.mzw.com\Apps\Admin\Conf\menu.php 第 19 行.
INFO: [ app_begin ] --START--
INFO: Run Behavior\ReadHtmlCacheBehavior [ RunTime:0.001825s ]
INFO: [ app_begin ] --END-- [ RunTime:0.002207s ]
INFO: [ app_end ] --START--
INFO: Run Behavior\ShowPageTraceBehavior [ RunTime:0.001179s ]
INFO: [ app_end ] --END-- [ RunTime:0.001336s ]

[ 2015-08-27T17:50:29+08:00 ] 127.0.0.1 /favicon.ico
INFO: [ app_init ] --START--
INFO: Run Behavior\BuildLiteBehavior [ RunTime:0.000052s ]
INFO: [ app_init ] --END-- [ RunTime:0.001089s ]
NOTIC: [8] Constant ACTION_TENPAY already defined D:\web\new.muzhiwan.com\admin.pay.mzw.com\Apps\Admin\Conf\menu.php 第 9 行.
NOTIC: [8] Use of undefined constant ACTION_UPPAY - assumed 'ACTION_UPPAY' D:\web\new.muzhiwan.com\admin.pay.mzw.com\Apps\Admin\Conf\menu.php 第 19 行.

[ 2015-08-27T17:50:29+08:00 ] 127.0.0.1 /favicon.ico
INFO: [ app_init ] --START--
INFO: Run Behavior\BuildLiteBehavior [ RunTime:0.000058s ]
INFO: [ app_init ] --END-- [ RunTime:0.002531s ]
NOTIC: [8] Constant ACTION_TENPAY already defined D:\web\new.muzhiwan.com\admin.pay.mzw.com\Apps\Admin\Conf\menu.php 第 9 行.
NOTIC: [8] Use of undefined constant ACTION_UPPAY - assumed 'ACTION_UPPAY' D:\web\new.muzhiwan.com\admin.pay.mzw.com\Apps\Admin\Conf\menu.php 第 19 行.

[ 2015-08-27T17:50:35+08:00 ] 127.0.0.1 /Login/auth
INFO: [ app_init ] --START--
INFO: Run Behavior\BuildLiteBehavior [ RunTime:0.000067s ]
INFO: [ app_init ] --END-- [ RunTime:0.000829s ]
NOTIC: [8] Constant ACTION_TENPAY already defined D:\web\new.muzhiwan.com\admin.pay.mzw.com\Apps\Admin\Conf\menu.php 第 9 行.
NOTIC: [8] Use of undefined constant ACTION_UPPAY - assumed 'ACTION_UPPAY' D:\web\new.muzhiwan.com\admin.pay.mzw.com\Apps\Admin\Conf\menu.php 第 19 行.
INFO: [ app_begin ] --START--
INFO: Run Behavior\ReadHtmlCacheBehavior [ RunTime:0.001526s ]
INFO: [ app_begin ] --END-- [ RunTime:0.001774s ]
SQL: SHOW COLUMNS FROM `admin_user` [ RunTime:0.0051s ]
SQL: SELECT * FROM `admin_user` WHERE `username` = 'admin' AND `password` = 'cf287cb3c51486f44b30169785f16d37' LIMIT 1   [ RunTime:0.0034s ]
SQL: SHOW COLUMNS FROM `admin_group_nodes` [ RunTime:0.0060s ]
SQL: SELECT * FROM `admin_group_nodes` WHERE `group_id` = 1  [ RunTime:0.0057s ]
SQL: SHOW COLUMNS FROM `admin_nodes` [ RunTime:0.0041s ]
SQL: SELECT * FROM `admin_nodes`  [ RunTime:0.0072s ]
SQL: SHOW COLUMNS FROM `admin_log` [ RunTime:0.0039s ]
SQL: INSERT INTO `admin_log` (`uid`,`ip`,`createtime`,`request_uri`,`c`,`m`) VALUES ('1','127.0.0.1','1440669035','/Login/auth','login','auth') [ RunTime:0.0532s ]

[ 2015-08-27T17:50:36+08:00 ] 127.0.0.1 /
INFO: [ app_init ] --START--
INFO: Run Behavior\BuildLiteBehavior [ RunTime:0.000053s ]
INFO: [ app_init ] --END-- [ RunTime:0.001080s ]
NOTIC: [8] Constant ACTION_TENPAY already defined D:\web\new.muzhiwan.com\admin.pay.mzw.com\Apps\Admin\Conf\menu.php 第 9 行.
NOTIC: [8] Use of undefined constant ACTION_UPPAY - assumed 'ACTION_UPPAY' D:\web\new.muzhiwan.com\admin.pay.mzw.com\Apps\Admin\Conf\menu.php 第 19 行.
INFO: [ app_begin ] --START--
INFO: Run Behavior\ReadHtmlCacheBehavior [ RunTime:0.001893s ]
INFO: [ app_begin ] --END-- [ RunTime:0.002389s ]
SQL: SHOW COLUMNS FROM `admin_nodes` [ RunTime:0.0044s ]
NOTIC: [8] Undefined variable: ret D:\web\new.muzhiwan.com\admin.pay.mzw.com\Apps\Admin\Controller\AuthController.class.php 第 22 行.
SQL: SHOW COLUMNS FROM `admin_group_nodes` [ RunTime:0.0044s ]
INFO: [ view_parse ] --START--
INFO: [ template_filter ] --START--
INFO: Run Behavior\ContentReplaceBehavior [ RunTime:0.000183s ]
INFO: [ template_filter ] --END-- [ RunTime:0.000423s ]
NOTIC: [8] Undefined index: flushnodes D:\web\new.muzhiwan.com\admin.pay.mzw.com\Apps\Runtime\Cache\Admin\e019f7fdf6a2d246b2b3d1ee3ab4bd29.php 第 175 行.
NOTIC: [8] Undefined index: group D:\web\new.muzhiwan.com\admin.pay.mzw.com\Apps\Runtime\Cache\Admin\e019f7fdf6a2d246b2b3d1ee3ab4bd29.php 第 175 行.
NOTIC: [8] Undefined index: user D:\web\new.muzhiwan.com\admin.pay.mzw.com\Apps\Runtime\Cache\Admin\e019f7fdf6a2d246b2b3d1ee3ab4bd29.php 第 175 行.
NOTIC: [8] Undefined index: notice D:\web\new.muzhiwan.com\admin.pay.mzw.com\Apps\Runtime\Cache\Admin\e019f7fdf6a2d246b2b3d1ee3ab4bd29.php 第 230 行.
INFO: Run Behavior\ParseTemplateBehavior [ RunTime:0.046275s ]
INFO: [ view_parse ] --END-- [ RunTime:0.046650s ]
INFO: [ view_filter ] --START--
INFO: Run Behavior\WriteHtmlCacheBehavior [ RunTime:0.001594s ]
INFO: Run Behavior\TokenBuildBehavior [ RunTime:0.002503s ]
INFO: [ view_filter ] --END-- [ RunTime:0.004478s ]
INFO: [ app_end ] --START--
INFO: Run Behavior\ShowPageTraceBehavior [ RunTime:0.001566s ]
INFO: [ app_end ] --END-- [ RunTime:0.005469s ]

[ 2015-08-27T17:50:42+08:00 ] 127.0.0.1 /Member/orderlist
INFO: [ app_init ] --START--
INFO: Run Behavior\BuildLiteBehavior [ RunTime:0.000034s ]
INFO: [ app_init ] --END-- [ RunTime:0.000691s ]
NOTIC: [8] Constant ACTION_TENPAY already defined D:\web\new.muzhiwan.com\admin.pay.mzw.com\Apps\Admin\Conf\menu.php 第 9 行.
NOTIC: [8] Use of undefined constant ACTION_UPPAY - assumed 'ACTION_UPPAY' D:\web\new.muzhiwan.com\admin.pay.mzw.com\Apps\Admin\Conf\menu.php 第 19 行.
INFO: [ app_begin ] --START--
INFO: Run Behavior\ReadHtmlCacheBehavior [ RunTime:0.001007s ]
INFO: [ app_begin ] --END-- [ RunTime:0.001153s ]
SQL: SHOW COLUMNS FROM `admin_nodes` [ RunTime:0.0052s ]
SQL: SELECT * FROM `admin_nodes` WHERE `controller` = 'Member' AND `method` = 'orderlist' LIMIT 1   [ RunTime:0.0050s ]
SQL: SHOW COLUMNS FROM `admin_group_nodes` [ RunTime:0.0044s ]
SQL: SELECT * FROM `admin_group_nodes` WHERE `group_id` = 1 AND `nodes_id` = 31 LIMIT 1   [ RunTime:0.0057s ]
SQL: SHOW COLUMNS FROM `mzw_sdk_pay_orders` [ RunTime:0.0050s ]
SQL: SELECT COUNT(*) AS tp_count FROM `mzw_sdk_pay_orders` LIMIT 1   [ RunTime:0.2103s ]
SQL: SELECT * FROM `mzw_sdk_pay_orders` ORDER BY id desc LIMIT 0,30   [ RunTime:0.0061s ]
INFO: [ view_parse ] --START--
INFO: [ template_filter ] --START--
INFO: Run Behavior\ContentReplaceBehavior [ RunTime:0.000130s ]
INFO: [ template_filter ] --END-- [ RunTime:0.000266s ]
NOTIC: [8] Undefined index: flushnodes D:\web\new.muzhiwan.com\admin.pay.mzw.com\Apps\Runtime\Cache\Admin\1e467c5956f5a6f966d55e159e16805d.php 第 175 行.
NOTIC: [8] Undefined index: group D:\web\new.muzhiwan.com\admin.pay.mzw.com\Apps\Runtime\Cache\Admin\1e467c5956f5a6f966d55e159e16805d.php 第 175 行.
NOTIC: [8] Undefined index: user D:\web\new.muzhiwan.com\admin.pay.mzw.com\Apps\Runtime\Cache\Admin\1e467c5956f5a6f966d55e159e16805d.php 第 175 行.
NOTIC: [8] Undefined index: order_no D:\web\new.muzhiwan.com\admin.pay.mzw.com\Apps\Runtime\Cache\Admin\1e467c5956f5a6f966d55e159e16805d.php 第 230 行.
NOTIC: [8] Undefined index: uid D:\web\new.muzhiwan.com\admin.pay.mzw.com\Apps\Runtime\Cache\Admin\1e467c5956f5a6f966d55e159e16805d.php 第 231 行.
NOTIC: [8] Undefined index: trade_status D:\web\new.muzhiwan.com\admin.pay.mzw.com\Apps\Runtime\Cache\Admin\1e467c5956f5a6f966d55e159e16805d.php 第 233 行.
NOTIC: [8] Undefined index: notice D:\web\new.muzhiwan.com\admin.pay.mzw.com\Apps\Runtime\Cache\Admin\1e467c5956f5a6f966d55e159e16805d.php 第 307 行.
INFO: Run Behavior\ParseTemplateBehavior [ RunTime:0.031093s ]
INFO: [ view_parse ] --END-- [ RunTime:0.031345s ]
INFO: [ view_filter ] --START--
INFO: Run Behavior\WriteHtmlCacheBehavior [ RunTime:0.001517s ]
INFO: Run Behavior\TokenBuildBehavior [ RunTime:0.003793s ]
INFO: [ view_filter ] --END-- [ RunTime:0.005572s ]
INFO: [ app_end ] --START--
INFO: Run Behavior\ShowPageTraceBehavior [ RunTime:0.001213s ]
INFO: [ app_end ] --END-- [ RunTime:0.001343s ]

[ 2015-08-27T17:56:52+08:00 ] 127.0.0.1 /Index/user
INFO: [ app_init ] --START--
INFO: Run Behavior\BuildLiteBehavior [ RunTime:0.000057s ]
INFO: [ app_init ] --END-- [ RunTime:0.001389s ]
NOTIC: [8] Constant ACTION_TENPAY already defined D:\web\new.muzhiwan.com\admin.pay.mzw.com\Apps\Admin\Conf\menu.php 第 9 行.
NOTIC: [8] Use of undefined constant ACTION_UPPAY - assumed 'ACTION_UPPAY' D:\web\new.muzhiwan.com\admin.pay.mzw.com\Apps\Admin\Conf\menu.php 第 19 行.
INFO: [ app_begin ] --START--
INFO: Run Behavior\ReadHtmlCacheBehavior [ RunTime:0.001109s ]
INFO: [ app_begin ] --END-- [ RunTime:0.001268s ]
SQL: SHOW COLUMNS FROM `admin_nodes` [ RunTime:0.0069s ]
NOTIC: [8] Undefined variable: ret D:\web\new.muzhiwan.com\admin.pay.mzw.com\Apps\Admin\Controller\AuthController.class.php 第 22 行.
SQL: SHOW COLUMNS FROM `admin_group_nodes` [ RunTime:0.0040s ]
SQL: SHOW COLUMNS FROM `admin_user` [ RunTime:0.0053s ]
SQL: SELECT * FROM `admin_user`  [ RunTime:0.0042s ]
SQL: SHOW COLUMNS FROM `admin_group` [ RunTime:0.0045s ]
SQL: SELECT * FROM `admin_group`  [ RunTime:0.0033s ]
INFO: [ view_parse ] --START--
INFO: [ template_filter ] --START--
INFO: Run Behavior\ContentReplaceBehavior [ RunTime:0.000131s ]
INFO: [ template_filter ] --END-- [ RunTime:0.000274s ]
NOTIC: [8] Undefined index: flushnodes D:\web\new.muzhiwan.com\admin.pay.mzw.com\Apps\Runtime\Cache\Admin\fbcf20f6b43d65e49bd2e04fc65c4bb3.php 第 175 行.
NOTIC: [8] Undefined index: group D:\web\new.muzhiwan.com\admin.pay.mzw.com\Apps\Runtime\Cache\Admin\fbcf20f6b43d65e49bd2e04fc65c4bb3.php 第 175 行.
NOTIC: [8] Undefined index: user D:\web\new.muzhiwan.com\admin.pay.mzw.com\Apps\Runtime\Cache\Admin\fbcf20f6b43d65e49bd2e04fc65c4bb3.php 第 175 行.
NOTIC: [8] Undefined index: last_ip D:\web\new.muzhiwan.com\admin.pay.mzw.com\Apps\Runtime\Cache\Admin\fbcf20f6b43d65e49bd2e04fc65c4bb3.php 第 250 行.
NOTIC: [8] Undefined index: last_time D:\web\new.muzhiwan.com\admin.pay.mzw.com\Apps\Runtime\Cache\Admin\fbcf20f6b43d65e49bd2e04fc65c4bb3.php 第 251 行.
NOTIC: [8] Undefined index: notice D:\web\new.muzhiwan.com\admin.pay.mzw.com\Apps\Runtime\Cache\Admin\fbcf20f6b43d65e49bd2e04fc65c4bb3.php 第 297 行.
INFO: Run Behavior\ParseTemplateBehavior [ RunTime:0.027412s ]
INFO: [ view_parse ] --END-- [ RunTime:0.027568s ]
INFO: [ view_filter ] --START--
INFO: Run Behavior\WriteHtmlCacheBehavior [ RunTime:0.000615s ]
INFO: Run Behavior\TokenBuildBehavior [ RunTime:0.001824s ]
INFO: [ view_filter ] --END-- [ RunTime:0.002624s ]
INFO: [ app_end ] --START--
INFO: Run Behavior\ShowPageTraceBehavior [ RunTime:0.001921s ]
INFO: [ app_end ] --END-- [ RunTime:0.002203s ]

[ 2015-08-27T17:56:56+08:00 ] 127.0.0.1 /User/edit_form/id/1
INFO: [ app_init ] --START--
INFO: Run Behavior\BuildLiteBehavior [ RunTime:0.000057s ]
INFO: [ app_init ] --END-- [ RunTime:0.001042s ]
NOTIC: [8] Constant ACTION_TENPAY already defined D:\web\new.muzhiwan.com\admin.pay.mzw.com\Apps\Admin\Conf\menu.php 第 9 行.
NOTIC: [8] Use of undefined constant ACTION_UPPAY - assumed 'ACTION_UPPAY' D:\web\new.muzhiwan.com\admin.pay.mzw.com\Apps\Admin\Conf\menu.php 第 19 行.
INFO: [ app_begin ] --START--
INFO: Run Behavior\ReadHtmlCacheBehavior [ RunTime:0.000889s ]
INFO: [ app_begin ] --END-- [ RunTime:0.001041s ]
SQL: SHOW COLUMNS FROM `admin_nodes` [ RunTime:0.0041s ]
SQL: SELECT * FROM `admin_nodes` WHERE `controller` = 'User' AND `method` = 'edit_form' LIMIT 1   [ RunTime:0.0040s ]
SQL: SHOW COLUMNS FROM `admin_group_nodes` [ RunTime:0.0036s ]
SQL: SELECT * FROM `admin_group_nodes` WHERE `group_id` = 1 AND `nodes_id` = 19 LIMIT 1   [ RunTime:0.0038s ]
SQL: SHOW COLUMNS FROM `admin_user` [ RunTime:0.0036s ]
SQL: SELECT * FROM `admin_user` WHERE `id` = 1 LIMIT 1   [ RunTime:0.0038s ]
SQL: SHOW COLUMNS FROM `admin_group` [ RunTime:0.0036s ]
SQL: SELECT * FROM `admin_group`  [ RunTime:0.0034s ]
INFO: [ view_parse ] --START--
INFO: [ template_filter ] --START--
INFO: Run Behavior\ContentReplaceBehavior [ RunTime:0.000126s ]
INFO: [ template_filter ] --END-- [ RunTime:0.000266s ]
NOTIC: [8] Undefined index: flushnodes D:\web\new.muzhiwan.com\admin.pay.mzw.com\Apps\Runtime\Cache\Admin\7316c11dea0f3f4fa5f3aa72e6719d96.php 第 175 行.
NOTIC: [8] Undefined index: group D:\web\new.muzhiwan.com\admin.pay.mzw.com\Apps\Runtime\Cache\Admin\7316c11dea0f3f4fa5f3aa72e6719d96.php 第 175 行.
NOTIC: [8] Undefined index: user D:\web\new.muzhiwan.com\admin.pay.mzw.com\Apps\Runtime\Cache\Admin\7316c11dea0f3f4fa5f3aa72e6719d96.php 第 175 行.
NOTIC: [8] Undefined index: notice D:\web\new.muzhiwan.com\admin.pay.mzw.com\Apps\Runtime\Cache\Admin\7316c11dea0f3f4fa5f3aa72e6719d96.php 第 326 行.
INFO: Run Behavior\ParseTemplateBehavior [ RunTime:0.032615s ]
INFO: [ view_parse ] --END-- [ RunTime:0.032751s ]
INFO: [ view_filter ] --START--
INFO: Run Behavior\WriteHtmlCacheBehavior [ RunTime:0.000645s ]
INFO: Run Behavior\TokenBuildBehavior [ RunTime:0.001899s ]
INFO: [ view_filter ] --END-- [ RunTime:0.002729s ]
INFO: [ app_end ] --START--
INFO: Run Behavior\ShowPageTraceBehavior [ RunTime:0.001049s ]
INFO: [ app_end ] --END-- [ RunTime:0.001170s ]

[ 2015-08-27T17:57:08+08:00 ] 127.0.0.1 /Index/logview
INFO: [ app_init ] --START--
INFO: Run Behavior\BuildLiteBehavior [ RunTime:0.000030s ]
INFO: [ app_init ] --END-- [ RunTime:0.000675s ]
NOTIC: [8] Constant ACTION_TENPAY already defined D:\web\new.muzhiwan.com\admin.pay.mzw.com\Apps\Admin\Conf\menu.php 第 9 行.
NOTIC: [8] Use of undefined constant ACTION_UPPAY - assumed 'ACTION_UPPAY' D:\web\new.muzhiwan.com\admin.pay.mzw.com\Apps\Admin\Conf\menu.php 第 19 行.
INFO: [ app_begin ] --START--
INFO: Run Behavior\ReadHtmlCacheBehavior [ RunTime:0.001076s ]
INFO: [ app_begin ] --END-- [ RunTime:0.001241s ]
SQL: SHOW COLUMNS FROM `admin_nodes` [ RunTime:0.0041s ]
NOTIC: [8] Undefined variable: ret D:\web\new.muzhiwan.com\admin.pay.mzw.com\Apps\Admin\Controller\AuthController.class.php 第 22 行.
SQL: SHOW COLUMNS FROM `admin_group_nodes` [ RunTime:0.0039s ]
SQL: SHOW COLUMNS FROM `admin_log` [ RunTime:0.0040s ]
SQL: SELECT COUNT(*) AS tp_count FROM `admin_log` LIMIT 1   [ RunTime:0.0037s ]
SQL: SELECT * FROM `admin_log` ORDER BY id desc LIMIT 0,50   [ RunTime:0.0057s ]
SQL: SHOW COLUMNS FROM `admin_user` [ RunTime:0.0047s ]
SQL: SELECT * FROM `admin_user`  [ RunTime:0.0035s ]
INFO: [ view_parse ] --START--
INFO: [ template_filter ] --START--
INFO: Run Behavior\ContentReplaceBehavior [ RunTime:0.000200s ]
INFO: [ template_filter ] --END-- [ RunTime:0.000536s ]
NOTIC: [8] Undefined index: flushnodes D:\web\new.muzhiwan.com\admin.pay.mzw.com\Apps\Runtime\Cache\Admin\a2845d8a8964276fe1ff0db12e0aa9bc.php 第 175 行.
NOTIC: [8] Undefined index: group D:\web\new.muzhiwan.com\admin.pay.mzw.com\Apps\Runtime\Cache\Admin\a2845d8a8964276fe1ff0db12e0aa9bc.php 第 175 行.
NOTIC: [8] Undefined index: user D:\web\new.muzhiwan.com\admin.pay.mzw.com\Apps\Runtime\Cache\Admin\a2845d8a8964276fe1ff0db12e0aa9bc.php 第 175 行.
NOTIC: [8] Undefined index: notice D:\web\new.muzhiwan.com\admin.pay.mzw.com\Apps\Runtime\Cache\Admin\a2845d8a8964276fe1ff0db12e0aa9bc.php 第 284 行.
INFO: Run Behavior\ParseTemplateBehavior [ RunTime:0.032922s ]
INFO: [ view_parse ] --END-- [ RunTime:0.033071s ]
INFO: [ view_filter ] --START--
INFO: Run Behavior\WriteHtmlCacheBehavior [ RunTime:0.000820s ]
INFO: Run Behavior\TokenBuildBehavior [ RunTime:0.003997s ]
INFO: [ view_filter ] --END-- [ RunTime:0.005092s ]
INFO: [ app_end ] --START--
INFO: Run Behavior\ShowPageTraceBehavior [ RunTime:0.001830s ]
INFO: [ app_end ] --END-- [ RunTime:0.002051s ]

