[ 2015-08-28T14:50:56+08:00 ] 127.0.0.1 /
INFO: [ app_init ] --START--
INFO: Run Behavior\BuildLiteBehavior [ RunTime:0.000036s ]
INFO: [ app_init ] --END-- [ RunTime:0.005063s ]
NOTIC: [8] Constant ACTION_TENPAY already defined D:\web\new.muzhiwan.com\admin.pay.mzw.com\Apps\Admin\Conf\menu.php 第 9 行.
NOTIC: [8] Use of undefined constant ACTION_UPPAY - assumed 'ACTION_UPPAY' D:\web\new.muzhiwan.com\admin.pay.mzw.com\Apps\Admin\Conf\menu.php 第 19 行.
INFO: [ app_begin ] --START--
INFO: Run Behavior\ReadHtmlCacheBehavior [ RunTime:0.001341s ]
INFO: [ app_begin ] --END-- [ RunTime:0.001503s ]

[ 2015-08-28T14:50:56+08:00 ] 127.0.0.1 /Login
INFO: [ app_init ] --START--
INFO: Run Behavior\BuildLiteBehavior [ RunTime:0.000051s ]
INFO: [ app_init ] --END-- [ RunTime:0.001068s ]
NOTIC: [8] Constant ACTION_TENPAY already defined D:\web\new.muzhiwan.com\admin.pay.mzw.com\Apps\Admin\Conf\menu.php 第 9 行.
NOTIC: [8] Use of undefined constant ACTION_UPPAY - assumed 'ACTION_UPPAY' D:\web\new.muzhiwan.com\admin.pay.mzw.com\Apps\Admin\Conf\menu.php 第 19 行.
INFO: [ app_begin ] --START--
INFO: Run Behavior\ReadHtmlCacheBehavior [ RunTime:0.002276s ]
INFO: [ app_begin ] --END-- [ RunTime:0.002800s ]
NOTIC: [8] Undefined index: HTTP_REFERER D:\web\new.muzhiwan.com\admin.pay.mzw.com\Apps\Admin\Controller\LoginController.class.php 第 19 行.
INFO: [ view_parse ] --START--
INFO: [ template_filter ] --START--
INFO: Run Behavior\ContentReplaceBehavior [ RunTime:0.000208s ]
INFO: [ template_filter ] --END-- [ RunTime:0.000470s ]
INFO: Run Behavior\ParseTemplateBehavior [ RunTime:0.113502s ]
INFO: [ view_parse ] --END-- [ RunTime:0.113818s ]
INFO: [ view_filter ] --START--
INFO: Run Behavior\WriteHtmlCacheBehavior [ RunTime:0.039345s ]
INFO: Run Behavior\TokenBuildBehavior [ RunTime:0.009947s ]
INFO: [ view_filter ] --END-- [ RunTime:0.049658s ]
INFO: [ app_end ] --START--
INFO: Run Behavior\ShowPageTraceBehavior [ RunTime:0.035212s ]
INFO: [ app_end ] --END-- [ RunTime:0.035439s ]

[ 2015-08-28T14:50:57+08:00 ] 127.0.0.1 /login/verify?_t=1440744656
INFO: [ app_init ] --START--
INFO: Run Behavior\BuildLiteBehavior [ RunTime:0.000051s ]
INFO: [ app_init ] --END-- [ RunTime:0.001007s ]
NOTIC: [8] Constant ACTION_TENPAY already defined D:\web\new.muzhiwan.com\admin.pay.mzw.com\Apps\Admin\Conf\menu.php 第 9 行.
NOTIC: [8] Use of undefined constant ACTION_UPPAY - assumed 'ACTION_UPPAY' D:\web\new.muzhiwan.com\admin.pay.mzw.com\Apps\Admin\Conf\menu.php 第 19 行.
INFO: [ app_begin ] --START--
INFO: Run Behavior\ReadHtmlCacheBehavior [ RunTime:0.001288s ]
INFO: [ app_begin ] --END-- [ RunTime:0.001523s ]
INFO: [ app_end ] --START--
INFO: Run Behavior\ShowPageTraceBehavior [ RunTime:0.001950s ]
INFO: [ app_end ] --END-- [ RunTime:0.002199s ]

[ 2015-08-28T14:50:58+08:00 ] 127.0.0.1 /favicon.ico
INFO: [ app_init ] --START--
INFO: Run Behavior\BuildLiteBehavior [ RunTime:0.000033s ]
INFO: [ app_init ] --END-- [ RunTime:0.000678s ]
NOTIC: [8] Constant ACTION_TENPAY already defined D:\web\new.muzhiwan.com\admin.pay.mzw.com\Apps\Admin\Conf\menu.php 第 9 行.
NOTIC: [8] Use of undefined constant ACTION_UPPAY - assumed 'ACTION_UPPAY' D:\web\new.muzhiwan.com\admin.pay.mzw.com\Apps\Admin\Conf\menu.php 第 19 行.

[ 2015-08-28T14:50:58+08:00 ] 127.0.0.1 /favicon.ico
INFO: [ app_init ] --START--
INFO: Run Behavior\BuildLiteBehavior [ RunTime:0.000033s ]
INFO: [ app_init ] --END-- [ RunTime:0.000637s ]
NOTIC: [8] Constant ACTION_TENPAY already defined D:\web\new.muzhiwan.com\admin.pay.mzw.com\Apps\Admin\Conf\menu.php 第 9 行.
NOTIC: [8] Use of undefined constant ACTION_UPPAY - assumed 'ACTION_UPPAY' D:\web\new.muzhiwan.com\admin.pay.mzw.com\Apps\Admin\Conf\menu.php 第 19 行.

[ 2015-08-28T14:51:02+08:00 ] 127.0.0.1 /Login/auth
INFO: [ app_init ] --START--
INFO: Run Behavior\BuildLiteBehavior [ RunTime:0.000036s ]
INFO: [ app_init ] --END-- [ RunTime:0.000947s ]
NOTIC: [8] Constant ACTION_TENPAY already defined D:\web\new.muzhiwan.com\admin.pay.mzw.com\Apps\Admin\Conf\menu.php 第 9 行.
NOTIC: [8] Use of undefined constant ACTION_UPPAY - assumed 'ACTION_UPPAY' D:\web\new.muzhiwan.com\admin.pay.mzw.com\Apps\Admin\Conf\menu.php 第 19 行.
INFO: [ app_begin ] --START--
INFO: Run Behavior\ReadHtmlCacheBehavior [ RunTime:0.001326s ]
INFO: [ app_begin ] --END-- [ RunTime:0.001542s ]
SQL: SHOW COLUMNS FROM `admin_user` [ RunTime:0.0044s ]
SQL: SELECT * FROM `admin_user` WHERE `username` = 'admn' AND `password` = 'cf287cb3c51486f44b30169785f16d37' LIMIT 1   [ RunTime:0.0038s ]

[ 2015-08-28T14:51:12+08:00 ] 127.0.0.1 /Login/auth
INFO: [ app_init ] --START--
INFO: Run Behavior\BuildLiteBehavior [ RunTime:0.000050s ]
INFO: [ app_init ] --END-- [ RunTime:0.001164s ]
NOTIC: [8] Constant ACTION_TENPAY already defined D:\web\new.muzhiwan.com\admin.pay.mzw.com\Apps\Admin\Conf\menu.php 第 9 行.
NOTIC: [8] Use of undefined constant ACTION_UPPAY - assumed 'ACTION_UPPAY' D:\web\new.muzhiwan.com\admin.pay.mzw.com\Apps\Admin\Conf\menu.php 第 19 行.
INFO: [ app_begin ] --START--
INFO: Run Behavior\ReadHtmlCacheBehavior [ RunTime:0.002120s ]
INFO: [ app_begin ] --END-- [ RunTime:0.002361s ]

[ 2015-08-28T14:51:13+08:00 ] 127.0.0.1 /login/verify?_t=0.5716642330972552
INFO: [ app_init ] --START--
INFO: Run Behavior\BuildLiteBehavior [ RunTime:0.000035s ]
INFO: [ app_init ] --END-- [ RunTime:0.001947s ]
NOTIC: [8] Constant ACTION_TENPAY already defined D:\web\new.muzhiwan.com\admin.pay.mzw.com\Apps\Admin\Conf\menu.php 第 9 行.
NOTIC: [8] Use of undefined constant ACTION_UPPAY - assumed 'ACTION_UPPAY' D:\web\new.muzhiwan.com\admin.pay.mzw.com\Apps\Admin\Conf\menu.php 第 19 行.
INFO: [ app_begin ] --START--
INFO: Run Behavior\ReadHtmlCacheBehavior [ RunTime:0.000871s ]
INFO: [ app_begin ] --END-- [ RunTime:0.001023s ]
INFO: [ app_end ] --START--
INFO: Run Behavior\ShowPageTraceBehavior [ RunTime:0.001224s ]
INFO: [ app_end ] --END-- [ RunTime:0.001381s ]

[ 2015-08-28T14:51:20+08:00 ] 127.0.0.1 /Login/auth
INFO: [ app_init ] --START--
INFO: Run Behavior\BuildLiteBehavior [ RunTime:0.000033s ]
INFO: [ app_init ] --END-- [ RunTime:0.000730s ]
NOTIC: [8] Constant ACTION_TENPAY already defined D:\web\new.muzhiwan.com\admin.pay.mzw.com\Apps\Admin\Conf\menu.php 第 9 行.
NOTIC: [8] Use of undefined constant ACTION_UPPAY - assumed 'ACTION_UPPAY' D:\web\new.muzhiwan.com\admin.pay.mzw.com\Apps\Admin\Conf\menu.php 第 19 行.
INFO: [ app_begin ] --START--
INFO: Run Behavior\ReadHtmlCacheBehavior [ RunTime:0.000874s ]
INFO: [ app_begin ] --END-- [ RunTime:0.001013s ]
SQL: SHOW COLUMNS FROM `admin_user` [ RunTime:0.0044s ]
SQL: SELECT * FROM `admin_user` WHERE `username` = 'admn' AND `password` = 'cf287cb3c51486f44b30169785f16d37' LIMIT 1   [ RunTime:0.0035s ]

[ 2015-08-28T14:51:26+08:00 ] 127.0.0.1 /login/verify?_t=0.777514106827429
INFO: [ app_init ] --START--
INFO: Run Behavior\BuildLiteBehavior [ RunTime:0.000032s ]
INFO: [ app_init ] --END-- [ RunTime:0.000660s ]
NOTIC: [8] Constant ACTION_TENPAY already defined D:\web\new.muzhiwan.com\admin.pay.mzw.com\Apps\Admin\Conf\menu.php 第 9 行.
NOTIC: [8] Use of undefined constant ACTION_UPPAY - assumed 'ACTION_UPPAY' D:\web\new.muzhiwan.com\admin.pay.mzw.com\Apps\Admin\Conf\menu.php 第 19 行.
INFO: [ app_begin ] --START--
INFO: Run Behavior\ReadHtmlCacheBehavior [ RunTime:0.000960s ]
INFO: [ app_begin ] --END-- [ RunTime:0.001107s ]
INFO: [ app_end ] --START--
INFO: Run Behavior\ShowPageTraceBehavior [ RunTime:0.001256s ]
INFO: [ app_end ] --END-- [ RunTime:0.001481s ]

[ 2015-08-28T14:51:32+08:00 ] 127.0.0.1 /Login/auth
INFO: [ app_init ] --START--
INFO: Run Behavior\BuildLiteBehavior [ RunTime:0.000032s ]
INFO: [ app_init ] --END-- [ RunTime:0.000643s ]
NOTIC: [8] Constant ACTION_TENPAY already defined D:\web\new.muzhiwan.com\admin.pay.mzw.com\Apps\Admin\Conf\menu.php 第 9 行.
NOTIC: [8] Use of undefined constant ACTION_UPPAY - assumed 'ACTION_UPPAY' D:\web\new.muzhiwan.com\admin.pay.mzw.com\Apps\Admin\Conf\menu.php 第 19 行.
INFO: [ app_begin ] --START--
INFO: Run Behavior\ReadHtmlCacheBehavior [ RunTime:0.000848s ]
INFO: [ app_begin ] --END-- [ RunTime:0.000974s ]
SQL: SHOW COLUMNS FROM `admin_user` [ RunTime:0.0053s ]
SQL: SELECT * FROM `admin_user` WHERE `username` = 'admn' AND `password` = 'cf287cb3c51486f44b30169785f16d37' LIMIT 1   [ RunTime:0.0041s ]

[ 2015-08-28T14:51:40+08:00 ] 127.0.0.1 /login/verify?_t=0.8459855838087351
INFO: [ app_init ] --START--
INFO: Run Behavior\BuildLiteBehavior [ RunTime:0.000032s ]
INFO: [ app_init ] --END-- [ RunTime:0.000688s ]
NOTIC: [8] Constant ACTION_TENPAY already defined D:\web\new.muzhiwan.com\admin.pay.mzw.com\Apps\Admin\Conf\menu.php 第 9 行.
NOTIC: [8] Use of undefined constant ACTION_UPPAY - assumed 'ACTION_UPPAY' D:\web\new.muzhiwan.com\admin.pay.mzw.com\Apps\Admin\Conf\menu.php 第 19 行.
INFO: [ app_begin ] --START--
INFO: Run Behavior\ReadHtmlCacheBehavior [ RunTime:0.000865s ]
INFO: [ app_begin ] --END-- [ RunTime:0.001006s ]
INFO: [ app_end ] --START--
INFO: Run Behavior\ShowPageTraceBehavior [ RunTime:0.001688s ]
INFO: [ app_end ] --END-- [ RunTime:0.001888s ]

[ 2015-08-28T14:51:45+08:00 ] 127.0.0.1 /Login/auth
INFO: [ app_init ] --START--
INFO: Run Behavior\BuildLiteBehavior [ RunTime:0.000034s ]
INFO: [ app_init ] --END-- [ RunTime:0.000679s ]
NOTIC: [8] Constant ACTION_TENPAY already defined D:\web\new.muzhiwan.com\admin.pay.mzw.com\Apps\Admin\Conf\menu.php 第 9 行.
NOTIC: [8] Use of undefined constant ACTION_UPPAY - assumed 'ACTION_UPPAY' D:\web\new.muzhiwan.com\admin.pay.mzw.com\Apps\Admin\Conf\menu.php 第 19 行.
INFO: [ app_begin ] --START--
INFO: Run Behavior\ReadHtmlCacheBehavior [ RunTime:0.000881s ]
INFO: [ app_begin ] --END-- [ RunTime:0.001009s ]
SQL: SHOW COLUMNS FROM `admin_user` [ RunTime:0.0047s ]
SQL: SELECT * FROM `admin_user` WHERE `username` = 'admin' AND `password` = 'cf287cb3c51486f44b30169785f16d37' LIMIT 1   [ RunTime:0.0040s ]
SQL: SHOW COLUMNS FROM `admin_group_nodes` [ RunTime:0.0039s ]
SQL: SELECT * FROM `admin_group_nodes` WHERE `group_id` = 1  [ RunTime:0.0043s ]
SQL: SHOW COLUMNS FROM `admin_nodes` [ RunTime:0.0055s ]
SQL: SELECT * FROM `admin_nodes`  [ RunTime:0.0049s ]
SQL: SHOW COLUMNS FROM `admin_log` [ RunTime:0.0051s ]
SQL: INSERT INTO `admin_log` (`uid`,`ip`,`createtime`,`request_uri`,`c`,`m`) VALUES ('1','127.0.0.1','1440744705','/Login/auth','login','auth') [ RunTime:0.0563s ]

[ 2015-08-28T14:51:46+08:00 ] 127.0.0.1 /
INFO: [ app_init ] --START--
INFO: Run Behavior\BuildLiteBehavior [ RunTime:0.000035s ]
INFO: [ app_init ] --END-- [ RunTime:0.000879s ]
NOTIC: [8] Constant ACTION_TENPAY already defined D:\web\new.muzhiwan.com\admin.pay.mzw.com\Apps\Admin\Conf\menu.php 第 9 行.
NOTIC: [8] Use of undefined constant ACTION_UPPAY - assumed 'ACTION_UPPAY' D:\web\new.muzhiwan.com\admin.pay.mzw.com\Apps\Admin\Conf\menu.php 第 19 行.
INFO: [ app_begin ] --START--
INFO: Run Behavior\ReadHtmlCacheBehavior [ RunTime:0.001699s ]
INFO: [ app_begin ] --END-- [ RunTime:0.002058s ]
SQL: SHOW COLUMNS FROM `admin_nodes` [ RunTime:0.0054s ]
NOTIC: [8] Undefined variable: ret D:\web\new.muzhiwan.com\admin.pay.mzw.com\Apps\Admin\Controller\AuthController.class.php 第 22 行.
SQL: SHOW COLUMNS FROM `admin_group_nodes` [ RunTime:0.0040s ]
INFO: [ view_parse ] --START--
INFO: [ template_filter ] --START--
INFO: Run Behavior\ContentReplaceBehavior [ RunTime:0.000106s ]
INFO: [ template_filter ] --END-- [ RunTime:0.000248s ]
NOTIC: [8] Undefined index: flushnodes D:\web\new.muzhiwan.com\admin.pay.mzw.com\Apps\Runtime\Cache\Admin\e019f7fdf6a2d246b2b3d1ee3ab4bd29.php 第 175 行.
NOTIC: [8] Undefined index: group D:\web\new.muzhiwan.com\admin.pay.mzw.com\Apps\Runtime\Cache\Admin\e019f7fdf6a2d246b2b3d1ee3ab4bd29.php 第 175 行.
NOTIC: [8] Undefined index: user D:\web\new.muzhiwan.com\admin.pay.mzw.com\Apps\Runtime\Cache\Admin\e019f7fdf6a2d246b2b3d1ee3ab4bd29.php 第 175 行.
NOTIC: [8] Undefined index: notice D:\web\new.muzhiwan.com\admin.pay.mzw.com\Apps\Runtime\Cache\Admin\e019f7fdf6a2d246b2b3d1ee3ab4bd29.php 第 230 行.
INFO: Run Behavior\ParseTemplateBehavior [ RunTime:0.024932s ]
INFO: [ view_parse ] --END-- [ RunTime:0.025142s ]
INFO: [ view_filter ] --START--
INFO: Run Behavior\WriteHtmlCacheBehavior [ RunTime:0.001406s ]
INFO: Run Behavior\TokenBuildBehavior [ RunTime:0.002246s ]
INFO: [ view_filter ] --END-- [ RunTime:0.003914s ]
INFO: [ app_end ] --START--
INFO: Run Behavior\ShowPageTraceBehavior [ RunTime:0.001345s ]
INFO: [ app_end ] --END-- [ RunTime:0.001497s ]

[ 2015-08-28T14:51:49+08:00 ] 127.0.0.1 /Index/group
INFO: [ app_init ] --START--
INFO: Run Behavior\BuildLiteBehavior [ RunTime:0.000031s ]
INFO: [ app_init ] --END-- [ RunTime:0.000662s ]
NOTIC: [8] Constant ACTION_TENPAY already defined D:\web\new.muzhiwan.com\admin.pay.mzw.com\Apps\Admin\Conf\menu.php 第 9 行.
NOTIC: [8] Use of undefined constant ACTION_UPPAY - assumed 'ACTION_UPPAY' D:\web\new.muzhiwan.com\admin.pay.mzw.com\Apps\Admin\Conf\menu.php 第 19 行.
INFO: [ app_begin ] --START--
INFO: Run Behavior\ReadHtmlCacheBehavior [ RunTime:0.000932s ]
INFO: [ app_begin ] --END-- [ RunTime:0.001080s ]
SQL: SHOW COLUMNS FROM `admin_nodes` [ RunTime:0.0041s ]
NOTIC: [8] Undefined variable: ret D:\web\new.muzhiwan.com\admin.pay.mzw.com\Apps\Admin\Controller\AuthController.class.php 第 22 行.
SQL: SHOW COLUMNS FROM `admin_group_nodes` [ RunTime:0.0040s ]
SQL: SHOW COLUMNS FROM `admin_group` [ RunTime:0.0039s ]
SQL: SELECT * FROM `admin_group`  [ RunTime:0.0052s ]
INFO: [ view_parse ] --START--
INFO: [ template_filter ] --START--
INFO: Run Behavior\ContentReplaceBehavior [ RunTime:0.000167s ]
INFO: [ template_filter ] --END-- [ RunTime:0.000396s ]
NOTIC: [8] Undefined index: flushnodes D:\web\new.muzhiwan.com\admin.pay.mzw.com\Apps\Runtime\Cache\Admin\86f5825378fddd629c50e05431efd859.php 第 175 行.
NOTIC: [8] Undefined index: group D:\web\new.muzhiwan.com\admin.pay.mzw.com\Apps\Runtime\Cache\Admin\86f5825378fddd629c50e05431efd859.php 第 175 行.
NOTIC: [8] Undefined index: user D:\web\new.muzhiwan.com\admin.pay.mzw.com\Apps\Runtime\Cache\Admin\86f5825378fddd629c50e05431efd859.php 第 175 行.
NOTIC: [8] Undefined index: notice D:\web\new.muzhiwan.com\admin.pay.mzw.com\Apps\Runtime\Cache\Admin\86f5825378fddd629c50e05431efd859.php 第 294 行.
INFO: Run Behavior\ParseTemplateBehavior [ RunTime:0.029573s ]
INFO: [ view_parse ] --END-- [ RunTime:0.030816s ]
INFO: [ view_filter ] --START--
INFO: Run Behavior\WriteHtmlCacheBehavior [ RunTime:0.001562s ]
INFO: Run Behavior\TokenBuildBehavior [ RunTime:0.002603s ]
INFO: [ view_filter ] --END-- [ RunTime:0.004543s ]
INFO: [ app_end ] --START--
INFO: Run Behavior\ShowPageTraceBehavior [ RunTime:0.002189s ]
INFO: [ app_end ] --END-- [ RunTime:0.002460s ]

[ 2015-08-28T16:31:12+08:00 ] 127.0.0.1 /Index/user
INFO: [ app_init ] --START--
INFO: Run Behavior\BuildLiteBehavior [ RunTime:0.000040s ]
INFO: [ app_init ] --END-- [ RunTime:0.001184s ]
NOTIC: [8] Constant ACTION_TENPAY already defined D:\web\new.muzhiwan.com\admin.pay.mzw.com\Apps\Admin\Conf\menu.php 第 9 行.
NOTIC: [8] Use of undefined constant ACTION_UPPAY - assumed 'ACTION_UPPAY' D:\web\new.muzhiwan.com\admin.pay.mzw.com\Apps\Admin\Conf\menu.php 第 19 行.
INFO: [ app_begin ] --START--
INFO: Run Behavior\ReadHtmlCacheBehavior [ RunTime:0.001126s ]
INFO: [ app_begin ] --END-- [ RunTime:0.001286s ]
SQL: SHOW COLUMNS FROM `admin_nodes` [ RunTime:0.0050s ]
NOTIC: [8] Undefined variable: ret D:\web\new.muzhiwan.com\admin.pay.mzw.com\Apps\Admin\Controller\AuthController.class.php 第 22 行.
SQL: SHOW COLUMNS FROM `admin_group_nodes` [ RunTime:0.0077s ]
SQL: SHOW COLUMNS FROM `admin_user` [ RunTime:0.0062s ]
SQL: SELECT * FROM `admin_user`  [ RunTime:0.0069s ]
SQL: SHOW COLUMNS FROM `admin_group` [ RunTime:0.0040s ]
SQL: SELECT * FROM `admin_group`  [ RunTime:0.0033s ]
INFO: [ view_parse ] --START--
INFO: [ template_filter ] --START--
INFO: Run Behavior\ContentReplaceBehavior [ RunTime:0.000129s ]
INFO: [ template_filter ] --END-- [ RunTime:0.000313s ]
NOTIC: [8] Undefined index: flushnodes D:\web\new.muzhiwan.com\admin.pay.mzw.com\Apps\Runtime\Cache\Admin\fbcf20f6b43d65e49bd2e04fc65c4bb3.php 第 175 行.
NOTIC: [8] Undefined index: group D:\web\new.muzhiwan.com\admin.pay.mzw.com\Apps\Runtime\Cache\Admin\fbcf20f6b43d65e49bd2e04fc65c4bb3.php 第 175 行.
NOTIC: [8] Undefined index: user D:\web\new.muzhiwan.com\admin.pay.mzw.com\Apps\Runtime\Cache\Admin\fbcf20f6b43d65e49bd2e04fc65c4bb3.php 第 175 行.
NOTIC: [8] Undefined index: last_ip D:\web\new.muzhiwan.com\admin.pay.mzw.com\Apps\Runtime\Cache\Admin\fbcf20f6b43d65e49bd2e04fc65c4bb3.php 第 250 行.
NOTIC: [8] Undefined index: last_time D:\web\new.muzhiwan.com\admin.pay.mzw.com\Apps\Runtime\Cache\Admin\fbcf20f6b43d65e49bd2e04fc65c4bb3.php 第 251 行.
NOTIC: [8] Undefined index: notice D:\web\new.muzhiwan.com\admin.pay.mzw.com\Apps\Runtime\Cache\Admin\fbcf20f6b43d65e49bd2e04fc65c4bb3.php 第 297 行.
INFO: Run Behavior\ParseTemplateBehavior [ RunTime:0.031298s ]
INFO: [ view_parse ] --END-- [ RunTime:0.031436s ]
INFO: [ view_filter ] --START--
INFO: Run Behavior\WriteHtmlCacheBehavior [ RunTime:0.000814s ]
INFO: Run Behavior\TokenBuildBehavior [ RunTime:0.001758s ]
INFO: [ view_filter ] --END-- [ RunTime:0.002808s ]
INFO: [ app_end ] --START--
INFO: Run Behavior\ShowPageTraceBehavior [ RunTime:0.001129s ]
INFO: [ app_end ] --END-- [ RunTime:0.001258s ]

[ 2015-08-28T16:31:16+08:00 ] 127.0.0.1 /Member/orderlist
INFO: [ app_init ] --START--
INFO: Run Behavior\BuildLiteBehavior [ RunTime:0.000033s ]
INFO: [ app_init ] --END-- [ RunTime:0.000670s ]
NOTIC: [8] Constant ACTION_TENPAY already defined D:\web\new.muzhiwan.com\admin.pay.mzw.com\Apps\Admin\Conf\menu.php 第 9 行.
NOTIC: [8] Use of undefined constant ACTION_UPPAY - assumed 'ACTION_UPPAY' D:\web\new.muzhiwan.com\admin.pay.mzw.com\Apps\Admin\Conf\menu.php 第 19 行.
INFO: [ app_begin ] --START--
INFO: Run Behavior\ReadHtmlCacheBehavior [ RunTime:0.000904s ]
INFO: [ app_begin ] --END-- [ RunTime:0.001074s ]
SQL: SHOW COLUMNS FROM `admin_nodes` [ RunTime:0.0047s ]
SQL: SELECT * FROM `admin_nodes` WHERE `controller` = 'Member' AND `method` = 'orderlist' LIMIT 1   [ RunTime:0.0043s ]
SQL: SHOW COLUMNS FROM `admin_group_nodes` [ RunTime:0.0053s ]
SQL: SELECT * FROM `admin_group_nodes` WHERE `group_id` = 1 AND `nodes_id` = 31 LIMIT 1   [ RunTime:0.0055s ]
SQL: SHOW COLUMNS FROM `mzw_sdk_pay_orders` [ RunTime:0.0059s ]
SQL: SELECT COUNT(*) AS tp_count FROM `mzw_sdk_pay_orders` LIMIT 1   [ RunTime:0.2355s ]
SQL: SELECT * FROM `mzw_sdk_pay_orders` ORDER BY id desc LIMIT 0,30   [ RunTime:0.0063s ]
INFO: [ view_parse ] --START--
INFO: [ template_filter ] --START--
INFO: Run Behavior\ContentReplaceBehavior [ RunTime:0.000143s ]
INFO: [ template_filter ] --END-- [ RunTime:0.000294s ]
NOTIC: [8] Undefined index: flushnodes D:\web\new.muzhiwan.com\admin.pay.mzw.com\Apps\Runtime\Cache\Admin\1e467c5956f5a6f966d55e159e16805d.php 第 175 行.
NOTIC: [8] Undefined index: group D:\web\new.muzhiwan.com\admin.pay.mzw.com\Apps\Runtime\Cache\Admin\1e467c5956f5a6f966d55e159e16805d.php 第 175 行.
NOTIC: [8] Undefined index: user D:\web\new.muzhiwan.com\admin.pay.mzw.com\Apps\Runtime\Cache\Admin\1e467c5956f5a6f966d55e159e16805d.php 第 175 行.
NOTIC: [8] Undefined index: order_no D:\web\new.muzhiwan.com\admin.pay.mzw.com\Apps\Runtime\Cache\Admin\1e467c5956f5a6f966d55e159e16805d.php 第 230 行.
NOTIC: [8] Undefined index: uid D:\web\new.muzhiwan.com\admin.pay.mzw.com\Apps\Runtime\Cache\Admin\1e467c5956f5a6f966d55e159e16805d.php 第 231 行.
NOTIC: [8] Undefined index: trade_status D:\web\new.muzhiwan.com\admin.pay.mzw.com\Apps\Runtime\Cache\Admin\1e467c5956f5a6f966d55e159e16805d.php 第 233 行.
NOTIC: [8] Undefined index: notice D:\web\new.muzhiwan.com\admin.pay.mzw.com\Apps\Runtime\Cache\Admin\1e467c5956f5a6f966d55e159e16805d.php 第 307 行.
INFO: Run Behavior\ParseTemplateBehavior [ RunTime:0.030233s ]
INFO: [ view_parse ] --END-- [ RunTime:0.030406s ]
INFO: [ view_filter ] --START--
INFO: Run Behavior\WriteHtmlCacheBehavior [ RunTime:0.000547s ]
INFO: Run Behavior\TokenBuildBehavior [ RunTime:0.005092s ]
INFO: [ view_filter ] --END-- [ RunTime:0.005961s ]
INFO: [ app_end ] --START--
INFO: Run Behavior\ShowPageTraceBehavior [ RunTime:0.002119s ]
INFO: [ app_end ] --END-- [ RunTime:0.002367s ]

