[ 2015-08-20T14:14:59+08:00 ] 127.0.0.1 /
INFO: [ app_init ] --START--
INFO: Run Behavior\BuildLiteBehavior [ RunTime:0.000042s ]
INFO: [ app_init ] --END-- [ RunTime:0.002712s ]
INFO: [ app_begin ] --START--
INFO: Run Behavior\ReadHtmlCacheBehavior [ RunTime:0.001577s ]
INFO: [ app_begin ] --END-- [ RunTime:0.001752s ]

[ 2015-08-20T14:14:59+08:00 ] 127.0.0.1 /Login
INFO: [ app_init ] --START--
INFO: Run Behavior\BuildLiteBehavior [ RunTime:0.000051s ]
INFO: [ app_init ] --END-- [ RunTime:0.000984s ]
INFO: [ app_begin ] --START--
INFO: Run Behavior\ReadHtmlCacheBehavior [ RunTime:0.001219s ]
INFO: [ app_begin ] --END-- [ RunTime:0.001459s ]
NOTIC: [8] Undefined index: HTTP_REFERER D:\web\new.muzhiwan.com\admin.pay.mzw.com\Apps\Admin\Controller\LoginController.class.php 第 19 行.
INFO: [ view_parse ] --START--
INFO: [ template_filter ] --START--
INFO: Run Behavior\ContentReplaceBehavior [ RunTime:0.000152s ]
INFO: [ template_filter ] --END-- [ RunTime:0.000362s ]
INFO: Run Behavior\ParseTemplateBehavior [ RunTime:0.025392s ]
INFO: [ view_parse ] --END-- [ RunTime:0.025672s ]
INFO: [ view_filter ] --START--
INFO: Run Behavior\WriteHtmlCacheBehavior [ RunTime:0.001501s ]
INFO: Run Behavior\TokenBuildBehavior [ RunTime:0.002794s ]
INFO: [ view_filter ] --END-- [ RunTime:0.004705s ]
INFO: [ app_end ] --START--
INFO: Run Behavior\ShowPageTraceBehavior [ RunTime:0.002810s ]
INFO: [ app_end ] --END-- [ RunTime:0.003082s ]

[ 2015-08-20T14:15:00+08:00 ] 127.0.0.1 /login/verify?_t=1440051299
INFO: [ app_init ] --START--
INFO: Run Behavior\BuildLiteBehavior [ RunTime:0.000051s ]
INFO: [ app_init ] --END-- [ RunTime:0.001061s ]
INFO: [ app_begin ] --START--
INFO: Run Behavior\ReadHtmlCacheBehavior [ RunTime:0.002307s ]
INFO: [ app_begin ] --END-- [ RunTime:0.002661s ]
INFO: [ app_end ] --START--
INFO: Run Behavior\ShowPageTraceBehavior [ RunTime:0.001216s ]
INFO: [ app_end ] --END-- [ RunTime:0.001374s ]

[ 2015-08-20T14:15:01+08:00 ] 127.0.0.1 /favicon.ico
INFO: [ app_init ] --START--
INFO: Run Behavior\BuildLiteBehavior [ RunTime:0.000035s ]
INFO: [ app_init ] --END-- [ RunTime:0.000973s ]

[ 2015-08-20T14:15:01+08:00 ] 127.0.0.1 /favicon.ico
INFO: [ app_init ] --START--
INFO: Run Behavior\BuildLiteBehavior [ RunTime:0.000031s ]
INFO: [ app_init ] --END-- [ RunTime:0.000655s ]

[ 2015-08-20T14:15:05+08:00 ] 127.0.0.1 /Login/auth
INFO: [ app_init ] --START--
INFO: Run Behavior\BuildLiteBehavior [ RunTime:0.000033s ]
INFO: [ app_init ] --END-- [ RunTime:0.000650s ]
INFO: [ app_begin ] --START--
INFO: Run Behavior\ReadHtmlCacheBehavior [ RunTime:0.001636s ]
INFO: [ app_begin ] --END-- [ RunTime:0.001842s ]
SQL: SHOW COLUMNS FROM `admin_user` [ RunTime:0.0052s ]
SQL: SELECT * FROM `admin_user` WHERE `username` = 'admin' AND `password` = 'cf287cb3c51486f44b30169785f16d37' LIMIT 1   [ RunTime:0.0046s ]
SQL: SHOW COLUMNS FROM `admin_group_nodes` [ RunTime:0.0038s ]
SQL: SELECT * FROM `admin_group_nodes` WHERE `group_id` = 1  [ RunTime:0.0045s ]
SQL: SHOW COLUMNS FROM `admin_nodes` [ RunTime:0.0045s ]
SQL: SELECT * FROM `admin_nodes`  [ RunTime:0.0050s ]
SQL: SHOW COLUMNS FROM `admin_log` [ RunTime:0.0038s ]
SQL: INSERT INTO `admin_log` (`uid`,`ip`,`createtime`,`request_uri`,`c`,`m`) VALUES ('1','127.0.0.1','1440051305','/Login/auth','login','auth') [ RunTime:0.0548s ]

[ 2015-08-20T14:15:06+08:00 ] 127.0.0.1 /
INFO: [ app_init ] --START--
INFO: Run Behavior\BuildLiteBehavior [ RunTime:0.000083s ]
INFO: [ app_init ] --END-- [ RunTime:0.001348s ]
INFO: [ app_begin ] --START--
INFO: Run Behavior\ReadHtmlCacheBehavior [ RunTime:0.001330s ]
INFO: [ app_begin ] --END-- [ RunTime:0.001583s ]
SQL: SHOW COLUMNS FROM `admin_nodes` [ RunTime:0.0044s ]
NOTIC: [8] Undefined variable: ret D:\web\new.muzhiwan.com\admin.pay.mzw.com\Apps\Admin\Controller\AuthController.class.php 第 22 行.
SQL: SHOW COLUMNS FROM `admin_group_nodes` [ RunTime:0.0062s ]
INFO: [ view_parse ] --START--
INFO: [ template_filter ] --START--
INFO: Run Behavior\ContentReplaceBehavior [ RunTime:0.000316s ]
INFO: [ template_filter ] --END-- [ RunTime:0.000672s ]
NOTIC: [8] Undefined index: flushnodes D:\web\new.muzhiwan.com\admin.pay.mzw.com\Apps\Runtime\Cache\Admin\e019f7fdf6a2d246b2b3d1ee3ab4bd29.php 第 175 行.
NOTIC: [8] Undefined index: group D:\web\new.muzhiwan.com\admin.pay.mzw.com\Apps\Runtime\Cache\Admin\e019f7fdf6a2d246b2b3d1ee3ab4bd29.php 第 175 行.
NOTIC: [8] Undefined index: user D:\web\new.muzhiwan.com\admin.pay.mzw.com\Apps\Runtime\Cache\Admin\e019f7fdf6a2d246b2b3d1ee3ab4bd29.php 第 175 行.
NOTIC: [8] Undefined index: notice D:\web\new.muzhiwan.com\admin.pay.mzw.com\Apps\Runtime\Cache\Admin\e019f7fdf6a2d246b2b3d1ee3ab4bd29.php 第 230 行.
INFO: Run Behavior\ParseTemplateBehavior [ RunTime:0.031703s ]
INFO: [ view_parse ] --END-- [ RunTime:0.031849s ]
INFO: [ view_filter ] --START--
INFO: Run Behavior\WriteHtmlCacheBehavior [ RunTime:0.000939s ]
INFO: Run Behavior\TokenBuildBehavior [ RunTime:0.002128s ]
INFO: [ view_filter ] --END-- [ RunTime:0.003289s ]
INFO: [ app_end ] --START--
INFO: Run Behavior\ShowPageTraceBehavior [ RunTime:0.001892s ]
INFO: [ app_end ] --END-- [ RunTime:0.002084s ]

[ 2015-08-20T14:15:11+08:00 ] 127.0.0.1 /Member/orderlist
INFO: [ app_init ] --START--
INFO: Run Behavior\BuildLiteBehavior [ RunTime:0.000034s ]
INFO: [ app_init ] --END-- [ RunTime:0.000649s ]
INFO: [ app_begin ] --START--
INFO: Run Behavior\ReadHtmlCacheBehavior [ RunTime:0.000884s ]
INFO: [ app_begin ] --END-- [ RunTime:0.001043s ]
SQL: SHOW COLUMNS FROM `admin_nodes` [ RunTime:0.0308s ]
SQL: SELECT * FROM `admin_nodes` WHERE `controller` = 'Member' AND `method` = 'orderlist' LIMIT 1   [ RunTime:0.0051s ]
SQL: SHOW COLUMNS FROM `admin_group_nodes` [ RunTime:0.0043s ]
SQL: SELECT * FROM `admin_group_nodes` WHERE `group_id` = 1 AND `nodes_id` = 31 LIMIT 1   [ RunTime:0.0037s ]
SQL: SHOW COLUMNS FROM `mzw_sdk_pay_orders` [ RunTime:0.0044s ]
SQL: SELECT COUNT(*) AS tp_count FROM `mzw_sdk_pay_orders` LIMIT 1   [ RunTime:0.1361s ]
SQL: SELECT * FROM `mzw_sdk_pay_orders` ORDER BY id desc LIMIT 0,30   [ RunTime:0.0053s ]
INFO: [ view_parse ] --START--
INFO: [ template_filter ] --START--
INFO: Run Behavior\ContentReplaceBehavior [ RunTime:0.000207s ]
INFO: [ template_filter ] --END-- [ RunTime:0.000415s ]
NOTIC: [8] Undefined index: flushnodes D:\web\new.muzhiwan.com\admin.pay.mzw.com\Apps\Runtime\Cache\Admin\1e467c5956f5a6f966d55e159e16805d.php 第 175 行.
NOTIC: [8] Undefined index: group D:\web\new.muzhiwan.com\admin.pay.mzw.com\Apps\Runtime\Cache\Admin\1e467c5956f5a6f966d55e159e16805d.php 第 175 行.
NOTIC: [8] Undefined index: user D:\web\new.muzhiwan.com\admin.pay.mzw.com\Apps\Runtime\Cache\Admin\1e467c5956f5a6f966d55e159e16805d.php 第 175 行.
NOTIC: [8] Undefined index: order_no D:\web\new.muzhiwan.com\admin.pay.mzw.com\Apps\Runtime\Cache\Admin\1e467c5956f5a6f966d55e159e16805d.php 第 230 行.
NOTIC: [8] Undefined index: uid D:\web\new.muzhiwan.com\admin.pay.mzw.com\Apps\Runtime\Cache\Admin\1e467c5956f5a6f966d55e159e16805d.php 第 231 行.
NOTIC: [8] Undefined index: trade_status D:\web\new.muzhiwan.com\admin.pay.mzw.com\Apps\Runtime\Cache\Admin\1e467c5956f5a6f966d55e159e16805d.php 第 233 行.
NOTIC: [8] Undefined index: notice D:\web\new.muzhiwan.com\admin.pay.mzw.com\Apps\Runtime\Cache\Admin\1e467c5956f5a6f966d55e159e16805d.php 第 307 行.
INFO: Run Behavior\ParseTemplateBehavior [ RunTime:0.038383s ]
INFO: [ view_parse ] --END-- [ RunTime:0.038613s ]
INFO: [ view_filter ] --START--
INFO: Run Behavior\WriteHtmlCacheBehavior [ RunTime:0.001473s ]
INFO: Run Behavior\TokenBuildBehavior [ RunTime:0.005877s ]
INFO: [ view_filter ] --END-- [ RunTime:0.007653s ]
INFO: [ app_end ] --START--
INFO: Run Behavior\ShowPageTraceBehavior [ RunTime:0.001270s ]
INFO: [ app_end ] --END-- [ RunTime:0.001397s ]

[ 2015-08-20T14:22:50+08:00 ] 127.0.0.1 /Member/orderlist?order_no=&uid=10345231&trade_status=999&token=1e5094fc57c5a9fd9b4dc523aaab65fa_670c76b580876a9cc50196b449486ee9
INFO: [ app_init ] --START--
INFO: Run Behavior\BuildLiteBehavior [ RunTime:0.000061s ]
INFO: [ app_init ] --END-- [ RunTime:0.001780s ]
INFO: [ app_begin ] --START--
INFO: Run Behavior\ReadHtmlCacheBehavior [ RunTime:0.001448s ]
INFO: [ app_begin ] --END-- [ RunTime:0.001614s ]
SQL: SHOW COLUMNS FROM `admin_nodes` [ RunTime:0.0042s ]
SQL: SELECT * FROM `admin_nodes` WHERE `controller` = 'Member' AND `method` = 'orderlist' LIMIT 1   [ RunTime:0.0036s ]
SQL: SHOW COLUMNS FROM `admin_group_nodes` [ RunTime:0.0038s ]
SQL: SELECT * FROM `admin_group_nodes` WHERE `group_id` = 1 AND `nodes_id` = 31 LIMIT 1   [ RunTime:0.0034s ]
SQL: SHOW COLUMNS FROM `mzw_sdk_pay_orders` [ RunTime:0.0051s ]
SQL: SELECT COUNT(*) AS tp_count FROM `mzw_sdk_pay_orders` WHERE `uid` = 10345231 LIMIT 1   [ RunTime:0.3359s ]
SQL: SELECT * FROM `mzw_sdk_pay_orders` WHERE `uid` = 10345231 ORDER BY id desc LIMIT 0,30   [ RunTime:1.1918s ]
INFO: [ view_parse ] --START--
INFO: [ template_filter ] --START--
INFO: Run Behavior\ContentReplaceBehavior [ RunTime:0.000130s ]
INFO: [ template_filter ] --END-- [ RunTime:0.000268s ]
NOTIC: [8] Undefined index: flushnodes D:\web\new.muzhiwan.com\admin.pay.mzw.com\Apps\Runtime\Cache\Admin\1e467c5956f5a6f966d55e159e16805d.php 第 175 行.
NOTIC: [8] Undefined index: group D:\web\new.muzhiwan.com\admin.pay.mzw.com\Apps\Runtime\Cache\Admin\1e467c5956f5a6f966d55e159e16805d.php 第 175 行.
NOTIC: [8] Undefined index: user D:\web\new.muzhiwan.com\admin.pay.mzw.com\Apps\Runtime\Cache\Admin\1e467c5956f5a6f966d55e159e16805d.php 第 175 行.
NOTIC: [8] Undefined index: notice D:\web\new.muzhiwan.com\admin.pay.mzw.com\Apps\Runtime\Cache\Admin\1e467c5956f5a6f966d55e159e16805d.php 第 307 行.
INFO: Run Behavior\ParseTemplateBehavior [ RunTime:0.028905s ]
INFO: [ view_parse ] --END-- [ RunTime:0.029035s ]
INFO: [ view_filter ] --START--
INFO: Run Behavior\WriteHtmlCacheBehavior [ RunTime:0.000750s ]
INFO: Run Behavior\TokenBuildBehavior [ RunTime:0.002897s ]
INFO: [ view_filter ] --END-- [ RunTime:0.003845s ]
INFO: [ app_end ] --START--
INFO: Run Behavior\ShowPageTraceBehavior [ RunTime:0.001168s ]
INFO: [ app_end ] --END-- [ RunTime:0.001294s ]

[ 2015-08-20T14:23:10+08:00 ] 127.0.0.1 /Member/money
INFO: [ app_init ] --START--
INFO: Run Behavior\BuildLiteBehavior [ RunTime:0.000076s ]
INFO: [ app_init ] --END-- [ RunTime:0.001327s ]
INFO: [ app_begin ] --START--
INFO: Run Behavior\ReadHtmlCacheBehavior [ RunTime:0.000995s ]
INFO: [ app_begin ] --END-- [ RunTime:0.001164s ]
SQL: SHOW COLUMNS FROM `admin_nodes` [ RunTime:0.0040s ]
SQL: SELECT * FROM `admin_nodes` WHERE `controller` = 'Member' AND `method` = 'money' LIMIT 1   [ RunTime:0.0037s ]
SQL: SHOW COLUMNS FROM `admin_group_nodes` [ RunTime:0.0045s ]
SQL: SELECT * FROM `admin_group_nodes` WHERE `group_id` = 1 AND `nodes_id` = 30 LIMIT 1   [ RunTime:0.0037s ]
SQL: SHOW COLUMNS FROM `mzw_sdk_pay_user_money` [ RunTime:0.0044s ]
SQL: SELECT COUNT(*) AS tp_count FROM `mzw_sdk_pay_user_money` LIMIT 1   [ RunTime:0.0037s ]
SQL: SELECT * FROM `mzw_sdk_pay_user_money` ORDER BY id desc LIMIT 0,30   [ RunTime:0.0050s ]
INFO: [ view_parse ] --START--
INFO: [ template_filter ] --START--
INFO: Run Behavior\ContentReplaceBehavior [ RunTime:0.000120s ]
INFO: [ template_filter ] --END-- [ RunTime:0.000258s ]
NOTIC: [8] Undefined index: flushnodes D:\web\new.muzhiwan.com\admin.pay.mzw.com\Apps\Runtime\Cache\Admin\a6140b03250663eff97a9e7c2bbe37cc.php 第 175 行.
NOTIC: [8] Undefined index: group D:\web\new.muzhiwan.com\admin.pay.mzw.com\Apps\Runtime\Cache\Admin\a6140b03250663eff97a9e7c2bbe37cc.php 第 175 行.
NOTIC: [8] Undefined index: user D:\web\new.muzhiwan.com\admin.pay.mzw.com\Apps\Runtime\Cache\Admin\a6140b03250663eff97a9e7c2bbe37cc.php 第 175 行.
NOTIC: [8] Undefined index: notice D:\web\new.muzhiwan.com\admin.pay.mzw.com\Apps\Runtime\Cache\Admin\a6140b03250663eff97a9e7c2bbe37cc.php 第 298 行.
INFO: Run Behavior\ParseTemplateBehavior [ RunTime:0.024675s ]
INFO: [ view_parse ] --END-- [ RunTime:0.024839s ]
INFO: [ view_filter ] --START--
INFO: Run Behavior\WriteHtmlCacheBehavior [ RunTime:0.003037s ]
INFO: Run Behavior\TokenBuildBehavior [ RunTime:0.004046s ]
INFO: [ view_filter ] --END-- [ RunTime:0.007387s ]
INFO: [ app_end ] --START--
INFO: Run Behavior\ShowPageTraceBehavior [ RunTime:0.001104s ]
INFO: [ app_end ] --END-- [ RunTime:0.001228s ]

[ 2015-08-20T14:23:14+08:00 ] 127.0.0.1 /Member/money?uid=10345231+++&token=f32cd54a27f8b453c1eb890ddd434e05_9338eb260d70778ff6eff80c7190b769
INFO: [ app_init ] --START--
INFO: Run Behavior\BuildLiteBehavior [ RunTime:0.000033s ]
INFO: [ app_init ] --END-- [ RunTime:0.000722s ]
INFO: [ app_begin ] --START--
INFO: Run Behavior\ReadHtmlCacheBehavior [ RunTime:0.001372s ]
INFO: [ app_begin ] --END-- [ RunTime:0.001565s ]
SQL: SHOW COLUMNS FROM `admin_nodes` [ RunTime:0.0043s ]
SQL: SELECT * FROM `admin_nodes` WHERE `controller` = 'Member' AND `method` = 'money' LIMIT 1   [ RunTime:0.0035s ]
SQL: SHOW COLUMNS FROM `admin_group_nodes` [ RunTime:0.0038s ]
SQL: SELECT * FROM `admin_group_nodes` WHERE `group_id` = 1 AND `nodes_id` = 30 LIMIT 1   [ RunTime:0.0032s ]
SQL: SHOW COLUMNS FROM `mzw_sdk_pay_user_money` [ RunTime:0.0038s ]
SQL: SELECT COUNT(*) AS tp_count FROM `mzw_sdk_pay_user_money` WHERE `uid` = 10345231 LIMIT 1   [ RunTime:0.0033s ]
SQL: SELECT * FROM `mzw_sdk_pay_user_money` WHERE `uid` = 10345231 ORDER BY id desc LIMIT 0,30   [ RunTime:0.0041s ]
INFO: [ view_parse ] --START--
INFO: [ template_filter ] --START--
INFO: Run Behavior\ContentReplaceBehavior [ RunTime:0.000118s ]
INFO: [ template_filter ] --END-- [ RunTime:0.000255s ]
NOTIC: [8] Undefined index: flushnodes D:\web\new.muzhiwan.com\admin.pay.mzw.com\Apps\Runtime\Cache\Admin\a6140b03250663eff97a9e7c2bbe37cc.php 第 175 行.
NOTIC: [8] Undefined index: group D:\web\new.muzhiwan.com\admin.pay.mzw.com\Apps\Runtime\Cache\Admin\a6140b03250663eff97a9e7c2bbe37cc.php 第 175 行.
NOTIC: [8] Undefined index: user D:\web\new.muzhiwan.com\admin.pay.mzw.com\Apps\Runtime\Cache\Admin\a6140b03250663eff97a9e7c2bbe37cc.php 第 175 行.
NOTIC: [8] Undefined index: notice D:\web\new.muzhiwan.com\admin.pay.mzw.com\Apps\Runtime\Cache\Admin\a6140b03250663eff97a9e7c2bbe37cc.php 第 298 行.
INFO: Run Behavior\ParseTemplateBehavior [ RunTime:0.023427s ]
INFO: [ view_parse ] --END-- [ RunTime:0.023559s ]
INFO: [ view_filter ] --START--
INFO: Run Behavior\WriteHtmlCacheBehavior [ RunTime:0.000685s ]
INFO: Run Behavior\TokenBuildBehavior [ RunTime:0.002052s ]
INFO: [ view_filter ] --END-- [ RunTime:0.002933s ]
INFO: [ app_end ] --START--
INFO: Run Behavior\ShowPageTraceBehavior [ RunTime:0.001485s ]
INFO: [ app_end ] --END-- [ RunTime:0.001690s ]

[ 2015-08-20T14:23:23+08:00 ] 127.0.0.1 /Member/moneyview/uid/10345231
INFO: [ app_init ] --START--
INFO: Run Behavior\BuildLiteBehavior [ RunTime:0.000032s ]
INFO: [ app_init ] --END-- [ RunTime:0.000628s ]
INFO: [ app_begin ] --START--
INFO: Run Behavior\ReadHtmlCacheBehavior [ RunTime:0.000861s ]
INFO: [ app_begin ] --END-- [ RunTime:0.001005s ]
SQL: SHOW COLUMNS FROM `admin_nodes` [ RunTime:0.0041s ]
SQL: SELECT * FROM `admin_nodes` WHERE `controller` = 'Member' AND `method` = 'moneyview' LIMIT 1   [ RunTime:0.0041s ]
SQL: SHOW COLUMNS FROM `admin_group_nodes` [ RunTime:0.0040s ]
SQL: SELECT * FROM `admin_group_nodes` WHERE `group_id` = 1 AND `nodes_id` = 33 LIMIT 1   [ RunTime:0.0037s ]
SQL: SHOW COLUMNS FROM `mzw_sdk_pay_user_money` [ RunTime:0.0046s ]
SQL: SHOW COLUMNS FROM `mzw_sdk_pay_user_money_spend_earn` [ RunTime:0.0047s ]
SQL: SELECT COUNT(*) AS tp_count FROM `mzw_sdk_pay_user_money_spend_earn` WHERE `uid` = 10345231 LIMIT 1   [ RunTime:0.0036s ]
SQL: SHOW COLUMNS FROM `mzw_sdk_pay_user_money_spend_earn` [ RunTime:0.0108s ]
SQL: SELECT * FROM `mzw_sdk_pay_user_money_spend_earn` WHERE `uid` = 10345231 ORDER BY id desc LIMIT 0,30   [ RunTime:0.0046s ]
INFO: [ view_parse ] --START--
INFO: [ template_filter ] --START--
INFO: Run Behavior\ContentReplaceBehavior [ RunTime:0.000127s ]
INFO: [ template_filter ] --END-- [ RunTime:0.000268s ]
NOTIC: [8] Undefined index: flushnodes D:\web\new.muzhiwan.com\admin.pay.mzw.com\Apps\Runtime\Cache\Admin\b5653e1342fb2fdff4b36aca0e5a5bbb.php 第 175 行.
NOTIC: [8] Undefined index: group D:\web\new.muzhiwan.com\admin.pay.mzw.com\Apps\Runtime\Cache\Admin\b5653e1342fb2fdff4b36aca0e5a5bbb.php 第 175 行.
NOTIC: [8] Undefined index: user D:\web\new.muzhiwan.com\admin.pay.mzw.com\Apps\Runtime\Cache\Admin\b5653e1342fb2fdff4b36aca0e5a5bbb.php 第 175 行.
NOTIC: [8] Undefined index: notice D:\web\new.muzhiwan.com\admin.pay.mzw.com\Apps\Runtime\Cache\Admin\b5653e1342fb2fdff4b36aca0e5a5bbb.php 第 300 行.
INFO: Run Behavior\ParseTemplateBehavior [ RunTime:0.028343s ]
INFO: [ view_parse ] --END-- [ RunTime:0.028576s ]
INFO: [ view_filter ] --START--
INFO: Run Behavior\WriteHtmlCacheBehavior [ RunTime:0.000966s ]
INFO: Run Behavior\TokenBuildBehavior [ RunTime:0.002361s ]
INFO: [ view_filter ] --END-- [ RunTime:0.003632s ]
INFO: [ app_end ] --START--
INFO: Run Behavior\ShowPageTraceBehavior [ RunTime:0.001435s ]
INFO: [ app_end ] --END-- [ RunTime:0.001604s ]

[ 2015-08-20T18:09:50+08:00 ] 127.0.0.1 /Member/money?uid=8832975&token=efae54fec209d5f7d1895032cc71b20f_d889c78a671028dbcb94bbe0d1a57b89
INFO: [ app_init ] --START--
INFO: Run Behavior\BuildLiteBehavior [ RunTime:0.000051s ]
INFO: [ app_init ] --END-- [ RunTime:0.004371s ]
INFO: [ app_begin ] --START--
INFO: Run Behavior\ReadHtmlCacheBehavior [ RunTime:0.001650s ]
INFO: [ app_begin ] --END-- [ RunTime:0.001855s ]
SQL: SHOW COLUMNS FROM `admin_nodes` [ RunTime:0.0045s ]
SQL: SELECT * FROM `admin_nodes` WHERE `controller` = 'Member' AND `method` = 'money' LIMIT 1   [ RunTime:0.0051s ]
SQL: SHOW COLUMNS FROM `admin_group_nodes` [ RunTime:0.0042s ]
SQL: SELECT * FROM `admin_group_nodes` WHERE `group_id` = 1 AND `nodes_id` = 30 LIMIT 1   [ RunTime:0.0033s ]
SQL: SHOW COLUMNS FROM `mzw_sdk_pay_user_money` [ RunTime:0.0052s ]
SQL: SELECT COUNT(*) AS tp_count FROM `mzw_sdk_pay_user_money` WHERE `uid` = 8832975 LIMIT 1   [ RunTime:0.0082s ]
SQL: SELECT * FROM `mzw_sdk_pay_user_money` WHERE `uid` = 8832975 ORDER BY id desc LIMIT 0,30   [ RunTime:0.0043s ]
INFO: [ view_parse ] --START--
INFO: [ template_filter ] --START--
INFO: Run Behavior\ContentReplaceBehavior [ RunTime:0.000120s ]
INFO: [ template_filter ] --END-- [ RunTime:0.000263s ]
NOTIC: [8] Undefined index: flushnodes D:\web\new.muzhiwan.com\admin.pay.mzw.com\Apps\Runtime\Cache\Admin\a6140b03250663eff97a9e7c2bbe37cc.php 第 175 行.
NOTIC: [8] Undefined index: group D:\web\new.muzhiwan.com\admin.pay.mzw.com\Apps\Runtime\Cache\Admin\a6140b03250663eff97a9e7c2bbe37cc.php 第 175 行.
NOTIC: [8] Undefined index: user D:\web\new.muzhiwan.com\admin.pay.mzw.com\Apps\Runtime\Cache\Admin\a6140b03250663eff97a9e7c2bbe37cc.php 第 175 行.
NOTIC: [8] Undefined index: notice D:\web\new.muzhiwan.com\admin.pay.mzw.com\Apps\Runtime\Cache\Admin\a6140b03250663eff97a9e7c2bbe37cc.php 第 298 行.
INFO: Run Behavior\ParseTemplateBehavior [ RunTime:0.041753s ]
INFO: [ view_parse ] --END-- [ RunTime:0.041968s ]
INFO: [ view_filter ] --START--
INFO: Run Behavior\WriteHtmlCacheBehavior [ RunTime:0.001431s ]
INFO: Run Behavior\TokenBuildBehavior [ RunTime:0.003265s ]
INFO: [ view_filter ] --END-- [ RunTime:0.004996s ]
INFO: [ app_end ] --START--
INFO: Run Behavior\ShowPageTraceBehavior [ RunTime:0.002812s ]
INFO: [ app_end ] --END-- [ RunTime:0.003029s ]

[ 2015-08-20T18:10:00+08:00 ] 127.0.0.1 /Member/moneyview/uid/8832975
INFO: [ app_init ] --START--
INFO: Run Behavior\BuildLiteBehavior [ RunTime:0.000049s ]
INFO: [ app_init ] --END-- [ RunTime:0.000918s ]
INFO: [ app_begin ] --START--
INFO: Run Behavior\ReadHtmlCacheBehavior [ RunTime:0.001402s ]
INFO: [ app_begin ] --END-- [ RunTime:0.001660s ]
SQL: SHOW COLUMNS FROM `admin_nodes` [ RunTime:0.0040s ]
SQL: SELECT * FROM `admin_nodes` WHERE `controller` = 'Member' AND `method` = 'moneyview' LIMIT 1   [ RunTime:0.0292s ]
SQL: SHOW COLUMNS FROM `admin_group_nodes` [ RunTime:0.0041s ]
SQL: SELECT * FROM `admin_group_nodes` WHERE `group_id` = 1 AND `nodes_id` = 33 LIMIT 1   [ RunTime:0.0045s ]
SQL: SHOW COLUMNS FROM `mzw_sdk_pay_user_money` [ RunTime:0.0044s ]
SQL: SHOW COLUMNS FROM `mzw_sdk_pay_user_money_spend_earn` [ RunTime:0.0044s ]
SQL: SELECT COUNT(*) AS tp_count FROM `mzw_sdk_pay_user_money_spend_earn` WHERE `uid` = 8832975 LIMIT 1   [ RunTime:0.0044s ]
SQL: SHOW COLUMNS FROM `mzw_sdk_pay_user_money_spend_earn` [ RunTime:0.0042s ]
SQL: SELECT * FROM `mzw_sdk_pay_user_money_spend_earn` WHERE `uid` = 8832975 ORDER BY id desc LIMIT 0,30   [ RunTime:0.0057s ]
INFO: [ view_parse ] --START--
INFO: [ template_filter ] --START--
INFO: Run Behavior\ContentReplaceBehavior [ RunTime:0.000123s ]
INFO: [ template_filter ] --END-- [ RunTime:0.000263s ]
NOTIC: [8] Undefined index: flushnodes D:\web\new.muzhiwan.com\admin.pay.mzw.com\Apps\Runtime\Cache\Admin\b5653e1342fb2fdff4b36aca0e5a5bbb.php 第 175 行.
NOTIC: [8] Undefined index: group D:\web\new.muzhiwan.com\admin.pay.mzw.com\Apps\Runtime\Cache\Admin\b5653e1342fb2fdff4b36aca0e5a5bbb.php 第 175 行.
NOTIC: [8] Undefined index: user D:\web\new.muzhiwan.com\admin.pay.mzw.com\Apps\Runtime\Cache\Admin\b5653e1342fb2fdff4b36aca0e5a5bbb.php 第 175 行.
NOTIC: [8] Undefined index: notice D:\web\new.muzhiwan.com\admin.pay.mzw.com\Apps\Runtime\Cache\Admin\b5653e1342fb2fdff4b36aca0e5a5bbb.php 第 300 行.
INFO: Run Behavior\ParseTemplateBehavior [ RunTime:0.026811s ]
INFO: [ view_parse ] --END-- [ RunTime:0.026986s ]
INFO: [ view_filter ] --START--
INFO: Run Behavior\WriteHtmlCacheBehavior [ RunTime:0.000770s ]
INFO: Run Behavior\TokenBuildBehavior [ RunTime:0.002459s ]
INFO: [ view_filter ] --END-- [ RunTime:0.003435s ]
INFO: [ app_end ] --START--
INFO: Run Behavior\ShowPageTraceBehavior [ RunTime:0.001173s ]
INFO: [ app_end ] --END-- [ RunTime:0.001291s ]

[ 2015-08-20T18:10:15+08:00 ] 127.0.0.1 /Member/money
INFO: [ app_init ] --START--
INFO: Run Behavior\BuildLiteBehavior [ RunTime:0.000053s ]
INFO: [ app_init ] --END-- [ RunTime:0.000904s ]
INFO: [ app_begin ] --START--
INFO: Run Behavior\ReadHtmlCacheBehavior [ RunTime:0.001087s ]
INFO: [ app_begin ] --END-- [ RunTime:0.001291s ]
SQL: SHOW COLUMNS FROM `admin_nodes` [ RunTime:0.0037s ]
SQL: SELECT * FROM `admin_nodes` WHERE `controller` = 'Member' AND `method` = 'money' LIMIT 1   [ RunTime:0.0035s ]
SQL: SHOW COLUMNS FROM `admin_group_nodes` [ RunTime:0.0038s ]
SQL: SELECT * FROM `admin_group_nodes` WHERE `group_id` = 1 AND `nodes_id` = 30 LIMIT 1   [ RunTime:0.0033s ]
SQL: SHOW COLUMNS FROM `mzw_sdk_pay_user_money` [ RunTime:0.0038s ]
SQL: SELECT COUNT(*) AS tp_count FROM `mzw_sdk_pay_user_money` LIMIT 1   [ RunTime:0.0035s ]
SQL: SELECT * FROM `mzw_sdk_pay_user_money` ORDER BY id desc LIMIT 0,30   [ RunTime:0.0044s ]
INFO: [ view_parse ] --START--
INFO: [ template_filter ] --START--
INFO: Run Behavior\ContentReplaceBehavior [ RunTime:0.000177s ]
INFO: [ template_filter ] --END-- [ RunTime:0.000425s ]
NOTIC: [8] Undefined index: flushnodes D:\web\new.muzhiwan.com\admin.pay.mzw.com\Apps\Runtime\Cache\Admin\a6140b03250663eff97a9e7c2bbe37cc.php 第 175 行.
NOTIC: [8] Undefined index: group D:\web\new.muzhiwan.com\admin.pay.mzw.com\Apps\Runtime\Cache\Admin\a6140b03250663eff97a9e7c2bbe37cc.php 第 175 行.
NOTIC: [8] Undefined index: user D:\web\new.muzhiwan.com\admin.pay.mzw.com\Apps\Runtime\Cache\Admin\a6140b03250663eff97a9e7c2bbe37cc.php 第 175 行.
NOTIC: [8] Undefined index: notice D:\web\new.muzhiwan.com\admin.pay.mzw.com\Apps\Runtime\Cache\Admin\a6140b03250663eff97a9e7c2bbe37cc.php 第 298 行.
INFO: Run Behavior\ParseTemplateBehavior [ RunTime:0.025919s ]
INFO: [ view_parse ] --END-- [ RunTime:0.026054s ]
INFO: [ view_filter ] --START--
INFO: Run Behavior\WriteHtmlCacheBehavior [ RunTime:0.000667s ]
INFO: Run Behavior\TokenBuildBehavior [ RunTime:0.003898s ]
INFO: [ view_filter ] --END-- [ RunTime:0.004779s ]
INFO: [ app_end ] --START--
INFO: Run Behavior\ShowPageTraceBehavior [ RunTime:0.001847s ]
INFO: [ app_end ] --END-- [ RunTime:0.001997s ]

[ 2015-08-20T18:10:19+08:00 ] 127.0.0.1 /Member/money?uid=8832975&token=f32cd54a27f8b453c1eb890ddd434e05_5ff68fdd7d3915cf511a890e8fca1074
INFO: [ app_init ] --START--
INFO: Run Behavior\BuildLiteBehavior [ RunTime:0.000048s ]
INFO: [ app_init ] --END-- [ RunTime:0.000927s ]
INFO: [ app_begin ] --START--
INFO: Run Behavior\ReadHtmlCacheBehavior [ RunTime:0.000928s ]
INFO: [ app_begin ] --END-- [ RunTime:0.001112s ]
SQL: SHOW COLUMNS FROM `admin_nodes` [ RunTime:0.0039s ]
SQL: SELECT * FROM `admin_nodes` WHERE `controller` = 'Member' AND `method` = 'money' LIMIT 1   [ RunTime:0.0035s ]
SQL: SHOW COLUMNS FROM `admin_group_nodes` [ RunTime:0.0036s ]
SQL: SELECT * FROM `admin_group_nodes` WHERE `group_id` = 1 AND `nodes_id` = 30 LIMIT 1   [ RunTime:0.0031s ]
SQL: SHOW COLUMNS FROM `mzw_sdk_pay_user_money` [ RunTime:0.0043s ]
SQL: SELECT COUNT(*) AS tp_count FROM `mzw_sdk_pay_user_money` WHERE `uid` = 8832975 LIMIT 1   [ RunTime:0.0031s ]
SQL: SELECT * FROM `mzw_sdk_pay_user_money` WHERE `uid` = 8832975 ORDER BY id desc LIMIT 0,30   [ RunTime:0.0045s ]
INFO: [ view_parse ] --START--
INFO: [ template_filter ] --START--
INFO: Run Behavior\ContentReplaceBehavior [ RunTime:0.000122s ]
INFO: [ template_filter ] --END-- [ RunTime:0.000263s ]
NOTIC: [8] Undefined index: flushnodes D:\web\new.muzhiwan.com\admin.pay.mzw.com\Apps\Runtime\Cache\Admin\a6140b03250663eff97a9e7c2bbe37cc.php 第 175 行.
NOTIC: [8] Undefined index: group D:\web\new.muzhiwan.com\admin.pay.mzw.com\Apps\Runtime\Cache\Admin\a6140b03250663eff97a9e7c2bbe37cc.php 第 175 行.
NOTIC: [8] Undefined index: user D:\web\new.muzhiwan.com\admin.pay.mzw.com\Apps\Runtime\Cache\Admin\a6140b03250663eff97a9e7c2bbe37cc.php 第 175 行.
NOTIC: [8] Undefined index: notice D:\web\new.muzhiwan.com\admin.pay.mzw.com\Apps\Runtime\Cache\Admin\a6140b03250663eff97a9e7c2bbe37cc.php 第 298 行.
INFO: Run Behavior\ParseTemplateBehavior [ RunTime:0.025545s ]
INFO: [ view_parse ] --END-- [ RunTime:0.025685s ]
INFO: [ view_filter ] --START--
INFO: Run Behavior\WriteHtmlCacheBehavior [ RunTime:0.001821s ]
INFO: Run Behavior\TokenBuildBehavior [ RunTime:0.003223s ]
INFO: [ view_filter ] --END-- [ RunTime:0.005283s ]
INFO: [ app_end ] --START--
INFO: Run Behavior\ShowPageTraceBehavior [ RunTime:0.001268s ]
INFO: [ app_end ] --END-- [ RunTime:0.001443s ]

