[ 2015-08-14T15:49:32+08:00 ] 127.0.0.1 /
INFO: [ app_init ] --START--
INFO: Run Behavior\BuildLiteBehavior [ RunTime:0.000049s ]
INFO: [ app_init ] --END-- [ RunTime:0.002910s ]
INFO: [ app_begin ] --START--
INFO: Run Behavior\ReadHtmlCacheBehavior [ RunTime:0.001296s ]
INFO: [ app_begin ] --END-- [ RunTime:0.001457s ]

[ 2015-08-14T15:49:32+08:00 ] 127.0.0.1 /Login
INFO: [ app_init ] --START--
INFO: Run Behavior\BuildLiteBehavior [ RunTime:0.000049s ]
INFO: [ app_init ] --END-- [ RunTime:0.001117s ]
INFO: [ app_begin ] --START--
INFO: Run Behavior\ReadHtmlCacheBehavior [ RunTime:0.001048s ]
INFO: [ app_begin ] --END-- [ RunTime:0.001337s ]
NOTIC: [8] Undefined index: HTTP_REFERER D:\web\new.muzhiwan.com\admin.pay.mzw.com\Apps\Admin\Controller\LoginController.class.php 第 19 行.
INFO: [ view_parse ] --START--
INFO: [ template_filter ] --START--
INFO: Run Behavior\ContentReplaceBehavior [ RunTime:0.000121s ]
INFO: [ template_filter ] --END-- [ RunTime:0.000266s ]
INFO: Run Behavior\ParseTemplateBehavior [ RunTime:0.018854s ]
INFO: [ view_parse ] --END-- [ RunTime:0.019022s ]
INFO: [ view_filter ] --START--
INFO: Run Behavior\WriteHtmlCacheBehavior [ RunTime:0.001104s ]
INFO: Run Behavior\TokenBuildBehavior [ RunTime:0.001671s ]
INFO: [ view_filter ] --END-- [ RunTime:0.003016s ]
INFO: [ app_end ] --START--
INFO: Run Behavior\ShowPageTraceBehavior [ RunTime:0.001444s ]
INFO: [ app_end ] --END-- [ RunTime:0.001575s ]

[ 2015-08-14T15:49:32+08:00 ] 127.0.0.1 /login/verify?_t=1439538572
INFO: [ app_init ] --START--
INFO: Run Behavior\BuildLiteBehavior [ RunTime:0.000034s ]
INFO: [ app_init ] --END-- [ RunTime:0.000691s ]
INFO: [ app_begin ] --START--
INFO: Run Behavior\ReadHtmlCacheBehavior [ RunTime:0.000972s ]
INFO: [ app_begin ] --END-- [ RunTime:0.001129s ]
INFO: [ app_end ] --START--
INFO: Run Behavior\ShowPageTraceBehavior [ RunTime:0.001283s ]
INFO: [ app_end ] --END-- [ RunTime:0.001432s ]

[ 2015-08-14T15:49:34+08:00 ] 127.0.0.1 /favicon.ico
INFO: [ app_init ] --START--
INFO: Run Behavior\BuildLiteBehavior [ RunTime:0.000033s ]
INFO: [ app_init ] --END-- [ RunTime:0.000779s ]

[ 2015-08-14T15:49:34+08:00 ] 127.0.0.1 /favicon.ico
INFO: [ app_init ] --START--
INFO: Run Behavior\BuildLiteBehavior [ RunTime:0.000072s ]
INFO: [ app_init ] --END-- [ RunTime:0.001292s ]

[ 2015-08-14T15:49:39+08:00 ] 127.0.0.1 /Login/auth
INFO: [ app_init ] --START--
INFO: Run Behavior\BuildLiteBehavior [ RunTime:0.000051s ]
INFO: [ app_init ] --END-- [ RunTime:0.000979s ]
INFO: [ app_begin ] --START--
INFO: Run Behavior\ReadHtmlCacheBehavior [ RunTime:0.001519s ]
INFO: [ app_begin ] --END-- [ RunTime:0.001751s ]

[ 2015-08-14T15:49:40+08:00 ] 127.0.0.1 /login/verify?_t=0.8806570951521565
INFO: [ app_init ] --START--
INFO: Run Behavior\BuildLiteBehavior [ RunTime:0.000052s ]
INFO: [ app_init ] --END-- [ RunTime:0.001006s ]
INFO: [ app_begin ] --START--
INFO: Run Behavior\ReadHtmlCacheBehavior [ RunTime:0.001377s ]
INFO: [ app_begin ] --END-- [ RunTime:0.001626s ]
INFO: [ app_end ] --START--
INFO: Run Behavior\ShowPageTraceBehavior [ RunTime:0.001930s ]
INFO: [ app_end ] --END-- [ RunTime:0.002220s ]

[ 2015-08-14T15:49:50+08:00 ] 127.0.0.1 /Login/auth
INFO: [ app_init ] --START--
INFO: Run Behavior\BuildLiteBehavior [ RunTime:0.000035s ]
INFO: [ app_init ] --END-- [ RunTime:0.000691s ]
INFO: [ app_begin ] --START--
INFO: Run Behavior\ReadHtmlCacheBehavior [ RunTime:0.001055s ]
INFO: [ app_begin ] --END-- [ RunTime:0.001288s ]
SQL: SHOW COLUMNS FROM `admin_user` [ RunTime:0.0061s ]
SQL: SELECT * FROM `admin_user` WHERE `username` = 'admin' AND `password` = 'cf287cb3c51486f44b30169785f16d37' LIMIT 1   [ RunTime:0.0037s ]
SQL: SHOW COLUMNS FROM `admin_group_nodes` [ RunTime:0.0050s ]
SQL: SELECT * FROM `admin_group_nodes` WHERE `group_id` = 1  [ RunTime:0.0048s ]
SQL: SHOW COLUMNS FROM `admin_nodes` [ RunTime:0.0042s ]
SQL: SELECT * FROM `admin_nodes`  [ RunTime:0.0052s ]
SQL: SHOW COLUMNS FROM `admin_log` [ RunTime:0.0050s ]
SQL: INSERT INTO `admin_log` (`uid`,`ip`,`createtime`,`request_uri`,`c`,`m`) VALUES ('1','127.0.0.1','1439538589','/Login/auth','login','auth') [ RunTime:0.0573s ]

[ 2015-08-14T15:49:51+08:00 ] 127.0.0.1 /
INFO: [ app_init ] --START--
INFO: Run Behavior\BuildLiteBehavior [ RunTime:0.000054s ]
INFO: [ app_init ] --END-- [ RunTime:0.001160s ]
INFO: [ app_begin ] --START--
INFO: Run Behavior\ReadHtmlCacheBehavior [ RunTime:0.002015s ]
INFO: [ app_begin ] --END-- [ RunTime:0.002379s ]
SQL: SHOW COLUMNS FROM `admin_nodes` [ RunTime:0.0047s ]
NOTIC: [8] Undefined variable: ret D:\web\new.muzhiwan.com\admin.pay.mzw.com\Apps\Admin\Controller\AuthController.class.php 第 22 行.
SQL: SHOW COLUMNS FROM `admin_group_nodes` [ RunTime:0.0043s ]
INFO: [ view_parse ] --START--
INFO: [ template_filter ] --START--
INFO: Run Behavior\ContentReplaceBehavior [ RunTime:0.000118s ]
INFO: [ template_filter ] --END-- [ RunTime:0.000339s ]
NOTIC: [8] Undefined index: flushnodes D:\web\new.muzhiwan.com\admin.pay.mzw.com\Apps\Runtime\Cache\Admin\e019f7fdf6a2d246b2b3d1ee3ab4bd29.php 第 175 行.
NOTIC: [8] Undefined index: group D:\web\new.muzhiwan.com\admin.pay.mzw.com\Apps\Runtime\Cache\Admin\e019f7fdf6a2d246b2b3d1ee3ab4bd29.php 第 175 行.
NOTIC: [8] Undefined index: user D:\web\new.muzhiwan.com\admin.pay.mzw.com\Apps\Runtime\Cache\Admin\e019f7fdf6a2d246b2b3d1ee3ab4bd29.php 第 175 行.
NOTIC: [8] Undefined index: notice D:\web\new.muzhiwan.com\admin.pay.mzw.com\Apps\Runtime\Cache\Admin\e019f7fdf6a2d246b2b3d1ee3ab4bd29.php 第 230 行.
INFO: Run Behavior\ParseTemplateBehavior [ RunTime:0.024358s ]
INFO: [ view_parse ] --END-- [ RunTime:0.024500s ]
INFO: [ view_filter ] --START--
INFO: Run Behavior\WriteHtmlCacheBehavior [ RunTime:0.000828s ]
INFO: Run Behavior\TokenBuildBehavior [ RunTime:0.002054s ]
INFO: [ view_filter ] --END-- [ RunTime:0.003134s ]
INFO: [ app_end ] --START--
INFO: Run Behavior\ShowPageTraceBehavior [ RunTime:0.001570s ]
INFO: [ app_end ] --END-- [ RunTime:0.001701s ]

