[ 2015-08-25T17:47:26+08:00 ] 127.0.0.1 /
INFO: [ app_init ] --START--
INFO: Run Behavior\BuildLiteBehavior [ RunTime:0.000043s ]
INFO: [ app_init ] --END-- [ RunTime:0.002811s ]
NOTIC: [8] Constant ACTION_TENPAY already defined D:\web\new.muzhiwan.com\admin.pay.mzw.com\Apps\Admin\Conf\menu.php 第 9 行.
NOTIC: [8] Use of undefined constant ACTION_UPPAY - assumed 'ACTION_UPPAY' D:\web\new.muzhiwan.com\admin.pay.mzw.com\Apps\Admin\Conf\menu.php 第 19 行.
INFO: [ app_begin ] --START--
INFO: Run Behavior\ReadHtmlCacheBehavior [ RunTime:0.001471s ]
INFO: [ app_begin ] --END-- [ RunTime:0.001641s ]

[ 2015-08-25T17:47:26+08:00 ] 127.0.0.1 /Login
INFO: [ app_init ] --START--
INFO: Run Behavior\BuildLiteBehavior [ RunTime:0.000050s ]
INFO: [ app_init ] --END-- [ RunTime:0.000947s ]
NOTIC: [8] Constant ACTION_TENPAY already defined D:\web\new.muzhiwan.com\admin.pay.mzw.com\Apps\Admin\Conf\menu.php 第 9 行.
NOTIC: [8] Use of undefined constant ACTION_UPPAY - assumed 'ACTION_UPPAY' D:\web\new.muzhiwan.com\admin.pay.mzw.com\Apps\Admin\Conf\menu.php 第 19 行.
INFO: [ app_begin ] --START--
INFO: Run Behavior\ReadHtmlCacheBehavior [ RunTime:0.001313s ]
INFO: [ app_begin ] --END-- [ RunTime:0.001578s ]
NOTIC: [8] Undefined index: HTTP_REFERER D:\web\new.muzhiwan.com\admin.pay.mzw.com\Apps\Admin\Controller\LoginController.class.php 第 19 行.
INFO: [ view_parse ] --START--
INFO: [ template_filter ] --START--
INFO: Run Behavior\ContentReplaceBehavior [ RunTime:0.000118s ]
INFO: [ template_filter ] --END-- [ RunTime:0.000278s ]
INFO: Run Behavior\ParseTemplateBehavior [ RunTime:0.025390s ]
INFO: [ view_parse ] --END-- [ RunTime:0.025652s ]
INFO: [ view_filter ] --START--
INFO: Run Behavior\WriteHtmlCacheBehavior [ RunTime:0.001462s ]
INFO: Run Behavior\TokenBuildBehavior [ RunTime:0.002647s ]
INFO: [ view_filter ] --END-- [ RunTime:0.004466s ]
INFO: [ app_end ] --START--
INFO: Run Behavior\ShowPageTraceBehavior [ RunTime:0.003485s ]
INFO: [ app_end ] --END-- [ RunTime:0.003910s ]

[ 2015-08-25T17:47:29+08:00 ] 127.0.0.1 /login/verify?_t=1440496046
INFO: [ app_init ] --START--
INFO: Run Behavior\BuildLiteBehavior [ RunTime:0.000033s ]
INFO: [ app_init ] --END-- [ RunTime:0.000712s ]
NOTIC: [8] Constant ACTION_TENPAY already defined D:\web\new.muzhiwan.com\admin.pay.mzw.com\Apps\Admin\Conf\menu.php 第 9 行.
NOTIC: [8] Use of undefined constant ACTION_UPPAY - assumed 'ACTION_UPPAY' D:\web\new.muzhiwan.com\admin.pay.mzw.com\Apps\Admin\Conf\menu.php 第 19 行.
INFO: [ app_begin ] --START--
INFO: Run Behavior\ReadHtmlCacheBehavior [ RunTime:0.001074s ]
INFO: [ app_begin ] --END-- [ RunTime:0.001239s ]
INFO: [ app_end ] --START--
INFO: Run Behavior\ShowPageTraceBehavior [ RunTime:0.007528s ]
INFO: [ app_end ] --END-- [ RunTime:0.007820s ]

[ 2015-08-25T17:47:31+08:00 ] 127.0.0.1 /favicon.ico
INFO: [ app_init ] --START--
INFO: Run Behavior\BuildLiteBehavior [ RunTime:0.000046s ]
INFO: [ app_init ] --END-- [ RunTime:0.001037s ]
NOTIC: [8] Constant ACTION_TENPAY already defined D:\web\new.muzhiwan.com\admin.pay.mzw.com\Apps\Admin\Conf\menu.php 第 9 行.
NOTIC: [8] Use of undefined constant ACTION_UPPAY - assumed 'ACTION_UPPAY' D:\web\new.muzhiwan.com\admin.pay.mzw.com\Apps\Admin\Conf\menu.php 第 19 行.

[ 2015-08-25T17:47:31+08:00 ] 127.0.0.1 /favicon.ico
INFO: [ app_init ] --START--
INFO: Run Behavior\BuildLiteBehavior [ RunTime:0.000054s ]
INFO: [ app_init ] --END-- [ RunTime:0.001099s ]
NOTIC: [8] Constant ACTION_TENPAY already defined D:\web\new.muzhiwan.com\admin.pay.mzw.com\Apps\Admin\Conf\menu.php 第 9 行.
NOTIC: [8] Use of undefined constant ACTION_UPPAY - assumed 'ACTION_UPPAY' D:\web\new.muzhiwan.com\admin.pay.mzw.com\Apps\Admin\Conf\menu.php 第 19 行.

[ 2015-08-25T17:47:39+08:00 ] 127.0.0.1 /Login/auth
INFO: [ app_init ] --START--
INFO: Run Behavior\BuildLiteBehavior [ RunTime:0.000054s ]
INFO: [ app_init ] --END-- [ RunTime:0.001729s ]
NOTIC: [8] Constant ACTION_TENPAY already defined D:\web\new.muzhiwan.com\admin.pay.mzw.com\Apps\Admin\Conf\menu.php 第 9 行.
NOTIC: [8] Use of undefined constant ACTION_UPPAY - assumed 'ACTION_UPPAY' D:\web\new.muzhiwan.com\admin.pay.mzw.com\Apps\Admin\Conf\menu.php 第 19 行.
INFO: [ app_begin ] --START--
INFO: Run Behavior\ReadHtmlCacheBehavior [ RunTime:0.001554s ]
INFO: [ app_begin ] --END-- [ RunTime:0.001937s ]
SQL: SHOW COLUMNS FROM `admin_user` [ RunTime:0.0043s ]
SQL: SELECT * FROM `admin_user` WHERE `username` = 'admin' AND `password` = 'cf287cb3c51486f44b30169785f16d37' LIMIT 1   [ RunTime:0.0051s ]
SQL: SHOW COLUMNS FROM `admin_group_nodes` [ RunTime:0.0037s ]
SQL: SELECT * FROM `admin_group_nodes` WHERE `group_id` = 1  [ RunTime:0.0040s ]
SQL: SHOW COLUMNS FROM `admin_nodes` [ RunTime:0.0049s ]
SQL: SELECT * FROM `admin_nodes`  [ RunTime:0.0045s ]
SQL: SHOW COLUMNS FROM `admin_log` [ RunTime:0.0041s ]
SQL: INSERT INTO `admin_log` (`uid`,`ip`,`createtime`,`request_uri`,`c`,`m`) VALUES ('1','127.0.0.1','1440496059','/Login/auth','login','auth') [ RunTime:0.0712s ]

[ 2015-08-25T17:47:40+08:00 ] 127.0.0.1 /
INFO: [ app_init ] --START--
INFO: Run Behavior\BuildLiteBehavior [ RunTime:0.000060s ]
INFO: [ app_init ] --END-- [ RunTime:0.002629s ]
NOTIC: [8] Constant ACTION_TENPAY already defined D:\web\new.muzhiwan.com\admin.pay.mzw.com\Apps\Admin\Conf\menu.php 第 9 行.
NOTIC: [8] Use of undefined constant ACTION_UPPAY - assumed 'ACTION_UPPAY' D:\web\new.muzhiwan.com\admin.pay.mzw.com\Apps\Admin\Conf\menu.php 第 19 行.
INFO: [ app_begin ] --START--
INFO: Run Behavior\ReadHtmlCacheBehavior [ RunTime:0.001387s ]
INFO: [ app_begin ] --END-- [ RunTime:0.001603s ]
SQL: SHOW COLUMNS FROM `admin_nodes` [ RunTime:0.0040s ]
NOTIC: [8] Undefined variable: ret D:\web\new.muzhiwan.com\admin.pay.mzw.com\Apps\Admin\Controller\AuthController.class.php 第 22 行.
SQL: SHOW COLUMNS FROM `admin_group_nodes` [ RunTime:0.0048s ]
INFO: [ view_parse ] --START--
INFO: [ template_filter ] --START--
INFO: Run Behavior\ContentReplaceBehavior [ RunTime:0.000120s ]
INFO: [ template_filter ] --END-- [ RunTime:0.000259s ]
NOTIC: [8] Undefined index: flushnodes D:\web\new.muzhiwan.com\admin.pay.mzw.com\Apps\Runtime\Cache\Admin\e019f7fdf6a2d246b2b3d1ee3ab4bd29.php 第 175 行.
NOTIC: [8] Undefined index: group D:\web\new.muzhiwan.com\admin.pay.mzw.com\Apps\Runtime\Cache\Admin\e019f7fdf6a2d246b2b3d1ee3ab4bd29.php 第 175 行.
NOTIC: [8] Undefined index: user D:\web\new.muzhiwan.com\admin.pay.mzw.com\Apps\Runtime\Cache\Admin\e019f7fdf6a2d246b2b3d1ee3ab4bd29.php 第 175 行.
NOTIC: [8] Undefined index: notice D:\web\new.muzhiwan.com\admin.pay.mzw.com\Apps\Runtime\Cache\Admin\e019f7fdf6a2d246b2b3d1ee3ab4bd29.php 第 230 行.
INFO: Run Behavior\ParseTemplateBehavior [ RunTime:0.023282s ]
INFO: [ view_parse ] --END-- [ RunTime:0.023430s ]
INFO: [ view_filter ] --START--
INFO: Run Behavior\WriteHtmlCacheBehavior [ RunTime:0.000876s ]
INFO: Run Behavior\TokenBuildBehavior [ RunTime:0.002314s ]
INFO: [ view_filter ] --END-- [ RunTime:0.003645s ]
INFO: [ app_end ] --START--
INFO: Run Behavior\ShowPageTraceBehavior [ RunTime:0.001058s ]
INFO: [ app_end ] --END-- [ RunTime:0.001200s ]

[ 2015-08-25T17:47:45+08:00 ] 127.0.0.1 /App
INFO: [ app_init ] --START--
INFO: Run Behavior\BuildLiteBehavior [ RunTime:0.000047s ]
INFO: [ app_init ] --END-- [ RunTime:0.000705s ]
NOTIC: [8] Constant ACTION_TENPAY already defined D:\web\new.muzhiwan.com\admin.pay.mzw.com\Apps\Admin\Conf\menu.php 第 9 行.
NOTIC: [8] Use of undefined constant ACTION_UPPAY - assumed 'ACTION_UPPAY' D:\web\new.muzhiwan.com\admin.pay.mzw.com\Apps\Admin\Conf\menu.php 第 19 行.
INFO: [ app_begin ] --START--
INFO: Run Behavior\ReadHtmlCacheBehavior [ RunTime:0.000858s ]
INFO: [ app_begin ] --END-- [ RunTime:0.000998s ]
SQL: SHOW COLUMNS FROM `admin_nodes` [ RunTime:0.0041s ]
SQL: SELECT * FROM `admin_nodes` WHERE `controller` = 'App' AND `method` = 'index' LIMIT 1   [ RunTime:0.0041s ]
SQL: SHOW COLUMNS FROM `admin_group_nodes` [ RunTime:0.0045s ]
SQL: SELECT * FROM `admin_group_nodes` WHERE `group_id` = 1 AND `nodes_id` = 35 LIMIT 1   [ RunTime:0.0079s ]
SQL: SHOW COLUMNS FROM `mzw_sdk_pay_rate` [ RunTime:0.0045s ]
NOTIC: [8] Undefined index: appname D:\web\new.muzhiwan.com\admin.pay.mzw.com\Apps\Admin\Controller\AppController.class.php 第 25 行.
SQL: SELECT COUNT(*) AS tp_count FROM `mzw_sdk_pay_rate` LIMIT 1   [ RunTime:0.0039s ]
SQL: SELECT * FROM `mzw_sdk_pay_rate` LIMIT 0,20   [ RunTime:0.0039s ]
INFO: [ view_parse ] --START--
INFO: [ template_filter ] --START--
INFO: Run Behavior\ContentReplaceBehavior [ RunTime:0.000124s ]
INFO: [ template_filter ] --END-- [ RunTime:0.000259s ]
NOTIC: [8] Undefined index: flushnodes D:\web\new.muzhiwan.com\admin.pay.mzw.com\Apps\Runtime\Cache\Admin\13ccbb54350cb75c7d21ee61a03fb671.php 第 175 行.
NOTIC: [8] Undefined index: group D:\web\new.muzhiwan.com\admin.pay.mzw.com\Apps\Runtime\Cache\Admin\13ccbb54350cb75c7d21ee61a03fb671.php 第 175 行.
NOTIC: [8] Undefined index: user D:\web\new.muzhiwan.com\admin.pay.mzw.com\Apps\Runtime\Cache\Admin\13ccbb54350cb75c7d21ee61a03fb671.php 第 175 行.
NOTIC: [8] Undefined index: notice D:\web\new.muzhiwan.com\admin.pay.mzw.com\Apps\Runtime\Cache\Admin\13ccbb54350cb75c7d21ee61a03fb671.php 第 294 行.
INFO: Run Behavior\ParseTemplateBehavior [ RunTime:0.029651s ]
INFO: [ view_parse ] --END-- [ RunTime:0.029832s ]
INFO: [ view_filter ] --START--
INFO: Run Behavior\WriteHtmlCacheBehavior [ RunTime:0.000634s ]
INFO: Run Behavior\TokenBuildBehavior [ RunTime:0.001867s ]
INFO: [ view_filter ] --END-- [ RunTime:0.002698s ]
INFO: [ app_end ] --START--
INFO: Run Behavior\ShowPageTraceBehavior [ RunTime:0.000888s ]
INFO: [ app_end ] --END-- [ RunTime:0.001007s ]

[ 2015-08-25T17:48:50+08:00 ] 127.0.0.1 /App/edit_form/id/12
INFO: [ app_init ] --START--
INFO: Run Behavior\BuildLiteBehavior [ RunTime:0.000031s ]
INFO: [ app_init ] --END-- [ RunTime:0.000646s ]
NOTIC: [8] Constant ACTION_TENPAY already defined D:\web\new.muzhiwan.com\admin.pay.mzw.com\Apps\Admin\Conf\menu.php 第 9 行.
NOTIC: [8] Use of undefined constant ACTION_UPPAY - assumed 'ACTION_UPPAY' D:\web\new.muzhiwan.com\admin.pay.mzw.com\Apps\Admin\Conf\menu.php 第 19 行.
INFO: [ app_begin ] --START--
INFO: Run Behavior\ReadHtmlCacheBehavior [ RunTime:0.000869s ]
INFO: [ app_begin ] --END-- [ RunTime:0.001011s ]
SQL: SHOW COLUMNS FROM `admin_nodes` [ RunTime:0.0045s ]
SQL: SELECT * FROM `admin_nodes` WHERE `controller` = 'App' AND `method` = 'edit_form' LIMIT 1   [ RunTime:0.0037s ]
SQL: SHOW COLUMNS FROM `admin_group_nodes` [ RunTime:0.0038s ]
SQL: SELECT * FROM `admin_group_nodes` WHERE `group_id` = 1 AND `nodes_id` = 39 LIMIT 1   [ RunTime:0.0033s ]
SQL: SHOW COLUMNS FROM `mzw_sdk_pay_rate` [ RunTime:0.0045s ]
SQL: SELECT * FROM `mzw_sdk_pay_rate` WHERE `id` = 12 LIMIT 1   [ RunTime:0.0039s ]
INFO: [ view_parse ] --START--
INFO: [ template_filter ] --START--
INFO: Run Behavior\ContentReplaceBehavior [ RunTime:0.000133s ]
INFO: [ template_filter ] --END-- [ RunTime:0.000285s ]
NOTIC: [8] Undefined index: flushnodes D:\web\new.muzhiwan.com\admin.pay.mzw.com\Apps\Runtime\Cache\Admin\ec240524f6431f6a412ae0ddec9ea176.php 第 175 行.
NOTIC: [8] Undefined index: group D:\web\new.muzhiwan.com\admin.pay.mzw.com\Apps\Runtime\Cache\Admin\ec240524f6431f6a412ae0ddec9ea176.php 第 175 行.
NOTIC: [8] Undefined index: user D:\web\new.muzhiwan.com\admin.pay.mzw.com\Apps\Runtime\Cache\Admin\ec240524f6431f6a412ae0ddec9ea176.php 第 175 行.
NOTIC: [8] Undefined index: notice D:\web\new.muzhiwan.com\admin.pay.mzw.com\Apps\Runtime\Cache\Admin\ec240524f6431f6a412ae0ddec9ea176.php 第 372 行.
INFO: Run Behavior\ParseTemplateBehavior [ RunTime:0.030710s ]
INFO: [ view_parse ] --END-- [ RunTime:0.030840s ]
INFO: [ view_filter ] --START--
INFO: Run Behavior\WriteHtmlCacheBehavior [ RunTime:0.000707s ]
INFO: Run Behavior\TokenBuildBehavior [ RunTime:0.002412s ]
INFO: [ view_filter ] --END-- [ RunTime:0.003318s ]
INFO: [ app_end ] --START--
INFO: Run Behavior\ShowPageTraceBehavior [ RunTime:0.003134s ]
INFO: [ app_end ] --END-- [ RunTime:0.003282s ]

[ 2015-08-25T17:48:59+08:00 ] 127.0.0.1 /App/edit_form/id/12
INFO: [ app_init ] --START--
INFO: Run Behavior\BuildLiteBehavior [ RunTime:0.000074s ]
INFO: [ app_init ] --END-- [ RunTime:0.001265s ]
NOTIC: [8] Constant ACTION_TENPAY already defined D:\web\new.muzhiwan.com\admin.pay.mzw.com\Apps\Admin\Conf\menu.php 第 9 行.
NOTIC: [8] Use of undefined constant ACTION_UPPAY - assumed 'ACTION_UPPAY' D:\web\new.muzhiwan.com\admin.pay.mzw.com\Apps\Admin\Conf\menu.php 第 19 行.
INFO: [ app_begin ] --START--
INFO: Run Behavior\ReadHtmlCacheBehavior [ RunTime:0.000975s ]
INFO: [ app_begin ] --END-- [ RunTime:0.001167s ]
SQL: SHOW COLUMNS FROM `admin_nodes` [ RunTime:0.0041s ]
SQL: SELECT * FROM `admin_nodes` WHERE `controller` = 'App' AND `method` = 'edit_form' LIMIT 1   [ RunTime:0.0043s ]
SQL: SHOW COLUMNS FROM `admin_group_nodes` [ RunTime:0.0041s ]
SQL: SELECT * FROM `admin_group_nodes` WHERE `group_id` = 1 AND `nodes_id` = 39 LIMIT 1   [ RunTime:0.0034s ]
SQL: SHOW COLUMNS FROM `mzw_sdk_pay_rate` [ RunTime:0.0051s ]
SQL: SELECT * FROM `mzw_sdk_pay_rate` WHERE `id` = 12 LIMIT 1   [ RunTime:0.0044s ]
INFO: [ view_parse ] --START--
INFO: [ template_filter ] --START--
INFO: Run Behavior\ContentReplaceBehavior [ RunTime:0.000133s ]
INFO: [ template_filter ] --END-- [ RunTime:0.000288s ]
NOTIC: [8] Undefined index: flushnodes D:\web\new.muzhiwan.com\admin.pay.mzw.com\Apps\Runtime\Cache\Admin\ec240524f6431f6a412ae0ddec9ea176.php 第 175 行.
NOTIC: [8] Undefined index: group D:\web\new.muzhiwan.com\admin.pay.mzw.com\Apps\Runtime\Cache\Admin\ec240524f6431f6a412ae0ddec9ea176.php 第 175 行.
NOTIC: [8] Undefined index: user D:\web\new.muzhiwan.com\admin.pay.mzw.com\Apps\Runtime\Cache\Admin\ec240524f6431f6a412ae0ddec9ea176.php 第 175 行.
NOTIC: [8] Undefined index: notice D:\web\new.muzhiwan.com\admin.pay.mzw.com\Apps\Runtime\Cache\Admin\ec240524f6431f6a412ae0ddec9ea176.php 第 372 行.
INFO: Run Behavior\ParseTemplateBehavior [ RunTime:0.025940s ]
INFO: [ view_parse ] --END-- [ RunTime:0.026119s ]
INFO: [ view_filter ] --START--
INFO: Run Behavior\WriteHtmlCacheBehavior [ RunTime:0.000732s ]
INFO: Run Behavior\TokenBuildBehavior [ RunTime:0.002639s ]
INFO: [ view_filter ] --END-- [ RunTime:0.003580s ]
INFO: [ app_end ] --START--
INFO: Run Behavior\ShowPageTraceBehavior [ RunTime:0.001368s ]
INFO: [ app_end ] --END-- [ RunTime:0.001508s ]

