[ 2015-07-30T09:48:25+08:00 ] 127.0.0.1 /
INFO: [ app_init ] --START--
INFO: Run Behavior\BuildLiteBehavior [ RunTime:0.000033s ]
INFO: [ app_init ] --END-- [ RunTime:0.002844s ]
INFO: [ app_begin ] --START--
INFO: Run Behavior\ReadHtmlCacheBehavior [ RunTime:0.001285s ]
INFO: [ app_begin ] --END-- [ RunTime:0.001413s ]

[ 2015-07-30T09:48:25+08:00 ] 127.0.0.1 /Login
INFO: [ app_init ] --START--
INFO: Run Behavior\BuildLiteBehavior [ RunTime:0.000032s ]
INFO: [ app_init ] --END-- [ RunTime:0.000646s ]
INFO: [ app_begin ] --START--
INFO: Run Behavior\ReadHtmlCacheBehavior [ RunTime:0.000831s ]
INFO: [ app_begin ] --END-- [ RunTime:0.000956s ]
NOTIC: [8] Undefined index: HTTP_REFERER D:\web\new.muzhiwan.com\admin.pay.mzw.com\Apps\Admin\Controller\LoginController.class.php 第 17 行.
INFO: [ view_parse ] --START--
INFO: [ template_filter ] --START--
INFO: Run Behavior\ContentReplaceBehavior [ RunTime:0.000116s ]
INFO: [ template_filter ] --END-- [ RunTime:0.000270s ]
NOTIC: [8] Undefined variable: from D:\web\new.muzhiwan.com\admin.pay.mzw.com\Apps\Runtime\Cache\Admin\bcab1efc6286bfc731edcd426e06f04a.php 第 219 行.
NOTIC: [8] Undefined variable: error_msg D:\web\new.muzhiwan.com\admin.pay.mzw.com\Apps\Runtime\Cache\Admin\bcab1efc6286bfc731edcd426e06f04a.php 第 220 行.
INFO: Run Behavior\ParseTemplateBehavior [ RunTime:0.016428s ]
INFO: [ view_parse ] --END-- [ RunTime:0.016555s ]
INFO: [ view_filter ] --START--
INFO: Run Behavior\WriteHtmlCacheBehavior [ RunTime:0.002550s ]
INFO: Run Behavior\TokenBuildBehavior [ RunTime:0.002749s ]
INFO: [ view_filter ] --END-- [ RunTime:0.005560s ]
INFO: [ app_end ] --START--
INFO: Run Behavior\ShowPageTraceBehavior [ RunTime:0.001358s ]
INFO: [ app_end ] --END-- [ RunTime:0.001480s ]

[ 2015-07-30T09:48:26+08:00 ] 127.0.0.1 /favicon.ico
INFO: [ app_init ] --START--
INFO: Run Behavior\BuildLiteBehavior [ RunTime:0.000051s ]
INFO: [ app_init ] --END-- [ RunTime:0.000874s ]

[ 2015-07-30T09:48:29+08:00 ] 127.0.0.1 /Login/auth
INFO: [ app_init ] --START--
INFO: Run Behavior\BuildLiteBehavior [ RunTime:0.000032s ]
INFO: [ app_init ] --END-- [ RunTime:0.000672s ]
INFO: [ app_begin ] --START--
INFO: Run Behavior\ReadHtmlCacheBehavior [ RunTime:0.001317s ]
INFO: [ app_begin ] --END-- [ RunTime:0.001537s ]
SQL: SHOW COLUMNS FROM `admin_user` [ RunTime:0.0222s ]
SQL: SELECT * FROM `admin_user` WHERE `username` = 'admin' AND `password` = 'cf287cb3c51486f44b30169785f16d37' LIMIT 1   [ RunTime:0.0212s ]
SQL: SHOW COLUMNS FROM `admin_group_nodes` [ RunTime:0.0187s ]
SQL: SELECT * FROM `admin_group_nodes` WHERE `group_id` = 1  [ RunTime:0.0188s ]
SQL: SHOW COLUMNS FROM `admin_nodes` [ RunTime:0.0214s ]
SQL: SELECT * FROM `admin_nodes`  [ RunTime:0.0204s ]
SQL: SHOW COLUMNS FROM `admin_log` [ RunTime:0.0179s ]
SQL: INSERT INTO `admin_log` (`uid`,`ip`,`createtime`,`request_uri`,`c`,`m`) VALUES ('1','127.0.0.1','1438220909','/Login/auth','login','auth') [ RunTime:0.0738s ]

[ 2015-07-30T09:48:30+08:00 ] 127.0.0.1 /
INFO: [ app_init ] --START--
INFO: Run Behavior\BuildLiteBehavior [ RunTime:0.000032s ]
INFO: [ app_init ] --END-- [ RunTime:0.000892s ]
INFO: [ app_begin ] --START--
INFO: Run Behavior\ReadHtmlCacheBehavior [ RunTime:0.001073s ]
INFO: [ app_begin ] --END-- [ RunTime:0.001278s ]
SQL: SHOW COLUMNS FROM `admin_nodes` [ RunTime:0.0190s ]
NOTIC: [8] Undefined variable: ret D:\web\new.muzhiwan.com\admin.pay.mzw.com\Apps\Admin\Controller\AuthController.class.php 第 22 行.
SQL: SHOW COLUMNS FROM `admin_group_nodes` [ RunTime:0.0217s ]
INFO: [ view_parse ] --START--
INFO: [ template_filter ] --START--
INFO: Run Behavior\ContentReplaceBehavior [ RunTime:0.000157s ]
INFO: [ template_filter ] --END-- [ RunTime:0.000303s ]
NOTIC: [8] Undefined index: notice D:\web\new.muzhiwan.com\admin.pay.mzw.com\Apps\Runtime\Cache\Admin\e019f7fdf6a2d246b2b3d1ee3ab4bd29.php 第 218 行.
INFO: Run Behavior\ParseTemplateBehavior [ RunTime:0.025972s ]
INFO: [ view_parse ] --END-- [ RunTime:0.026149s ]
INFO: [ view_filter ] --START--
INFO: Run Behavior\WriteHtmlCacheBehavior [ RunTime:0.000550s ]
INFO: Run Behavior\TokenBuildBehavior [ RunTime:0.001658s ]
INFO: [ view_filter ] --END-- [ RunTime:0.002453s ]
INFO: [ app_end ] --START--
INFO: Run Behavior\ShowPageTraceBehavior [ RunTime:0.001365s ]
INFO: [ app_end ] --END-- [ RunTime:0.001582s ]

[ 2015-07-30T09:48:30+08:00 ] 127.0.0.1 /favicon.ico
INFO: [ app_init ] --START--
INFO: Run Behavior\BuildLiteBehavior [ RunTime:0.000072s ]
INFO: [ app_init ] --END-- [ RunTime:0.000968s ]

[ 2015-07-30T09:48:40+08:00 ] 127.0.0.1 /Member/orderlist
INFO: [ app_init ] --START--
INFO: Run Behavior\BuildLiteBehavior [ RunTime:0.000031s ]
INFO: [ app_init ] --END-- [ RunTime:0.000635s ]
INFO: [ app_begin ] --START--
INFO: Run Behavior\ReadHtmlCacheBehavior [ RunTime:0.000884s ]
INFO: [ app_begin ] --END-- [ RunTime:0.001020s ]
SQL: SHOW COLUMNS FROM `admin_nodes` [ RunTime:0.0196s ]
SQL: SELECT * FROM `admin_nodes` WHERE `controller` = 'Member' AND `method` = 'orderlist' LIMIT 1   [ RunTime:0.0221s ]
SQL: SHOW COLUMNS FROM `admin_group_nodes` [ RunTime:0.0211s ]
SQL: SELECT * FROM `admin_group_nodes` WHERE `group_id` = 1 AND `nodes_id` = 31 LIMIT 1   [ RunTime:0.0209s ]
SQL: SHOW COLUMNS FROM `mzw_sdk_pay_orders` [ RunTime:0.0230s ]
SQL: SELECT COUNT(*) AS tp_count FROM `mzw_sdk_pay_orders` LIMIT 1   [ RunTime:0.1904s ]
SQL: SELECT * FROM `mzw_sdk_pay_orders` ORDER BY id desc LIMIT 0,30   [ RunTime:0.0250s ]
INFO: [ view_parse ] --START--
INFO: [ template_filter ] --START--
INFO: Run Behavior\ContentReplaceBehavior [ RunTime:0.000184s ]
INFO: [ template_filter ] --END-- [ RunTime:0.000337s ]
NOTIC: [8] Undefined index: notice D:\web\new.muzhiwan.com\admin.pay.mzw.com\Apps\Runtime\Cache\Admin\1e467c5956f5a6f966d55e159e16805d.php 第 302 行.
INFO: Run Behavior\ParseTemplateBehavior [ RunTime:0.023674s ]
INFO: [ view_parse ] --END-- [ RunTime:0.023817s ]
INFO: [ view_filter ] --START--
INFO: Run Behavior\WriteHtmlCacheBehavior [ RunTime:0.000475s ]
INFO: Run Behavior\TokenBuildBehavior [ RunTime:0.003325s ]
INFO: [ view_filter ] --END-- [ RunTime:0.004001s ]
INFO: [ app_end ] --START--
INFO: Run Behavior\ShowPageTraceBehavior [ RunTime:0.000970s ]
INFO: [ app_end ] --END-- [ RunTime:0.001085s ]

[ 2015-07-30T09:48:40+08:00 ] 127.0.0.1 /favicon.ico
INFO: [ app_init ] --START--
INFO: Run Behavior\BuildLiteBehavior [ RunTime:0.000053s ]
INFO: [ app_init ] --END-- [ RunTime:0.001057s ]

[ 2015-07-30T09:49:32+08:00 ] 127.0.0.1 /Member/orderlist
INFO: [ app_init ] --START--
INFO: Run Behavior\BuildLiteBehavior [ RunTime:0.000031s ]
INFO: [ app_init ] --END-- [ RunTime:0.000634s ]
INFO: [ app_begin ] --START--
INFO: Run Behavior\ReadHtmlCacheBehavior [ RunTime:0.004052s ]
INFO: [ app_begin ] --END-- [ RunTime:0.004209s ]
SQL: SHOW COLUMNS FROM `admin_nodes` [ RunTime:0.0240s ]
SQL: SELECT * FROM `admin_nodes` WHERE `controller` = 'Member' AND `method` = 'orderlist' LIMIT 1   [ RunTime:0.0180s ]
SQL: SHOW COLUMNS FROM `admin_group_nodes` [ RunTime:0.0230s ]
SQL: SELECT * FROM `admin_group_nodes` WHERE `group_id` = 1 AND `nodes_id` = 31 LIMIT 1   [ RunTime:0.0227s ]
SQL: SHOW COLUMNS FROM `mzw_sdk_pay_orders` [ RunTime:0.0270s ]
SQL: SELECT COUNT(*) AS tp_count FROM `mzw_sdk_pay_orders` LIMIT 1   [ RunTime:0.1878s ]
SQL: SELECT * FROM `mzw_sdk_pay_orders` ORDER BY id desc LIMIT 0,30   [ RunTime:0.0282s ]
INFO: [ view_parse ] --START--
INFO: [ template_filter ] --START--
INFO: Run Behavior\ContentReplaceBehavior [ RunTime:0.000155s ]
INFO: [ template_filter ] --END-- [ RunTime:0.000311s ]
NOTIC: [8] Undefined index: notice D:\web\new.muzhiwan.com\admin.pay.mzw.com\Apps\Runtime\Cache\Admin\1e467c5956f5a6f966d55e159e16805d.php 第 302 行.
INFO: Run Behavior\ParseTemplateBehavior [ RunTime:0.029808s ]
INFO: [ view_parse ] --END-- [ RunTime:0.030034s ]
INFO: [ view_filter ] --START--
INFO: Run Behavior\WriteHtmlCacheBehavior [ RunTime:0.000690s ]
INFO: Run Behavior\TokenBuildBehavior [ RunTime:0.003816s ]
INFO: [ view_filter ] --END-- [ RunTime:0.004733s ]
INFO: [ app_end ] --START--
INFO: Run Behavior\ShowPageTraceBehavior [ RunTime:0.001068s ]
INFO: [ app_end ] --END-- [ RunTime:0.001195s ]

[ 2015-07-30T09:49:33+08:00 ] 127.0.0.1 /favicon.ico
INFO: [ app_init ] --START--
INFO: Run Behavior\BuildLiteBehavior [ RunTime:0.000036s ]
INFO: [ app_init ] --END-- [ RunTime:0.001572s ]

[ 2015-07-30T09:49:54+08:00 ] 127.0.0.1 /Member/orderlist
INFO: [ app_init ] --START--
INFO: Run Behavior\BuildLiteBehavior [ RunTime:0.000036s ]
INFO: [ app_init ] --END-- [ RunTime:0.001294s ]
INFO: [ app_begin ] --START--
INFO: Run Behavior\ReadHtmlCacheBehavior [ RunTime:0.001083s ]
INFO: [ app_begin ] --END-- [ RunTime:0.001208s ]
SQL: SHOW COLUMNS FROM `admin_nodes` [ RunTime:0.0208s ]
SQL: SELECT * FROM `admin_nodes` WHERE `controller` = 'Member' AND `method` = 'orderlist' LIMIT 1   [ RunTime:0.0193s ]
SQL: SHOW COLUMNS FROM `admin_group_nodes` [ RunTime:0.0198s ]
SQL: SELECT * FROM `admin_group_nodes` WHERE `group_id` = 1 AND `nodes_id` = 31 LIMIT 1   [ RunTime:0.0238s ]
SQL: SHOW COLUMNS FROM `mzw_sdk_pay_orders` [ RunTime:0.0202s ]
SQL: SELECT COUNT(*) AS tp_count FROM `mzw_sdk_pay_orders` LIMIT 1   [ RunTime:0.1917s ]
SQL: SELECT * FROM `mzw_sdk_pay_orders` ORDER BY id desc LIMIT 0,30   [ RunTime:0.0252s ]
INFO: [ view_parse ] --START--
INFO: [ template_filter ] --START--
INFO: Run Behavior\ContentReplaceBehavior [ RunTime:0.000147s ]
INFO: [ template_filter ] --END-- [ RunTime:0.000307s ]
NOTIC: [8] Undefined index: notice D:\web\new.muzhiwan.com\admin.pay.mzw.com\Apps\Runtime\Cache\Admin\1e467c5956f5a6f966d55e159e16805d.php 第 302 行.
INFO: Run Behavior\ParseTemplateBehavior [ RunTime:0.028336s ]
INFO: [ view_parse ] --END-- [ RunTime:0.028496s ]
INFO: [ view_filter ] --START--
INFO: Run Behavior\WriteHtmlCacheBehavior [ RunTime:0.000912s ]
INFO: Run Behavior\TokenBuildBehavior [ RunTime:0.004323s ]
INFO: [ view_filter ] --END-- [ RunTime:0.005577s ]
INFO: [ app_end ] --START--
INFO: Run Behavior\ShowPageTraceBehavior [ RunTime:0.001389s ]
INFO: [ app_end ] --END-- [ RunTime:0.001534s ]

[ 2015-07-30T09:49:55+08:00 ] 127.0.0.1 /favicon.ico
INFO: [ app_init ] --START--
INFO: Run Behavior\BuildLiteBehavior [ RunTime:0.000032s ]
INFO: [ app_init ] --END-- [ RunTime:0.000645s ]

[ 2015-07-30T09:50:05+08:00 ] 127.0.0.1 /Member/orderlist
INFO: [ app_init ] --START--
INFO: Run Behavior\BuildLiteBehavior [ RunTime:0.000033s ]
INFO: [ app_init ] --END-- [ RunTime:0.000631s ]
INFO: [ app_begin ] --START--
INFO: Run Behavior\ReadHtmlCacheBehavior [ RunTime:0.001248s ]
INFO: [ app_begin ] --END-- [ RunTime:0.001469s ]
SQL: SHOW COLUMNS FROM `admin_nodes` [ RunTime:0.0205s ]
SQL: SELECT * FROM `admin_nodes` WHERE `controller` = 'Member' AND `method` = 'orderlist' LIMIT 1   [ RunTime:0.0235s ]
SQL: SHOW COLUMNS FROM `admin_group_nodes` [ RunTime:0.0179s ]
SQL: SELECT * FROM `admin_group_nodes` WHERE `group_id` = 1 AND `nodes_id` = 31 LIMIT 1   [ RunTime:0.0206s ]
SQL: SHOW COLUMNS FROM `mzw_sdk_pay_orders` [ RunTime:0.0212s ]
SQL: SELECT COUNT(*) AS tp_count FROM `mzw_sdk_pay_orders` LIMIT 1   [ RunTime:0.0192s ]
SQL: SELECT * FROM `mzw_sdk_pay_orders` ORDER BY id desc LIMIT 0,30   [ RunTime:0.0255s ]
INFO: [ view_parse ] --START--
INFO: [ template_filter ] --START--
INFO: Run Behavior\ContentReplaceBehavior [ RunTime:0.000136s ]
INFO: [ template_filter ] --END-- [ RunTime:0.000321s ]
NOTIC: [8] Undefined index: notice D:\web\new.muzhiwan.com\admin.pay.mzw.com\Apps\Runtime\Cache\Admin\1e467c5956f5a6f966d55e159e16805d.php 第 302 行.
INFO: Run Behavior\ParseTemplateBehavior [ RunTime:0.027207s ]
INFO: [ view_parse ] --END-- [ RunTime:0.027384s ]
INFO: [ view_filter ] --START--
INFO: Run Behavior\WriteHtmlCacheBehavior [ RunTime:0.000808s ]
INFO: Run Behavior\TokenBuildBehavior [ RunTime:0.003612s ]
INFO: [ view_filter ] --END-- [ RunTime:0.004637s ]
INFO: [ app_end ] --START--
INFO: Run Behavior\ShowPageTraceBehavior [ RunTime:0.001316s ]
INFO: [ app_end ] --END-- [ RunTime:0.001443s ]

[ 2015-07-30T09:50:06+08:00 ] 127.0.0.1 /favicon.ico
INFO: [ app_init ] --START--
INFO: Run Behavior\BuildLiteBehavior [ RunTime:0.000057s ]
INFO: [ app_init ] --END-- [ RunTime:0.001148s ]

[ 2015-07-30T09:51:44+08:00 ] 127.0.0.1 /Member/orderlist
INFO: [ app_init ] --START--
INFO: Run Behavior\BuildLiteBehavior [ RunTime:0.000068s ]
INFO: [ app_init ] --END-- [ RunTime:0.001138s ]
INFO: [ app_begin ] --START--
INFO: Run Behavior\ReadHtmlCacheBehavior [ RunTime:0.001326s ]
INFO: [ app_begin ] --END-- [ RunTime:0.001536s ]
SQL: SHOW COLUMNS FROM `admin_nodes` [ RunTime:0.0298s ]
SQL: SELECT * FROM `admin_nodes` WHERE `controller` = 'Member' AND `method` = 'orderlist' LIMIT 1   [ RunTime:0.0211s ]
SQL: SHOW COLUMNS FROM `admin_group_nodes` [ RunTime:0.0233s ]
SQL: SELECT * FROM `admin_group_nodes` WHERE `group_id` = 1 AND `nodes_id` = 31 LIMIT 1   [ RunTime:0.0189s ]
SQL: SHOW COLUMNS FROM `mzw_sdk_pay_orders` [ RunTime:0.0199s ]
SQL: SELECT COUNT(*) AS tp_count FROM `mzw_sdk_pay_orders` LIMIT 1   [ RunTime:0.1935s ]
SQL: SELECT * FROM `mzw_sdk_pay_orders` ORDER BY id desc LIMIT 0,30   [ RunTime:0.0263s ]
INFO: [ view_parse ] --START--
INFO: [ template_filter ] --START--
INFO: Run Behavior\ContentReplaceBehavior [ RunTime:0.000118s ]
INFO: [ template_filter ] --END-- [ RunTime:0.000254s ]
NOTIC: [8] Undefined index: notice D:\web\new.muzhiwan.com\admin.pay.mzw.com\Apps\Runtime\Cache\Admin\1e467c5956f5a6f966d55e159e16805d.php 第 286 行.
INFO: Run Behavior\ParseTemplateBehavior [ RunTime:0.021980s ]
INFO: [ view_parse ] --END-- [ RunTime:0.022106s ]
INFO: [ view_filter ] --START--
INFO: Run Behavior\WriteHtmlCacheBehavior [ RunTime:0.000715s ]
INFO: Run Behavior\TokenBuildBehavior [ RunTime:0.003579s ]
INFO: [ view_filter ] --END-- [ RunTime:0.004487s ]
INFO: [ app_end ] --START--
INFO: Run Behavior\ShowPageTraceBehavior [ RunTime:0.001579s ]
INFO: [ app_end ] --END-- [ RunTime:0.001723s ]

[ 2015-07-30T09:51:45+08:00 ] 127.0.0.1 /favicon.ico
INFO: [ app_init ] --START--
INFO: Run Behavior\BuildLiteBehavior [ RunTime:0.000032s ]
INFO: [ app_init ] --END-- [ RunTime:0.000674s ]

[ 2015-07-30T09:51:56+08:00 ] 127.0.0.1 /Member/orderlist
INFO: [ app_init ] --START--
INFO: Run Behavior\BuildLiteBehavior [ RunTime:0.000032s ]
INFO: [ app_init ] --END-- [ RunTime:0.000814s ]
INFO: [ app_begin ] --START--
INFO: Run Behavior\ReadHtmlCacheBehavior [ RunTime:0.001075s ]
INFO: [ app_begin ] --END-- [ RunTime:0.001231s ]
SQL: SHOW COLUMNS FROM `admin_nodes` [ RunTime:0.0194s ]
SQL: SELECT * FROM `admin_nodes` WHERE `controller` = 'Member' AND `method` = 'orderlist' LIMIT 1   [ RunTime:0.0209s ]
SQL: SHOW COLUMNS FROM `admin_group_nodes` [ RunTime:0.0227s ]
SQL: SELECT * FROM `admin_group_nodes` WHERE `group_id` = 1 AND `nodes_id` = 31 LIMIT 1   [ RunTime:0.0212s ]
SQL: SHOW COLUMNS FROM `mzw_sdk_pay_orders` [ RunTime:0.0258s ]
SQL: SELECT COUNT(*) AS tp_count FROM `mzw_sdk_pay_orders` LIMIT 1   [ RunTime:0.1939s ]
SQL: SELECT * FROM `mzw_sdk_pay_orders` ORDER BY id desc LIMIT 0,30   [ RunTime:0.0243s ]
INFO: [ view_parse ] --START--
INFO: [ template_filter ] --START--
INFO: Run Behavior\ContentReplaceBehavior [ RunTime:0.000192s ]
INFO: [ template_filter ] --END-- [ RunTime:0.000426s ]
NOTIC: [8] Undefined index: notice D:\web\new.muzhiwan.com\admin.pay.mzw.com\Apps\Runtime\Cache\Admin\1e467c5956f5a6f966d55e159e16805d.php 第 286 行.
INFO: Run Behavior\ParseTemplateBehavior [ RunTime:0.038707s ]
INFO: [ view_parse ] --END-- [ RunTime:0.038987s ]
INFO: [ view_filter ] --START--
INFO: Run Behavior\WriteHtmlCacheBehavior [ RunTime:0.001337s ]
INFO: Run Behavior\TokenBuildBehavior [ RunTime:0.005257s ]
INFO: [ view_filter ] --END-- [ RunTime:0.006906s ]
INFO: [ app_end ] --START--
INFO: Run Behavior\ShowPageTraceBehavior [ RunTime:0.001289s ]
INFO: [ app_end ] --END-- [ RunTime:0.001427s ]

[ 2015-07-30T09:51:56+08:00 ] 127.0.0.1 /favicon.ico
INFO: [ app_init ] --START--
INFO: Run Behavior\BuildLiteBehavior [ RunTime:0.000032s ]
INFO: [ app_init ] --END-- [ RunTime:0.000705s ]

[ 2015-07-30T09:54:22+08:00 ] 127.0.0.1 /Member/orderlist
INFO: [ app_init ] --START--
INFO: Run Behavior\BuildLiteBehavior [ RunTime:0.000032s ]
INFO: [ app_init ] --END-- [ RunTime:0.000800s ]
INFO: [ app_begin ] --START--
INFO: Run Behavior\ReadHtmlCacheBehavior [ RunTime:0.001665s ]
INFO: [ app_begin ] --END-- [ RunTime:0.002555s ]
SQL: SHOW COLUMNS FROM `admin_nodes` [ RunTime:0.0216s ]
SQL: SELECT * FROM `admin_nodes` WHERE `controller` = 'Member' AND `method` = 'orderlist' LIMIT 1   [ RunTime:0.0210s ]
SQL: SHOW COLUMNS FROM `admin_group_nodes` [ RunTime:0.0226s ]
SQL: SELECT * FROM `admin_group_nodes` WHERE `group_id` = 1 AND `nodes_id` = 31 LIMIT 1   [ RunTime:0.0251s ]
SQL: SHOW COLUMNS FROM `mzw_sdk_pay_orders` [ RunTime:0.0289s ]
SQL: SELECT COUNT(*) AS tp_count FROM `mzw_sdk_pay_orders` LIMIT 1   [ RunTime:0.2004s ]
SQL: SELECT * FROM `mzw_sdk_pay_orders` ORDER BY id desc LIMIT 0,30   [ RunTime:0.0214s ]
INFO: [ view_parse ] --START--
INFO: [ template_filter ] --START--
INFO: Run Behavior\ContentReplaceBehavior [ RunTime:0.000142s ]
INFO: [ template_filter ] --END-- [ RunTime:0.000300s ]
NOTIC: [8] Undefined index: notice D:\web\new.muzhiwan.com\admin.pay.mzw.com\Apps\Runtime\Cache\Admin\1e467c5956f5a6f966d55e159e16805d.php 第 286 行.
INFO: Run Behavior\ParseTemplateBehavior [ RunTime:0.028646s ]
INFO: [ view_parse ] --END-- [ RunTime:0.028806s ]
INFO: [ view_filter ] --START--
INFO: Run Behavior\WriteHtmlCacheBehavior [ RunTime:0.001056s ]
INFO: Run Behavior\TokenBuildBehavior [ RunTime:0.003939s ]
INFO: [ view_filter ] --END-- [ RunTime:0.005364s ]
INFO: [ app_end ] --START--
INFO: Run Behavior\ShowPageTraceBehavior [ RunTime:0.001251s ]
INFO: [ app_end ] --END-- [ RunTime:0.001377s ]

[ 2015-07-30T09:54:23+08:00 ] 127.0.0.1 /favicon.ico
INFO: [ app_init ] --START--
INFO: Run Behavior\BuildLiteBehavior [ RunTime:0.000030s ]
INFO: [ app_init ] --END-- [ RunTime:0.000669s ]

[ 2015-07-30T09:55:52+08:00 ] 127.0.0.1 /Member/orderlist
INFO: [ app_init ] --START--
INFO: Run Behavior\BuildLiteBehavior [ RunTime:0.000088s ]
INFO: [ app_init ] --END-- [ RunTime:0.001252s ]
INFO: [ app_begin ] --START--
INFO: Run Behavior\ReadHtmlCacheBehavior [ RunTime:0.001234s ]
INFO: [ app_begin ] --END-- [ RunTime:0.001444s ]
SQL: SHOW COLUMNS FROM `admin_nodes` [ RunTime:0.0327s ]
SQL: SELECT * FROM `admin_nodes` WHERE `controller` = 'Member' AND `method` = 'orderlist' LIMIT 1   [ RunTime:0.0609s ]
SQL: SHOW COLUMNS FROM `admin_group_nodes` [ RunTime:0.0343s ]
SQL: SELECT * FROM `admin_group_nodes` WHERE `group_id` = 1 AND `nodes_id` = 31 LIMIT 1   [ RunTime:0.0239s ]
SQL: SHOW COLUMNS FROM `mzw_sdk_pay_orders` [ RunTime:0.0209s ]
SQL: SELECT COUNT(*) AS tp_count FROM `mzw_sdk_pay_orders` LIMIT 1   [ RunTime:0.1897s ]
SQL: SELECT * FROM `mzw_sdk_pay_orders` ORDER BY id desc LIMIT 0,30   [ RunTime:0.0221s ]
INFO: [ view_parse ] --START--
INFO: [ template_filter ] --START--
INFO: Run Behavior\ContentReplaceBehavior [ RunTime:0.000199s ]
INFO: [ template_filter ] --END-- [ RunTime:0.000426s ]
NOTIC: [8] Undefined index: notice D:\web\new.muzhiwan.com\admin.pay.mzw.com\Apps\Runtime\Cache\Admin\1e467c5956f5a6f966d55e159e16805d.php 第 286 行.
INFO: Run Behavior\ParseTemplateBehavior [ RunTime:0.033429s ]
INFO: [ view_parse ] --END-- [ RunTime:0.033624s ]
INFO: [ view_filter ] --START--
INFO: Run Behavior\WriteHtmlCacheBehavior [ RunTime:0.000892s ]
INFO: Run Behavior\TokenBuildBehavior [ RunTime:0.005705s ]
INFO: [ view_filter ] --END-- [ RunTime:0.007049s ]
INFO: [ app_end ] --START--
INFO: Run Behavior\ShowPageTraceBehavior [ RunTime:0.002711s ]
INFO: [ app_end ] --END-- [ RunTime:0.003194s ]

[ 2015-07-30T09:55:53+08:00 ] 127.0.0.1 /favicon.ico
INFO: [ app_init ] --START--
INFO: Run Behavior\BuildLiteBehavior [ RunTime:0.000031s ]
INFO: [ app_init ] --END-- [ RunTime:0.000665s ]

[ 2015-07-30T09:56:13+08:00 ] 127.0.0.1 /Member/orderlist
INFO: [ app_init ] --START--
INFO: Run Behavior\BuildLiteBehavior [ RunTime:0.000032s ]
INFO: [ app_init ] --END-- [ RunTime:0.000818s ]
INFO: [ app_begin ] --START--
INFO: Run Behavior\ReadHtmlCacheBehavior [ RunTime:0.001499s ]
INFO: [ app_begin ] --END-- [ RunTime:0.001662s ]
SQL: SHOW COLUMNS FROM `admin_nodes` [ RunTime:0.0223s ]
SQL: SELECT * FROM `admin_nodes` WHERE `controller` = 'Member' AND `method` = 'orderlist' LIMIT 1   [ RunTime:0.0189s ]
SQL: SHOW COLUMNS FROM `admin_group_nodes` [ RunTime:0.0184s ]
SQL: SELECT * FROM `admin_group_nodes` WHERE `group_id` = 1 AND `nodes_id` = 31 LIMIT 1   [ RunTime:0.0201s ]
SQL: SHOW COLUMNS FROM `mzw_sdk_pay_orders` [ RunTime:0.0211s ]
SQL: SELECT COUNT(*) AS tp_count FROM `mzw_sdk_pay_orders` LIMIT 1   [ RunTime:0.1932s ]
SQL: SELECT * FROM `mzw_sdk_pay_orders` ORDER BY id desc LIMIT 0,30   [ RunTime:0.0272s ]
INFO: [ view_parse ] --START--
INFO: [ template_filter ] --START--
INFO: Run Behavior\ContentReplaceBehavior [ RunTime:0.000132s ]
INFO: [ template_filter ] --END-- [ RunTime:0.000268s ]
NOTIC: [8] Undefined index: notice D:\web\new.muzhiwan.com\admin.pay.mzw.com\Apps\Runtime\Cache\Admin\1e467c5956f5a6f966d55e159e16805d.php 第 286 行.
INFO: Run Behavior\ParseTemplateBehavior [ RunTime:0.031121s ]
INFO: [ view_parse ] --END-- [ RunTime:0.031297s ]
INFO: [ view_filter ] --START--
INFO: Run Behavior\WriteHtmlCacheBehavior [ RunTime:0.000657s ]
INFO: Run Behavior\TokenBuildBehavior [ RunTime:0.003426s ]
INFO: [ view_filter ] --END-- [ RunTime:0.004289s ]
INFO: [ app_end ] --START--
INFO: Run Behavior\ShowPageTraceBehavior [ RunTime:0.001323s ]
INFO: [ app_end ] --END-- [ RunTime:0.001451s ]

[ 2015-07-30T09:56:14+08:00 ] 127.0.0.1 /favicon.ico
INFO: [ app_init ] --START--
INFO: Run Behavior\BuildLiteBehavior [ RunTime:0.000031s ]
INFO: [ app_init ] --END-- [ RunTime:0.000686s ]

[ 2015-07-30T09:56:31+08:00 ] 127.0.0.1 /Member/orderlist
INFO: [ app_init ] --START--
INFO: Run Behavior\BuildLiteBehavior [ RunTime:0.000031s ]
INFO: [ app_init ] --END-- [ RunTime:0.000683s ]
INFO: [ app_begin ] --START--
INFO: Run Behavior\ReadHtmlCacheBehavior [ RunTime:0.001172s ]
INFO: [ app_begin ] --END-- [ RunTime:0.001345s ]
SQL: SHOW COLUMNS FROM `admin_nodes` [ RunTime:0.0205s ]
SQL: SELECT * FROM `admin_nodes` WHERE `controller` = 'Member' AND `method` = 'orderlist' LIMIT 1   [ RunTime:0.0227s ]
SQL: SHOW COLUMNS FROM `admin_group_nodes` [ RunTime:0.0223s ]
SQL: SELECT * FROM `admin_group_nodes` WHERE `group_id` = 1 AND `nodes_id` = 31 LIMIT 1   [ RunTime:0.0205s ]
SQL: SHOW COLUMNS FROM `mzw_sdk_pay_orders` [ RunTime:0.0197s ]
SQL: SELECT COUNT(*) AS tp_count FROM `mzw_sdk_pay_orders` LIMIT 1   [ RunTime:0.1933s ]
SQL: SELECT * FROM `mzw_sdk_pay_orders` ORDER BY id desc LIMIT 0,30   [ RunTime:0.0277s ]
INFO: [ view_parse ] --START--
INFO: [ template_filter ] --START--
INFO: Run Behavior\ContentReplaceBehavior [ RunTime:0.000169s ]
INFO: [ template_filter ] --END-- [ RunTime:0.000356s ]
NOTIC: [8] Undefined index: notice D:\web\new.muzhiwan.com\admin.pay.mzw.com\Apps\Runtime\Cache\Admin\1e467c5956f5a6f966d55e159e16805d.php 第 286 行.
INFO: Run Behavior\ParseTemplateBehavior [ RunTime:0.030886s ]
INFO: [ view_parse ] --END-- [ RunTime:0.031062s ]
INFO: [ view_filter ] --START--
INFO: Run Behavior\WriteHtmlCacheBehavior [ RunTime:0.000878s ]
INFO: Run Behavior\TokenBuildBehavior [ RunTime:0.004548s ]
INFO: [ view_filter ] --END-- [ RunTime:0.005816s ]
INFO: [ app_end ] --START--
INFO: Run Behavior\ShowPageTraceBehavior [ RunTime:0.002046s ]
INFO: [ app_end ] --END-- [ RunTime:0.002359s ]

[ 2015-07-30T09:56:32+08:00 ] 127.0.0.1 /favicon.ico
INFO: [ app_init ] --START--
INFO: Run Behavior\BuildLiteBehavior [ RunTime:0.000031s ]
INFO: [ app_init ] --END-- [ RunTime:0.000761s ]

[ 2015-07-30T09:56:42+08:00 ] 127.0.0.1 /Member/orderlist?order_no=&uid=4540207&trade_status=1&token=1e5094fc57c5a9fd9b4dc523aaab65fa_981e39472a17abec57ed0d8b1fa59036
INFO: [ app_init ] --START--
INFO: Run Behavior\BuildLiteBehavior [ RunTime:0.000032s ]
INFO: [ app_init ] --END-- [ RunTime:0.000695s ]
INFO: [ app_begin ] --START--
INFO: Run Behavior\ReadHtmlCacheBehavior [ RunTime:0.001012s ]
INFO: [ app_begin ] --END-- [ RunTime:0.001181s ]
SQL: SHOW COLUMNS FROM `admin_nodes` [ RunTime:0.0234s ]
SQL: SELECT * FROM `admin_nodes` WHERE `controller` = 'Member' AND `method` = 'orderlist' LIMIT 1   [ RunTime:0.0203s ]
SQL: SHOW COLUMNS FROM `admin_group_nodes` [ RunTime:0.0183s ]
SQL: SELECT * FROM `admin_group_nodes` WHERE `group_id` = 1 AND `nodes_id` = 31 LIMIT 1   [ RunTime:0.0187s ]
SQL: SHOW COLUMNS FROM `mzw_sdk_pay_orders` [ RunTime:0.0214s ]
SQL: SELECT COUNT(*) AS tp_count FROM `mzw_sdk_pay_orders` WHERE `uid` = 4540207 LIMIT 1   [ RunTime:0.3094s ]
SQL: SELECT * FROM `mzw_sdk_pay_orders` WHERE `uid` = 4540207 ORDER BY id desc LIMIT 0,30   [ RunTime:0.4307s ]
INFO: [ view_parse ] --START--
INFO: [ template_filter ] --START--
INFO: Run Behavior\ContentReplaceBehavior [ RunTime:0.000128s ]
INFO: [ template_filter ] --END-- [ RunTime:0.000275s ]
NOTIC: [8] Undefined index: notice D:\web\new.muzhiwan.com\admin.pay.mzw.com\Apps\Runtime\Cache\Admin\1e467c5956f5a6f966d55e159e16805d.php 第 286 行.
INFO: Run Behavior\ParseTemplateBehavior [ RunTime:0.029690s ]
INFO: [ view_parse ] --END-- [ RunTime:0.029908s ]
INFO: [ view_filter ] --START--
INFO: Run Behavior\WriteHtmlCacheBehavior [ RunTime:0.000514s ]
INFO: Run Behavior\TokenBuildBehavior [ RunTime:0.004199s ]
INFO: [ view_filter ] --END-- [ RunTime:0.005008s ]
INFO: [ app_end ] --START--
INFO: Run Behavior\ShowPageTraceBehavior [ RunTime:0.001839s ]
INFO: [ app_end ] --END-- [ RunTime:0.002089s ]

[ 2015-07-30T09:56:43+08:00 ] 127.0.0.1 /favicon.ico
INFO: [ app_init ] --START--
INFO: Run Behavior\BuildLiteBehavior [ RunTime:0.000032s ]
INFO: [ app_init ] --END-- [ RunTime:0.000744s ]

[ 2015-07-30T10:28:13+08:00 ] 127.0.0.1 /Member/orderlist?order_no=&uid=4540207&trade_status=1&token=1e5094fc57c5a9fd9b4dc523aaab65fa_981e39472a17abec57ed0d8b1fa59036
INFO: [ app_init ] --START--
INFO: Run Behavior\BuildLiteBehavior [ RunTime:0.000032s ]
INFO: [ app_init ] --END-- [ RunTime:0.000859s ]
INFO: [ app_begin ] --START--
INFO: Run Behavior\ReadHtmlCacheBehavior [ RunTime:0.001087s ]
INFO: [ app_begin ] --END-- [ RunTime:0.001230s ]
SQL: SHOW COLUMNS FROM `admin_nodes` [ RunTime:0.0212s ]
SQL: SELECT * FROM `admin_nodes` WHERE `controller` = 'Member' AND `method` = 'orderlist' LIMIT 1   [ RunTime:0.0253s ]
SQL: SHOW COLUMNS FROM `admin_group_nodes` [ RunTime:0.0256s ]
SQL: SELECT * FROM `admin_group_nodes` WHERE `group_id` = 1 AND `nodes_id` = 31 LIMIT 1   [ RunTime:0.0214s ]
SQL: SHOW COLUMNS FROM `mzw_sdk_pay_orders` [ RunTime:0.0230s ]
SQL: SELECT COUNT(*) AS tp_count FROM `mzw_sdk_pay_orders` WHERE `uid` = 4540207 LIMIT 1   [ RunTime:0.3092s ]
SQL: SELECT * FROM `mzw_sdk_pay_orders` WHERE `uid` = 4540207 ORDER BY id desc LIMIT 0,30   [ RunTime:0.4288s ]
INFO: [ view_parse ] --START--
INFO: [ template_filter ] --START--
INFO: Run Behavior\ContentReplaceBehavior [ RunTime:0.000187s ]
INFO: [ template_filter ] --END-- [ RunTime:0.000332s ]
NOTIC: [8] Undefined index: pageNumber D:\web\new.muzhiwan.com\admin.pay.mzw.com\Apps\Runtime\Cache\Admin\1e467c5956f5a6f966d55e159e16805d.php 第 218 行.
NOTIC: [8] Undefined index: notice D:\web\new.muzhiwan.com\admin.pay.mzw.com\Apps\Runtime\Cache\Admin\1e467c5956f5a6f966d55e159e16805d.php 第 286 行.
INFO: Run Behavior\ParseTemplateBehavior [ RunTime:0.028248s ]
INFO: [ view_parse ] --END-- [ RunTime:0.028402s ]
INFO: [ view_filter ] --START--
INFO: Run Behavior\WriteHtmlCacheBehavior [ RunTime:0.000678s ]
INFO: Run Behavior\TokenBuildBehavior [ RunTime:0.003667s ]
INFO: [ view_filter ] --END-- [ RunTime:0.004554s ]
INFO: [ app_end ] --START--
INFO: Run Behavior\ShowPageTraceBehavior [ RunTime:0.001113s ]
INFO: [ app_end ] --END-- [ RunTime:0.001251s ]

[ 2015-07-30T10:28:14+08:00 ] 127.0.0.1 /favicon.ico
INFO: [ app_init ] --START--
INFO: Run Behavior\BuildLiteBehavior [ RunTime:0.000033s ]
INFO: [ app_init ] --END-- [ RunTime:0.000675s ]

[ 2015-07-30T10:28:14+08:00 ] 127.0.0.1 /favicon.ico
INFO: [ app_init ] --START--
INFO: Run Behavior\BuildLiteBehavior [ RunTime:0.000031s ]
INFO: [ app_init ] --END-- [ RunTime:0.000642s ]

[ 2015-07-30T10:28:34+08:00 ] 127.0.0.1 /Member/orderlist?order_no=&uid=4540207&trade_status=1&token=1e5094fc57c5a9fd9b4dc523aaab65fa_981e39472a17abec57ed0d8b1fa59036
INFO: [ app_init ] --START--
INFO: Run Behavior\BuildLiteBehavior [ RunTime:0.000031s ]
INFO: [ app_init ] --END-- [ RunTime:0.000663s ]
INFO: [ app_begin ] --START--
INFO: Run Behavior\ReadHtmlCacheBehavior [ RunTime:0.001194s ]
INFO: [ app_begin ] --END-- [ RunTime:0.001384s ]
SQL: SHOW COLUMNS FROM `admin_nodes` [ RunTime:0.0279s ]
SQL: SELECT * FROM `admin_nodes` WHERE `controller` = 'Member' AND `method` = 'orderlist' LIMIT 1   [ RunTime:0.0235s ]
SQL: SHOW COLUMNS FROM `admin_group_nodes` [ RunTime:0.0206s ]
SQL: SELECT * FROM `admin_group_nodes` WHERE `group_id` = 1 AND `nodes_id` = 31 LIMIT 1   [ RunTime:0.0229s ]
SQL: SHOW COLUMNS FROM `mzw_sdk_pay_orders` [ RunTime:0.0234s ]
SQL: SELECT COUNT(*) AS tp_count FROM `mzw_sdk_pay_orders` WHERE `uid` = 4540207 LIMIT 1   [ RunTime:0.3096s ]
SQL: SELECT * FROM `mzw_sdk_pay_orders` WHERE `uid` = 4540207 ORDER BY id desc LIMIT 0,30   [ RunTime:0.4295s ]
INFO: [ view_parse ] --START--
INFO: [ template_filter ] --START--
INFO: Run Behavior\ContentReplaceBehavior [ RunTime:0.000174s ]
INFO: [ template_filter ] --END-- [ RunTime:0.000363s ]
NOTIC: [8] Undefined index: notice D:\web\new.muzhiwan.com\admin.pay.mzw.com\Apps\Runtime\Cache\Admin\1e467c5956f5a6f966d55e159e16805d.php 第 286 行.
INFO: Run Behavior\ParseTemplateBehavior [ RunTime:0.031301s ]
INFO: [ view_parse ] --END-- [ RunTime:0.031435s ]
INFO: [ view_filter ] --START--
INFO: Run Behavior\WriteHtmlCacheBehavior [ RunTime:0.000549s ]
INFO: Run Behavior\TokenBuildBehavior [ RunTime:0.003204s ]
INFO: [ view_filter ] --END-- [ RunTime:0.003953s ]
INFO: [ app_end ] --START--
INFO: Run Behavior\ShowPageTraceBehavior [ RunTime:0.001144s ]
INFO: [ app_end ] --END-- [ RunTime:0.001268s ]

[ 2015-07-30T10:28:55+08:00 ] 127.0.0.1 /Member/orderlist?order_no=&uid=4540207&trade_status=1&token=1e5094fc57c5a9fd9b4dc523aaab65fa_981e39472a17abec57ed0d8b1fa59036
INFO: [ app_init ] --START--
INFO: Run Behavior\BuildLiteBehavior [ RunTime:0.000031s ]
INFO: [ app_init ] --END-- [ RunTime:0.000691s ]
INFO: [ app_begin ] --START--
INFO: Run Behavior\ReadHtmlCacheBehavior [ RunTime:0.001199s ]
INFO: [ app_begin ] --END-- [ RunTime:0.001350s ]
SQL: SHOW COLUMNS FROM `admin_nodes` [ RunTime:0.0212s ]
SQL: SELECT * FROM `admin_nodes` WHERE `controller` = 'Member' AND `method` = 'orderlist' LIMIT 1   [ RunTime:0.0199s ]
SQL: SHOW COLUMNS FROM `admin_group_nodes` [ RunTime:0.0192s ]
SQL: SELECT * FROM `admin_group_nodes` WHERE `group_id` = 1 AND `nodes_id` = 31 LIMIT 1   [ RunTime:0.0209s ]
SQL: SHOW COLUMNS FROM `mzw_sdk_pay_orders` [ RunTime:0.0272s ]
SQL: SELECT COUNT(*) AS tp_count FROM `mzw_sdk_pay_orders` WHERE `uid` = 4540207 LIMIT 1   [ RunTime:0.3048s ]
SQL: SELECT * FROM `mzw_sdk_pay_orders` WHERE `uid` = 4540207 ORDER BY id desc LIMIT 0,30   [ RunTime:0.4229s ]
INFO: [ view_parse ] --START--
INFO: [ template_filter ] --START--
INFO: Run Behavior\ContentReplaceBehavior [ RunTime:0.000167s ]
INFO: [ template_filter ] --END-- [ RunTime:0.000347s ]
NOTIC: [8] Undefined index: notice D:\web\new.muzhiwan.com\admin.pay.mzw.com\Apps\Runtime\Cache\Admin\1e467c5956f5a6f966d55e159e16805d.php 第 286 行.
INFO: Run Behavior\ParseTemplateBehavior [ RunTime:0.028895s ]
INFO: [ view_parse ] --END-- [ RunTime:0.029041s ]
INFO: [ view_filter ] --START--
INFO: Run Behavior\WriteHtmlCacheBehavior [ RunTime:0.000628s ]
INFO: Run Behavior\TokenBuildBehavior [ RunTime:0.003279s ]
INFO: [ view_filter ] --END-- [ RunTime:0.004104s ]
INFO: [ app_end ] --START--
INFO: Run Behavior\ShowPageTraceBehavior [ RunTime:0.001016s ]
INFO: [ app_end ] --END-- [ RunTime:0.001132s ]

[ 2015-07-30T10:35:10+08:00 ] 127.0.0.1 /Member/orderlist?order_no=&uid=4540207&trade_status=1&token=1e5094fc57c5a9fd9b4dc523aaab65fa_981e39472a17abec57ed0d8b1fa59036
INFO: [ app_init ] --START--
INFO: Run Behavior\BuildLiteBehavior [ RunTime:0.000029s ]
INFO: [ app_init ] --END-- [ RunTime:0.000852s ]
INFO: [ app_begin ] --START--
INFO: Run Behavior\ReadHtmlCacheBehavior [ RunTime:0.001070s ]
INFO: [ app_begin ] --END-- [ RunTime:0.001227s ]
SQL: SHOW COLUMNS FROM `admin_nodes` [ RunTime:0.0207s ]
SQL: SELECT * FROM `admin_nodes` WHERE `controller` = 'Member' AND `method` = 'orderlist' LIMIT 1   [ RunTime:0.0218s ]
SQL: SHOW COLUMNS FROM `admin_group_nodes` [ RunTime:0.0192s ]
SQL: SELECT * FROM `admin_group_nodes` WHERE `group_id` = 1 AND `nodes_id` = 31 LIMIT 1   [ RunTime:0.0207s ]
SQL: SHOW COLUMNS FROM `mzw_sdk_pay_orders` [ RunTime:0.0230s ]
SQL: SELECT COUNT(*) AS tp_count FROM `mzw_sdk_pay_orders` WHERE `uid` = 4540207 LIMIT 1   [ RunTime:0.3084s ]
SQL: SELECT * FROM `mzw_sdk_pay_orders` WHERE `uid` = 4540207 ORDER BY id desc LIMIT 0,30   [ RunTime:0.4301s ]
INFO: [ view_parse ] --START--
INFO: [ template_filter ] --START--
INFO: Run Behavior\ContentReplaceBehavior [ RunTime:0.000225s ]
INFO: [ template_filter ] --END-- [ RunTime:0.000395s ]
NOTIC: [8] Undefined index: notice D:\web\new.muzhiwan.com\admin.pay.mzw.com\Apps\Runtime\Cache\Admin\1e467c5956f5a6f966d55e159e16805d.php 第 295 行.
INFO: Run Behavior\ParseTemplateBehavior [ RunTime:0.029190s ]
INFO: [ view_parse ] --END-- [ RunTime:0.029429s ]
INFO: [ view_filter ] --START--
INFO: Run Behavior\WriteHtmlCacheBehavior [ RunTime:0.001193s ]
INFO: Run Behavior\TokenBuildBehavior [ RunTime:0.004406s ]
INFO: [ view_filter ] --END-- [ RunTime:0.005832s ]
INFO: [ app_end ] --START--
INFO: Run Behavior\ShowPageTraceBehavior [ RunTime:0.001141s ]
INFO: [ app_end ] --END-- [ RunTime:0.001266s ]

[ 2015-07-30T10:36:25+08:00 ] 127.0.0.1 /Member/orderlist?order_no=&uid=4540207&trade_status=1&token=1e5094fc57c5a9fd9b4dc523aaab65fa_981e39472a17abec57ed0d8b1fa59036
INFO: [ app_init ] --START--
INFO: Run Behavior\BuildLiteBehavior [ RunTime:0.000076s ]
INFO: [ app_init ] --END-- [ RunTime:0.000705s ]
INFO: [ app_begin ] --START--
INFO: Run Behavior\ReadHtmlCacheBehavior [ RunTime:0.002198s ]
INFO: [ app_begin ] --END-- [ RunTime:0.002380s ]
SQL: SHOW COLUMNS FROM `admin_nodes` [ RunTime:0.0216s ]
SQL: SELECT * FROM `admin_nodes` WHERE `controller` = 'Member' AND `method` = 'orderlist' LIMIT 1   [ RunTime:0.0218s ]
SQL: SHOW COLUMNS FROM `admin_group_nodes` [ RunTime:0.0201s ]
SQL: SELECT * FROM `admin_group_nodes` WHERE `group_id` = 1 AND `nodes_id` = 31 LIMIT 1   [ RunTime:0.0197s ]
SQL: SHOW COLUMNS FROM `mzw_sdk_pay_orders` [ RunTime:0.0232s ]
SQL: SELECT COUNT(*) AS tp_count FROM `mzw_sdk_pay_orders` WHERE `uid` = 4540207 LIMIT 1   [ RunTime:0.3097s ]
SQL: SELECT * FROM `mzw_sdk_pay_orders` WHERE `uid` = 4540207 ORDER BY id desc LIMIT 0,30   [ RunTime:0.4280s ]
INFO: [ view_parse ] --START--
INFO: [ template_filter ] --START--
INFO: Run Behavior\ContentReplaceBehavior [ RunTime:0.000147s ]
INFO: [ template_filter ] --END-- [ RunTime:0.000281s ]
NOTIC: [8] Undefined index: notice D:\web\new.muzhiwan.com\admin.pay.mzw.com\Apps\Runtime\Cache\Admin\1e467c5956f5a6f966d55e159e16805d.php 第 295 行.
INFO: Run Behavior\ParseTemplateBehavior [ RunTime:0.022128s ]
INFO: [ view_parse ] --END-- [ RunTime:0.022255s ]
INFO: [ view_filter ] --START--
INFO: Run Behavior\WriteHtmlCacheBehavior [ RunTime:0.001030s ]
INFO: Run Behavior\TokenBuildBehavior [ RunTime:0.003386s ]
INFO: [ view_filter ] --END-- [ RunTime:0.004635s ]
INFO: [ app_end ] --START--
INFO: Run Behavior\ShowPageTraceBehavior [ RunTime:0.001022s ]
INFO: [ app_end ] --END-- [ RunTime:0.001139s ]

[ 2015-07-30T10:38:03+08:00 ] 127.0.0.1 /Member/orderlist?order_no=&uid=4540207&trade_status=1&token=1e5094fc57c5a9fd9b4dc523aaab65fa_981e39472a17abec57ed0d8b1fa59036
INFO: [ app_init ] --START--
INFO: Run Behavior\BuildLiteBehavior [ RunTime:0.000034s ]
INFO: [ app_init ] --END-- [ RunTime:0.000927s ]
INFO: [ app_begin ] --START--
INFO: Run Behavior\ReadHtmlCacheBehavior [ RunTime:0.001564s ]
INFO: [ app_begin ] --END-- [ RunTime:0.001742s ]
SQL: SHOW COLUMNS FROM `admin_nodes` [ RunTime:0.0223s ]
SQL: SELECT * FROM `admin_nodes` WHERE `controller` = 'Member' AND `method` = 'orderlist' LIMIT 1   [ RunTime:0.0219s ]
SQL: SHOW COLUMNS FROM `admin_group_nodes` [ RunTime:0.0253s ]
SQL: SELECT * FROM `admin_group_nodes` WHERE `group_id` = 1 AND `nodes_id` = 31 LIMIT 1   [ RunTime:0.0217s ]
SQL: SHOW COLUMNS FROM `mzw_sdk_pay_orders` [ RunTime:0.0205s ]
SQL: SELECT COUNT(*) AS tp_count FROM `mzw_sdk_pay_orders` WHERE `uid` = 4540207 LIMIT 1   [ RunTime:0.3067s ]
SQL: SELECT * FROM `mzw_sdk_pay_orders` WHERE `uid` = 4540207 ORDER BY id desc LIMIT 0,30   [ RunTime:0.4482s ]
INFO: [ view_parse ] --START--
INFO: [ template_filter ] --START--
INFO: Run Behavior\ContentReplaceBehavior [ RunTime:0.000159s ]
INFO: [ template_filter ] --END-- [ RunTime:0.000321s ]
NOTIC: [8] Undefined index: notice D:\web\new.muzhiwan.com\admin.pay.mzw.com\Apps\Runtime\Cache\Admin\1e467c5956f5a6f966d55e159e16805d.php 第 295 行.
INFO: Run Behavior\ParseTemplateBehavior [ RunTime:0.027039s ]
INFO: [ view_parse ] --END-- [ RunTime:0.027192s ]
INFO: [ view_filter ] --START--
INFO: Run Behavior\WriteHtmlCacheBehavior [ RunTime:0.000664s ]
INFO: Run Behavior\TokenBuildBehavior [ RunTime:0.004295s ]
INFO: [ view_filter ] --END-- [ RunTime:0.005205s ]
INFO: [ app_end ] --START--
INFO: Run Behavior\ShowPageTraceBehavior [ RunTime:0.001151s ]
INFO: [ app_end ] --END-- [ RunTime:0.001332s ]

[ 2015-07-30T10:40:14+08:00 ] 127.0.0.1 /Member/orderlist?order_no=&uid=4540207&trade_status=1&token=1e5094fc57c5a9fd9b4dc523aaab65fa_981e39472a17abec57ed0d8b1fa59036
INFO: [ app_init ] --START--
INFO: Run Behavior\BuildLiteBehavior [ RunTime:0.000074s ]
INFO: [ app_init ] --END-- [ RunTime:0.001052s ]
INFO: [ app_begin ] --START--
INFO: Run Behavior\ReadHtmlCacheBehavior [ RunTime:0.001108s ]
INFO: [ app_begin ] --END-- [ RunTime:0.001285s ]
SQL: SHOW COLUMNS FROM `admin_nodes` [ RunTime:0.0225s ]
SQL: SELECT * FROM `admin_nodes` WHERE `controller` = 'Member' AND `method` = 'orderlist' LIMIT 1   [ RunTime:0.0207s ]
SQL: SHOW COLUMNS FROM `admin_group_nodes` [ RunTime:0.0206s ]
SQL: SELECT * FROM `admin_group_nodes` WHERE `group_id` = 1 AND `nodes_id` = 31 LIMIT 1   [ RunTime:0.0219s ]
SQL: SHOW COLUMNS FROM `mzw_sdk_pay_orders` [ RunTime:0.0203s ]
SQL: SELECT COUNT(*) AS tp_count FROM `mzw_sdk_pay_orders` WHERE `uid` = 4540207 LIMIT 1   [ RunTime:0.3052s ]
SQL: SELECT * FROM `mzw_sdk_pay_orders` WHERE `uid` = 4540207 ORDER BY id desc LIMIT 0,30   [ RunTime:0.4713s ]
INFO: [ view_parse ] --START--
INFO: [ template_filter ] --START--
INFO: Run Behavior\ContentReplaceBehavior [ RunTime:0.000178s ]
INFO: [ template_filter ] --END-- [ RunTime:0.000317s ]
NOTIC: [8] Undefined index: notice D:\web\new.muzhiwan.com\admin.pay.mzw.com\Apps\Runtime\Cache\Admin\1e467c5956f5a6f966d55e159e16805d.php 第 295 行.
INFO: Run Behavior\ParseTemplateBehavior [ RunTime:0.025256s ]
INFO: [ view_parse ] --END-- [ RunTime:0.025391s ]
INFO: [ view_filter ] --START--
INFO: Run Behavior\WriteHtmlCacheBehavior [ RunTime:0.000759s ]
INFO: Run Behavior\TokenBuildBehavior [ RunTime:0.004554s ]
INFO: [ view_filter ] --END-- [ RunTime:0.005564s ]
INFO: [ app_end ] --START--
INFO: Run Behavior\ShowPageTraceBehavior [ RunTime:0.001740s ]
INFO: [ app_end ] --END-- [ RunTime:0.001946s ]

[ 2015-07-30T10:40:39+08:00 ] 127.0.0.1 /Member/orderlist?order_no=&uid=4540207&trade_status=1&token=1e5094fc57c5a9fd9b4dc523aaab65fa_981e39472a17abec57ed0d8b1fa59036
INFO: [ app_init ] --START--
INFO: Run Behavior\BuildLiteBehavior [ RunTime:0.000032s ]
INFO: [ app_init ] --END-- [ RunTime:0.000693s ]
INFO: [ app_begin ] --START--
INFO: Run Behavior\ReadHtmlCacheBehavior [ RunTime:0.000929s ]
INFO: [ app_begin ] --END-- [ RunTime:0.001079s ]
SQL: SHOW COLUMNS FROM `admin_nodes` [ RunTime:0.0268s ]
SQL: SELECT * FROM `admin_nodes` WHERE `controller` = 'Member' AND `method` = 'orderlist' LIMIT 1   [ RunTime:0.0264s ]
SQL: SHOW COLUMNS FROM `admin_group_nodes` [ RunTime:0.0213s ]
SQL: SELECT * FROM `admin_group_nodes` WHERE `group_id` = 1 AND `nodes_id` = 31 LIMIT 1   [ RunTime:0.0204s ]
SQL: SHOW COLUMNS FROM `mzw_sdk_pay_orders` [ RunTime:0.0257s ]
SQL: SELECT COUNT(*) AS tp_count FROM `mzw_sdk_pay_orders` WHERE `uid` = 4540207 LIMIT 1   [ RunTime:0.0221s ]
SQL: SELECT * FROM `mzw_sdk_pay_orders` WHERE `uid` = 4540207 ORDER BY id desc LIMIT 0,30   [ RunTime:0.0221s ]
INFO: [ view_parse ] --START--
INFO: [ template_filter ] --START--
INFO: Run Behavior\ContentReplaceBehavior [ RunTime:0.000158s ]
INFO: [ template_filter ] --END-- [ RunTime:0.000303s ]
NOTIC: [8] Undefined index: notice D:\web\new.muzhiwan.com\admin.pay.mzw.com\Apps\Runtime\Cache\Admin\1e467c5956f5a6f966d55e159e16805d.php 第 295 行.
INFO: Run Behavior\ParseTemplateBehavior [ RunTime:0.023182s ]
INFO: [ view_parse ] --END-- [ RunTime:0.023341s ]
INFO: [ view_filter ] --START--
INFO: Run Behavior\WriteHtmlCacheBehavior [ RunTime:0.001075s ]
INFO: Run Behavior\TokenBuildBehavior [ RunTime:0.003258s ]
INFO: [ view_filter ] --END-- [ RunTime:0.004557s ]
INFO: [ app_end ] --START--
INFO: Run Behavior\ShowPageTraceBehavior [ RunTime:0.001076s ]
INFO: [ app_end ] --END-- [ RunTime:0.001191s ]

[ 2015-07-30T10:40:48+08:00 ] 127.0.0.1 /Member/orderlist?order_no=&uid=4540207&trade_status=1&token=1e5094fc57c5a9fd9b4dc523aaab65fa_981e39472a17abec57ed0d8b1fa59036
INFO: [ app_init ] --START--
INFO: Run Behavior\BuildLiteBehavior [ RunTime:0.000030s ]
INFO: [ app_init ] --END-- [ RunTime:0.000755s ]
INFO: [ app_begin ] --START--
INFO: Run Behavior\ReadHtmlCacheBehavior [ RunTime:0.001172s ]
INFO: [ app_begin ] --END-- [ RunTime:0.001383s ]
SQL: SHOW COLUMNS FROM `admin_nodes` [ RunTime:0.0198s ]
SQL: SELECT * FROM `admin_nodes` WHERE `controller` = 'Member' AND `method` = 'orderlist' LIMIT 1   [ RunTime:0.0206s ]
SQL: SHOW COLUMNS FROM `admin_group_nodes` [ RunTime:0.0194s ]
SQL: SELECT * FROM `admin_group_nodes` WHERE `group_id` = 1 AND `nodes_id` = 31 LIMIT 1   [ RunTime:0.0207s ]
SQL: SHOW COLUMNS FROM `mzw_sdk_pay_orders` [ RunTime:0.0210s ]
SQL: SELECT COUNT(*) AS tp_count FROM `mzw_sdk_pay_orders` WHERE `uid` = 4540207 LIMIT 1   [ RunTime:0.3037s ]
SQL: SELECT * FROM `mzw_sdk_pay_orders` WHERE `uid` = 4540207 ORDER BY id desc LIMIT 0,30   [ RunTime:0.4458s ]
INFO: [ view_parse ] --START--
INFO: [ template_filter ] --START--
INFO: Run Behavior\ContentReplaceBehavior [ RunTime:0.000313s ]
INFO: [ template_filter ] --END-- [ RunTime:0.000650s ]
NOTIC: [8] Undefined index: notice D:\web\new.muzhiwan.com\admin.pay.mzw.com\Apps\Runtime\Cache\Admin\1e467c5956f5a6f966d55e159e16805d.php 第 295 行.
INFO: Run Behavior\ParseTemplateBehavior [ RunTime:0.038745s ]
INFO: [ view_parse ] --END-- [ RunTime:0.038989s ]
INFO: [ view_filter ] --START--
INFO: Run Behavior\WriteHtmlCacheBehavior [ RunTime:0.000923s ]
INFO: Run Behavior\TokenBuildBehavior [ RunTime:0.004883s ]
INFO: [ view_filter ] --END-- [ RunTime:0.006203s ]
INFO: [ app_end ] --START--
INFO: Run Behavior\ShowPageTraceBehavior [ RunTime:0.001948s ]
INFO: [ app_end ] --END-- [ RunTime:0.002123s ]

[ 2015-07-30T10:40:55+08:00 ] 127.0.0.1 /Member/orderlist?order_no=&uid=4540207&trade_status=1&token=1e5094fc57c5a9fd9b4dc523aaab65fa_981e39472a17abec57ed0d8b1fa59036
INFO: [ app_init ] --START--
INFO: Run Behavior\BuildLiteBehavior [ RunTime:0.000034s ]
INFO: [ app_init ] --END-- [ RunTime:0.000702s ]
INFO: [ app_begin ] --START--
INFO: Run Behavior\ReadHtmlCacheBehavior [ RunTime:0.001369s ]
INFO: [ app_begin ] --END-- [ RunTime:0.001677s ]
SQL: SHOW COLUMNS FROM `admin_nodes` [ RunTime:0.0212s ]
SQL: SELECT * FROM `admin_nodes` WHERE `controller` = 'Member' AND `method` = 'orderlist' LIMIT 1   [ RunTime:0.0211s ]
SQL: SHOW COLUMNS FROM `admin_group_nodes` [ RunTime:0.0236s ]
SQL: SELECT * FROM `admin_group_nodes` WHERE `group_id` = 1 AND `nodes_id` = 31 LIMIT 1   [ RunTime:0.0213s ]
SQL: SHOW COLUMNS FROM `mzw_sdk_pay_orders` [ RunTime:0.0655s ]
SQL: SELECT COUNT(*) AS tp_count FROM `mzw_sdk_pay_orders` WHERE `uid` = 4540207 LIMIT 1   [ RunTime:0.0212s ]
SQL: SELECT * FROM `mzw_sdk_pay_orders` WHERE `uid` = 4540207 ORDER BY id desc LIMIT 0,30   [ RunTime:0.0256s ]
INFO: [ view_parse ] --START--
INFO: [ template_filter ] --START--
INFO: Run Behavior\ContentReplaceBehavior [ RunTime:0.000134s ]
INFO: [ template_filter ] --END-- [ RunTime:0.000274s ]
NOTIC: [8] Undefined index: notice D:\web\new.muzhiwan.com\admin.pay.mzw.com\Apps\Runtime\Cache\Admin\1e467c5956f5a6f966d55e159e16805d.php 第 295 行.
INFO: Run Behavior\ParseTemplateBehavior [ RunTime:0.025837s ]
INFO: [ view_parse ] --END-- [ RunTime:0.025969s ]
INFO: [ view_filter ] --START--
INFO: Run Behavior\WriteHtmlCacheBehavior [ RunTime:0.000724s ]
INFO: Run Behavior\TokenBuildBehavior [ RunTime:0.003554s ]
INFO: [ view_filter ] --END-- [ RunTime:0.004486s ]
INFO: [ app_end ] --START--
INFO: Run Behavior\ShowPageTraceBehavior [ RunTime:0.001215s ]
INFO: [ app_end ] --END-- [ RunTime:0.001340s ]

[ 2015-07-30T10:40:57+08:00 ] 127.0.0.1 /Member/orderlist?order_no=&uid=4540207&trade_status=1&token=1e5094fc57c5a9fd9b4dc523aaab65fa_981e39472a17abec57ed0d8b1fa59036
INFO: [ app_init ] --START--
INFO: Run Behavior\BuildLiteBehavior [ RunTime:0.000031s ]
INFO: [ app_init ] --END-- [ RunTime:0.000651s ]
INFO: [ app_begin ] --START--
INFO: Run Behavior\ReadHtmlCacheBehavior [ RunTime:0.001512s ]
INFO: [ app_begin ] --END-- [ RunTime:0.001834s ]
SQL: SHOW COLUMNS FROM `admin_nodes` [ RunTime:0.0207s ]
SQL: SELECT * FROM `admin_nodes` WHERE `controller` = 'Member' AND `method` = 'orderlist' LIMIT 1   [ RunTime:0.0214s ]
SQL: SHOW COLUMNS FROM `admin_group_nodes` [ RunTime:0.0192s ]
SQL: SELECT * FROM `admin_group_nodes` WHERE `group_id` = 1 AND `nodes_id` = 31 LIMIT 1   [ RunTime:0.0248s ]
SQL: SHOW COLUMNS FROM `mzw_sdk_pay_orders` [ RunTime:0.0224s ]
SQL: SELECT COUNT(*) AS tp_count FROM `mzw_sdk_pay_orders` WHERE `uid` = 4540207 LIMIT 1   [ RunTime:0.0209s ]
SQL: SELECT * FROM `mzw_sdk_pay_orders` WHERE `uid` = 4540207 ORDER BY id desc LIMIT 0,30   [ RunTime:0.0244s ]
INFO: [ view_parse ] --START--
INFO: [ template_filter ] --START--
INFO: Run Behavior\ContentReplaceBehavior [ RunTime:0.000179s ]
INFO: [ template_filter ] --END-- [ RunTime:0.000335s ]
NOTIC: [8] Undefined index: notice D:\web\new.muzhiwan.com\admin.pay.mzw.com\Apps\Runtime\Cache\Admin\1e467c5956f5a6f966d55e159e16805d.php 第 295 行.
INFO: Run Behavior\ParseTemplateBehavior [ RunTime:0.026117s ]
INFO: [ view_parse ] --END-- [ RunTime:0.026267s ]
INFO: [ view_filter ] --START--
INFO: Run Behavior\WriteHtmlCacheBehavior [ RunTime:0.000588s ]
INFO: Run Behavior\TokenBuildBehavior [ RunTime:0.003559s ]
INFO: [ view_filter ] --END-- [ RunTime:0.004371s ]
INFO: [ app_end ] --START--
INFO: Run Behavior\ShowPageTraceBehavior [ RunTime:0.001122s ]
INFO: [ app_end ] --END-- [ RunTime:0.001243s ]

[ 2015-07-30T10:41:13+08:00 ] 127.0.0.1 /Member/orderlist?order_no=&uid=4540207&trade_status=-1&token=7a1f9e85f44d584908360fbcf7869312_60e34960812a850115f7a91d124a0a70
INFO: [ app_init ] --START--
INFO: Run Behavior\BuildLiteBehavior [ RunTime:0.000031s ]
INFO: [ app_init ] --END-- [ RunTime:0.000718s ]
INFO: [ app_begin ] --START--
INFO: Run Behavior\ReadHtmlCacheBehavior [ RunTime:0.000910s ]
INFO: [ app_begin ] --END-- [ RunTime:0.001071s ]
SQL: SHOW COLUMNS FROM `admin_nodes` [ RunTime:0.0227s ]
SQL: SELECT * FROM `admin_nodes` WHERE `controller` = 'Member' AND `method` = 'orderlist' LIMIT 1   [ RunTime:0.0227s ]
SQL: SHOW COLUMNS FROM `admin_group_nodes` [ RunTime:0.0224s ]
SQL: SELECT * FROM `admin_group_nodes` WHERE `group_id` = 1 AND `nodes_id` = 31 LIMIT 1   [ RunTime:0.0222s ]
SQL: SHOW COLUMNS FROM `mzw_sdk_pay_orders` [ RunTime:0.0224s ]
SQL: SELECT COUNT(*) AS tp_count FROM `mzw_sdk_pay_orders` WHERE `uid` = 4540207 LIMIT 1   [ RunTime:0.3049s ]
SQL: SELECT * FROM `mzw_sdk_pay_orders` WHERE `uid` = 4540207 ORDER BY id desc LIMIT 0,30   [ RunTime:0.4349s ]
INFO: [ view_parse ] --START--
INFO: [ template_filter ] --START--
INFO: Run Behavior\ContentReplaceBehavior [ RunTime:0.000141s ]
INFO: [ template_filter ] --END-- [ RunTime:0.000294s ]
NOTIC: [8] Undefined index: notice D:\web\new.muzhiwan.com\admin.pay.mzw.com\Apps\Runtime\Cache\Admin\1e467c5956f5a6f966d55e159e16805d.php 第 295 行.
INFO: Run Behavior\ParseTemplateBehavior [ RunTime:0.025068s ]
INFO: [ view_parse ] --END-- [ RunTime:0.025222s ]
INFO: [ view_filter ] --START--
INFO: Run Behavior\WriteHtmlCacheBehavior [ RunTime:0.000690s ]
INFO: Run Behavior\TokenBuildBehavior [ RunTime:0.003691s ]
INFO: [ view_filter ] --END-- [ RunTime:0.004584s ]
INFO: [ app_end ] --START--
INFO: Run Behavior\ShowPageTraceBehavior [ RunTime:0.001349s ]
INFO: [ app_end ] --END-- [ RunTime:0.001486s ]

[ 2015-07-30T10:41:20+08:00 ] 127.0.0.1 /Member/orderlist?order_no=&uid=4540207&trade_status=999&token=12adcaed199d1ae29b4e21762944ad4a_8a7df80714544aa6152a18eddd556e37
INFO: [ app_init ] --START--
INFO: Run Behavior\BuildLiteBehavior [ RunTime:0.000068s ]
INFO: [ app_init ] --END-- [ RunTime:0.001077s ]
INFO: [ app_begin ] --START--
INFO: Run Behavior\ReadHtmlCacheBehavior [ RunTime:0.000872s ]
INFO: [ app_begin ] --END-- [ RunTime:0.001027s ]
SQL: SHOW COLUMNS FROM `admin_nodes` [ RunTime:0.0217s ]
SQL: SELECT * FROM `admin_nodes` WHERE `controller` = 'Member' AND `method` = 'orderlist' LIMIT 1   [ RunTime:0.0202s ]
SQL: SHOW COLUMNS FROM `admin_group_nodes` [ RunTime:0.0196s ]
SQL: SELECT * FROM `admin_group_nodes` WHERE `group_id` = 1 AND `nodes_id` = 31 LIMIT 1   [ RunTime:0.0194s ]
SQL: SHOW COLUMNS FROM `mzw_sdk_pay_orders` [ RunTime:0.0197s ]
SQL: SELECT COUNT(*) AS tp_count FROM `mzw_sdk_pay_orders` WHERE `uid` = 4540207 LIMIT 1   [ RunTime:0.3086s ]
SQL: SELECT * FROM `mzw_sdk_pay_orders` WHERE `uid` = 4540207 ORDER BY id desc LIMIT 0,30   [ RunTime:0.4440s ]
INFO: [ view_parse ] --START--
INFO: [ template_filter ] --START--
INFO: Run Behavior\ContentReplaceBehavior [ RunTime:0.000148s ]
INFO: [ template_filter ] --END-- [ RunTime:0.000297s ]
NOTIC: [8] Undefined index: notice D:\web\new.muzhiwan.com\admin.pay.mzw.com\Apps\Runtime\Cache\Admin\1e467c5956f5a6f966d55e159e16805d.php 第 295 行.
INFO: Run Behavior\ParseTemplateBehavior [ RunTime:0.026356s ]
INFO: [ view_parse ] --END-- [ RunTime:0.026489s ]
INFO: [ view_filter ] --START--
INFO: Run Behavior\WriteHtmlCacheBehavior [ RunTime:0.000747s ]
INFO: Run Behavior\TokenBuildBehavior [ RunTime:0.003409s ]
INFO: [ view_filter ] --END-- [ RunTime:0.004345s ]
INFO: [ app_end ] --START--
INFO: Run Behavior\ShowPageTraceBehavior [ RunTime:0.001124s ]
INFO: [ app_end ] --END-- [ RunTime:0.001243s ]

[ 2015-07-30T10:41:40+08:00 ] 127.0.0.1 /Member/orderlist/uid/4540207/trade_status/999/token/12adcaed199d1ae29b4e21762944ad4a_8a7df80714544aa6152a18eddd556e37/p/6
INFO: [ app_init ] --START--
INFO: Run Behavior\BuildLiteBehavior [ RunTime:0.000032s ]
INFO: [ app_init ] --END-- [ RunTime:0.000700s ]
INFO: [ app_begin ] --START--
INFO: Run Behavior\ReadHtmlCacheBehavior [ RunTime:0.000934s ]
INFO: [ app_begin ] --END-- [ RunTime:0.001091s ]
SQL: SHOW COLUMNS FROM `admin_nodes` [ RunTime:0.0215s ]
SQL: SELECT * FROM `admin_nodes` WHERE `controller` = 'Member' AND `method` = 'orderlist' LIMIT 1   [ RunTime:0.0214s ]
SQL: SHOW COLUMNS FROM `admin_group_nodes` [ RunTime:0.0222s ]
SQL: SELECT * FROM `admin_group_nodes` WHERE `group_id` = 1 AND `nodes_id` = 31 LIMIT 1   [ RunTime:0.0183s ]
SQL: SHOW COLUMNS FROM `mzw_sdk_pay_orders` [ RunTime:0.0217s ]
NOTIC: [8] Undefined index: order_no D:\web\new.muzhiwan.com\admin.pay.mzw.com\Apps\Admin\Controller\MemberController.class.php 第 31 行.
SQL: SELECT COUNT(*) AS tp_count FROM `mzw_sdk_pay_orders` WHERE `uid` = 4540207 LIMIT 1   [ RunTime:0.3078s ]
SQL: SELECT * FROM `mzw_sdk_pay_orders` WHERE `uid` = 4540207 ORDER BY id desc LIMIT 150,30   [ RunTime:1.2809s ]
INFO: [ view_parse ] --START--
INFO: [ template_filter ] --START--
INFO: Run Behavior\ContentReplaceBehavior [ RunTime:0.000155s ]
INFO: [ template_filter ] --END-- [ RunTime:0.000318s ]
NOTIC: [8] Undefined index: order_no D:\web\new.muzhiwan.com\admin.pay.mzw.com\Apps\Runtime\Cache\Admin\1e467c5956f5a6f966d55e159e16805d.php 第 218 行.
NOTIC: [8] Undefined index: notice D:\web\new.muzhiwan.com\admin.pay.mzw.com\Apps\Runtime\Cache\Admin\1e467c5956f5a6f966d55e159e16805d.php 第 295 行.
INFO: Run Behavior\ParseTemplateBehavior [ RunTime:0.034574s ]
INFO: [ view_parse ] --END-- [ RunTime:0.034784s ]
INFO: [ view_filter ] --START--
INFO: Run Behavior\WriteHtmlCacheBehavior [ RunTime:0.001051s ]
INFO: Run Behavior\TokenBuildBehavior [ RunTime:0.003095s ]
INFO: [ view_filter ] --END-- [ RunTime:0.004413s ]
INFO: [ app_end ] --START--
INFO: Run Behavior\ShowPageTraceBehavior [ RunTime:0.001325s ]
INFO: [ app_end ] --END-- [ RunTime:0.001453s ]

[ 2015-07-30T10:41:46+08:00 ] 127.0.0.1 /Member/orderlist?order_no=&uid=4540207&trade_status=-1&token=1d881ec95e8190918f1bb3803ed2cdd5_5d5c9df4a97f8b4fb024640d92ca5dd0
INFO: [ app_init ] --START--
INFO: Run Behavior\BuildLiteBehavior [ RunTime:0.000033s ]
INFO: [ app_init ] --END-- [ RunTime:0.000641s ]
INFO: [ app_begin ] --START--
INFO: Run Behavior\ReadHtmlCacheBehavior [ RunTime:0.000877s ]
INFO: [ app_begin ] --END-- [ RunTime:0.001025s ]
SQL: SHOW COLUMNS FROM `admin_nodes` [ RunTime:0.0196s ]
SQL: SELECT * FROM `admin_nodes` WHERE `controller` = 'Member' AND `method` = 'orderlist' LIMIT 1   [ RunTime:0.0206s ]
SQL: SHOW COLUMNS FROM `admin_group_nodes` [ RunTime:0.0710s ]
SQL: SELECT * FROM `admin_group_nodes` WHERE `group_id` = 1 AND `nodes_id` = 31 LIMIT 1   [ RunTime:0.0236s ]
SQL: SHOW COLUMNS FROM `mzw_sdk_pay_orders` [ RunTime:0.0206s ]
SQL: SELECT COUNT(*) AS tp_count FROM `mzw_sdk_pay_orders` WHERE `uid` = 4540207 LIMIT 1   [ RunTime:0.3114s ]
SQL: SELECT * FROM `mzw_sdk_pay_orders` WHERE `uid` = 4540207 ORDER BY id desc LIMIT 0,30   [ RunTime:0.4353s ]
INFO: [ view_parse ] --START--
INFO: [ template_filter ] --START--
INFO: Run Behavior\ContentReplaceBehavior [ RunTime:0.000142s ]
INFO: [ template_filter ] --END-- [ RunTime:0.000288s ]
NOTIC: [8] Undefined index: notice D:\web\new.muzhiwan.com\admin.pay.mzw.com\Apps\Runtime\Cache\Admin\1e467c5956f5a6f966d55e159e16805d.php 第 295 行.
INFO: Run Behavior\ParseTemplateBehavior [ RunTime:0.027247s ]
INFO: [ view_parse ] --END-- [ RunTime:0.027385s ]
INFO: [ view_filter ] --START--
INFO: Run Behavior\WriteHtmlCacheBehavior [ RunTime:0.000832s ]
INFO: Run Behavior\TokenBuildBehavior [ RunTime:0.003655s ]
INFO: [ view_filter ] --END-- [ RunTime:0.004697s ]
INFO: [ app_end ] --START--
INFO: Run Behavior\ShowPageTraceBehavior [ RunTime:0.001135s ]
INFO: [ app_end ] --END-- [ RunTime:0.001254s ]

[ 2015-07-30T10:41:52+08:00 ] 127.0.0.1 /Member/orderlist?order_no=&uid=4540207&trade_status=-1&token=6d3c4f33c798f7241423ae36c15accf3_1a46777632226f2ecd0e87aecd5d7647
INFO: [ app_init ] --START--
INFO: Run Behavior\BuildLiteBehavior [ RunTime:0.000031s ]
INFO: [ app_init ] --END-- [ RunTime:0.000732s ]
INFO: [ app_begin ] --START--
INFO: Run Behavior\ReadHtmlCacheBehavior [ RunTime:0.000886s ]
INFO: [ app_begin ] --END-- [ RunTime:0.001065s ]
SQL: SHOW COLUMNS FROM `admin_nodes` [ RunTime:0.0215s ]
SQL: SELECT * FROM `admin_nodes` WHERE `controller` = 'Member' AND `method` = 'orderlist' LIMIT 1   [ RunTime:0.0194s ]
SQL: SHOW COLUMNS FROM `admin_group_nodes` [ RunTime:0.0202s ]
SQL: SELECT * FROM `admin_group_nodes` WHERE `group_id` = 1 AND `nodes_id` = 31 LIMIT 1   [ RunTime:0.0176s ]
SQL: SHOW COLUMNS FROM `mzw_sdk_pay_orders` [ RunTime:0.0266s ]
SQL: SELECT COUNT(*) AS tp_count FROM `mzw_sdk_pay_orders` WHERE `uid` = 4540207 LIMIT 1   [ RunTime:0.3115s ]
SQL: SELECT * FROM `mzw_sdk_pay_orders` WHERE `uid` = 4540207 ORDER BY id desc LIMIT 0,30   [ RunTime:0.4538s ]
INFO: [ view_parse ] --START--
INFO: [ template_filter ] --START--
INFO: Run Behavior\ContentReplaceBehavior [ RunTime:0.000133s ]
INFO: [ template_filter ] --END-- [ RunTime:0.000269s ]
NOTIC: [8] Undefined index: notice D:\web\new.muzhiwan.com\admin.pay.mzw.com\Apps\Runtime\Cache\Admin\1e467c5956f5a6f966d55e159e16805d.php 第 295 行.
INFO: Run Behavior\ParseTemplateBehavior [ RunTime:0.023402s ]
INFO: [ view_parse ] --END-- [ RunTime:0.023531s ]
INFO: [ view_filter ] --START--
INFO: Run Behavior\WriteHtmlCacheBehavior [ RunTime:0.000694s ]
INFO: Run Behavior\TokenBuildBehavior [ RunTime:0.003421s ]
INFO: [ view_filter ] --END-- [ RunTime:0.004323s ]
INFO: [ app_end ] --START--
INFO: Run Behavior\ShowPageTraceBehavior [ RunTime:0.001201s ]
INFO: [ app_end ] --END-- [ RunTime:0.001326s ]

[ 2015-07-30T10:43:08+08:00 ] 127.0.0.1 /Member/orderlist?order_no=&uid=4540207&trade_status=-1&token=6d3c4f33c798f7241423ae36c15accf3_1a46777632226f2ecd0e87aecd5d7647
INFO: [ app_init ] --START--
INFO: Run Behavior\BuildLiteBehavior [ RunTime:0.000032s ]
INFO: [ app_init ] --END-- [ RunTime:0.000741s ]
INFO: [ app_begin ] --START--
INFO: Run Behavior\ReadHtmlCacheBehavior [ RunTime:0.001245s ]
INFO: [ app_begin ] --END-- [ RunTime:0.001454s ]
SQL: SHOW COLUMNS FROM `admin_nodes` [ RunTime:0.0201s ]
SQL: SELECT * FROM `admin_nodes` WHERE `controller` = 'Member' AND `method` = 'orderlist' LIMIT 1   [ RunTime:0.0214s ]
SQL: SHOW COLUMNS FROM `admin_group_nodes` [ RunTime:0.0193s ]
SQL: SELECT * FROM `admin_group_nodes` WHERE `group_id` = 1 AND `nodes_id` = 31 LIMIT 1   [ RunTime:0.0242s ]
SQL: SHOW COLUMNS FROM `mzw_sdk_pay_orders` [ RunTime:0.0252s ]
SQL: SELECT COUNT(*) AS tp_count FROM `mzw_sdk_pay_orders` WHERE `uid` = 4540207 AND `trade_status` = -1 LIMIT 1   [ RunTime:0.6221s ]
SQL: SELECT * FROM `mzw_sdk_pay_orders` WHERE `uid` = 4540207 AND `trade_status` = -1 ORDER BY id desc LIMIT 0,30   [ RunTime:1.0356s ]
INFO: [ view_parse ] --START--
INFO: [ template_filter ] --START--
INFO: Run Behavior\ContentReplaceBehavior [ RunTime:0.000212s ]
INFO: [ template_filter ] --END-- [ RunTime:0.000562s ]
NOTIC: [8] Undefined index: notice D:\web\new.muzhiwan.com\admin.pay.mzw.com\Apps\Runtime\Cache\Admin\1e467c5956f5a6f966d55e159e16805d.php 第 295 行.
INFO: Run Behavior\ParseTemplateBehavior [ RunTime:0.034252s ]
INFO: [ view_parse ] --END-- [ RunTime:0.034455s ]
INFO: [ view_filter ] --START--
INFO: Run Behavior\WriteHtmlCacheBehavior [ RunTime:0.000811s ]
INFO: Run Behavior\TokenBuildBehavior [ RunTime:0.002061s ]
INFO: [ view_filter ] --END-- [ RunTime:0.003187s ]
INFO: [ app_end ] --START--
INFO: Run Behavior\ShowPageTraceBehavior [ RunTime:0.001547s ]
INFO: [ app_end ] --END-- [ RunTime:0.001677s ]

[ 2015-07-30T10:43:17+08:00 ] 127.0.0.1 /Member/orderlist
INFO: [ app_init ] --START--
INFO: Run Behavior\BuildLiteBehavior [ RunTime:0.000050s ]
INFO: [ app_init ] --END-- [ RunTime:0.000993s ]
INFO: [ app_begin ] --START--
INFO: Run Behavior\ReadHtmlCacheBehavior [ RunTime:0.001377s ]
INFO: [ app_begin ] --END-- [ RunTime:0.001648s ]
SQL: SHOW COLUMNS FROM `admin_nodes` [ RunTime:0.0207s ]
SQL: SELECT * FROM `admin_nodes` WHERE `controller` = 'Member' AND `method` = 'orderlist' LIMIT 1   [ RunTime:0.0197s ]
SQL: SHOW COLUMNS FROM `admin_group_nodes` [ RunTime:0.0221s ]
SQL: SELECT * FROM `admin_group_nodes` WHERE `group_id` = 1 AND `nodes_id` = 31 LIMIT 1   [ RunTime:0.0191s ]
SQL: SHOW COLUMNS FROM `mzw_sdk_pay_orders` [ RunTime:0.0192s ]
SQL: SELECT COUNT(*) AS tp_count FROM `mzw_sdk_pay_orders` LIMIT 1   [ RunTime:0.1870s ]
SQL: SELECT * FROM `mzw_sdk_pay_orders` ORDER BY id desc LIMIT 0,30   [ RunTime:0.0268s ]
INFO: [ view_parse ] --START--
INFO: [ template_filter ] --START--
INFO: Run Behavior\ContentReplaceBehavior [ RunTime:0.000125s ]
INFO: [ template_filter ] --END-- [ RunTime:0.000255s ]
NOTIC: [8] Undefined index: order_no D:\web\new.muzhiwan.com\admin.pay.mzw.com\Apps\Runtime\Cache\Admin\1e467c5956f5a6f966d55e159e16805d.php 第 218 行.
NOTIC: [8] Undefined index: uid D:\web\new.muzhiwan.com\admin.pay.mzw.com\Apps\Runtime\Cache\Admin\1e467c5956f5a6f966d55e159e16805d.php 第 219 行.
NOTIC: [8] Undefined index: trade_status D:\web\new.muzhiwan.com\admin.pay.mzw.com\Apps\Runtime\Cache\Admin\1e467c5956f5a6f966d55e159e16805d.php 第 221 行.
NOTIC: [8] Undefined index: notice D:\web\new.muzhiwan.com\admin.pay.mzw.com\Apps\Runtime\Cache\Admin\1e467c5956f5a6f966d55e159e16805d.php 第 295 行.
INFO: Run Behavior\ParseTemplateBehavior [ RunTime:0.023651s ]
INFO: [ view_parse ] --END-- [ RunTime:0.023781s ]
INFO: [ view_filter ] --START--
INFO: Run Behavior\WriteHtmlCacheBehavior [ RunTime:0.000705s ]
INFO: Run Behavior\TokenBuildBehavior [ RunTime:0.003979s ]
INFO: [ view_filter ] --END-- [ RunTime:0.004989s ]
INFO: [ app_end ] --START--
INFO: Run Behavior\ShowPageTraceBehavior [ RunTime:0.001492s ]
INFO: [ app_end ] --END-- [ RunTime:0.001678s ]

[ 2015-07-30T10:43:26+08:00 ] 127.0.0.1 /Member/orderlist?order_no=&uid=8257052&trade_status=1&token=1e5094fc57c5a9fd9b4dc523aaab65fa_727906e0e7732b774ae148359ba4efc4
INFO: [ app_init ] --START--
INFO: Run Behavior\BuildLiteBehavior [ RunTime:0.000034s ]
INFO: [ app_init ] --END-- [ RunTime:0.000694s ]
INFO: [ app_begin ] --START--
INFO: Run Behavior\ReadHtmlCacheBehavior [ RunTime:0.001408s ]
INFO: [ app_begin ] --END-- [ RunTime:0.001566s ]
SQL: SHOW COLUMNS FROM `admin_nodes` [ RunTime:0.0237s ]
SQL: SELECT * FROM `admin_nodes` WHERE `controller` = 'Member' AND `method` = 'orderlist' LIMIT 1   [ RunTime:0.0209s ]
SQL: SHOW COLUMNS FROM `admin_group_nodes` [ RunTime:0.0179s ]
SQL: SELECT * FROM `admin_group_nodes` WHERE `group_id` = 1 AND `nodes_id` = 31 LIMIT 1   [ RunTime:0.0214s ]
SQL: SHOW COLUMNS FROM `mzw_sdk_pay_orders` [ RunTime:0.0204s ]
SQL: SELECT COUNT(*) AS tp_count FROM `mzw_sdk_pay_orders` WHERE `uid` = 8257052 AND `trade_status` = 1 LIMIT 1   [ RunTime:0.6474s ]
SQL: SELECT * FROM `mzw_sdk_pay_orders` WHERE `uid` = 8257052 AND `trade_status` = 1 ORDER BY id desc LIMIT 0,30   [ RunTime:1.2506s ]
INFO: [ view_parse ] --START--
INFO: [ template_filter ] --START--
INFO: Run Behavior\ContentReplaceBehavior [ RunTime:0.000125s ]
INFO: [ template_filter ] --END-- [ RunTime:0.000263s ]
NOTIC: [8] Undefined index: notice D:\web\new.muzhiwan.com\admin.pay.mzw.com\Apps\Runtime\Cache\Admin\1e467c5956f5a6f966d55e159e16805d.php 第 295 行.
INFO: Run Behavior\ParseTemplateBehavior [ RunTime:0.041932s ]
INFO: [ view_parse ] --END-- [ RunTime:0.042217s ]
INFO: [ view_filter ] --START--
INFO: Run Behavior\WriteHtmlCacheBehavior [ RunTime:0.000789s ]
INFO: Run Behavior\TokenBuildBehavior [ RunTime:0.001971s ]
INFO: [ view_filter ] --END-- [ RunTime:0.002955s ]
INFO: [ app_end ] --START--
INFO: Run Behavior\ShowPageTraceBehavior [ RunTime:0.001423s ]
INFO: [ app_end ] --END-- [ RunTime:0.001558s ]

[ 2015-07-30T10:43:44+08:00 ] 127.0.0.1 /Member/orderlist?order_no=&uid=1583859&trade_status=1&token=1e5094fc57c5a9fd9b4dc523aaab65fa_727906e0e7732b774ae148359ba4efc4
INFO: [ app_init ] --START--
INFO: Run Behavior\BuildLiteBehavior [ RunTime:0.000032s ]
INFO: [ app_init ] --END-- [ RunTime:0.000646s ]
INFO: [ app_begin ] --START--
INFO: Run Behavior\ReadHtmlCacheBehavior [ RunTime:0.001174s ]
INFO: [ app_begin ] --END-- [ RunTime:0.001379s ]
SQL: SHOW COLUMNS FROM `admin_nodes` [ RunTime:0.0212s ]
SQL: SELECT * FROM `admin_nodes` WHERE `controller` = 'Member' AND `method` = 'orderlist' LIMIT 1   [ RunTime:0.0204s ]
SQL: SHOW COLUMNS FROM `admin_group_nodes` [ RunTime:0.0228s ]
SQL: SELECT * FROM `admin_group_nodes` WHERE `group_id` = 1 AND `nodes_id` = 31 LIMIT 1   [ RunTime:0.0477s ]
SQL: SHOW COLUMNS FROM `mzw_sdk_pay_orders` [ RunTime:0.0405s ]
SQL: SELECT COUNT(*) AS tp_count FROM `mzw_sdk_pay_orders` WHERE `uid` = 1583859 AND `trade_status` = 1 LIMIT 1   [ RunTime:0.6213s ]
SQL: SELECT * FROM `mzw_sdk_pay_orders` WHERE `uid` = 1583859 AND `trade_status` = 1 ORDER BY id desc LIMIT 0,30   [ RunTime:1.0616s ]
INFO: [ view_parse ] --START--
INFO: [ template_filter ] --START--
INFO: Run Behavior\ContentReplaceBehavior [ RunTime:0.000130s ]
INFO: [ template_filter ] --END-- [ RunTime:0.000270s ]
NOTIC: [8] Undefined index: notice D:\web\new.muzhiwan.com\admin.pay.mzw.com\Apps\Runtime\Cache\Admin\1e467c5956f5a6f966d55e159e16805d.php 第 295 行.
INFO: Run Behavior\ParseTemplateBehavior [ RunTime:0.024634s ]
INFO: [ view_parse ] --END-- [ RunTime:0.024775s ]
INFO: [ view_filter ] --START--
INFO: Run Behavior\WriteHtmlCacheBehavior [ RunTime:0.000697s ]
INFO: Run Behavior\TokenBuildBehavior [ RunTime:0.002165s ]
INFO: [ view_filter ] --END-- [ RunTime:0.003079s ]
INFO: [ app_end ] --START--
INFO: Run Behavior\ShowPageTraceBehavior [ RunTime:0.001508s ]
INFO: [ app_end ] --END-- [ RunTime:0.001700s ]

[ 2015-07-30T10:43:50+08:00 ] 127.0.0.1 /Member/orderlist?order_no=&uid=1583859&trade_status=-1&token=72108886d3c6b46c3c7ca0da42005602_2419143956a2b1b031d7abd3465ad0ba
INFO: [ app_init ] --START--
INFO: Run Behavior\BuildLiteBehavior [ RunTime:0.000033s ]
INFO: [ app_init ] --END-- [ RunTime:0.000817s ]
INFO: [ app_begin ] --START--
INFO: Run Behavior\ReadHtmlCacheBehavior [ RunTime:0.000880s ]
INFO: [ app_begin ] --END-- [ RunTime:0.001026s ]
SQL: SHOW COLUMNS FROM `admin_nodes` [ RunTime:0.0206s ]
SQL: SELECT * FROM `admin_nodes` WHERE `controller` = 'Member' AND `method` = 'orderlist' LIMIT 1   [ RunTime:0.0211s ]
SQL: SHOW COLUMNS FROM `admin_group_nodes` [ RunTime:0.0202s ]
SQL: SELECT * FROM `admin_group_nodes` WHERE `group_id` = 1 AND `nodes_id` = 31 LIMIT 1   [ RunTime:0.0204s ]
SQL: SHOW COLUMNS FROM `mzw_sdk_pay_orders` [ RunTime:0.0215s ]
SQL: SELECT COUNT(*) AS tp_count FROM `mzw_sdk_pay_orders` WHERE `uid` = 1583859 AND `trade_status` = -1 LIMIT 1   [ RunTime:0.6036s ]
SQL: SELECT * FROM `mzw_sdk_pay_orders` WHERE `uid` = 1583859 AND `trade_status` = -1 ORDER BY id desc LIMIT 0,30   [ RunTime:1.0345s ]
INFO: [ view_parse ] --START--
INFO: [ template_filter ] --START--
INFO: Run Behavior\ContentReplaceBehavior [ RunTime:0.000150s ]
INFO: [ template_filter ] --END-- [ RunTime:0.000288s ]
NOTIC: [8] Undefined index: notice D:\web\new.muzhiwan.com\admin.pay.mzw.com\Apps\Runtime\Cache\Admin\1e467c5956f5a6f966d55e159e16805d.php 第 295 行.
INFO: Run Behavior\ParseTemplateBehavior [ RunTime:0.027451s ]
INFO: [ view_parse ] --END-- [ RunTime:0.027579s ]
INFO: [ view_filter ] --START--
INFO: Run Behavior\WriteHtmlCacheBehavior [ RunTime:0.000663s ]
INFO: Run Behavior\TokenBuildBehavior [ RunTime:0.002073s ]
INFO: [ view_filter ] --END-- [ RunTime:0.002959s ]
INFO: [ app_end ] --START--
INFO: Run Behavior\ShowPageTraceBehavior [ RunTime:0.001576s ]
INFO: [ app_end ] --END-- [ RunTime:0.001773s ]

[ 2015-07-30T10:43:55+08:00 ] 127.0.0.1 /Member/orderlist
INFO: [ app_init ] --START--
INFO: Run Behavior\BuildLiteBehavior [ RunTime:0.000035s ]
INFO: [ app_init ] --END-- [ RunTime:0.000970s ]
INFO: [ app_begin ] --START--
INFO: Run Behavior\ReadHtmlCacheBehavior [ RunTime:0.000936s ]
INFO: [ app_begin ] --END-- [ RunTime:0.001080s ]
SQL: SHOW COLUMNS FROM `admin_nodes` [ RunTime:0.0206s ]
SQL: SELECT * FROM `admin_nodes` WHERE `controller` = 'Member' AND `method` = 'orderlist' LIMIT 1   [ RunTime:0.0187s ]
SQL: SHOW COLUMNS FROM `admin_group_nodes` [ RunTime:0.0234s ]
SQL: SELECT * FROM `admin_group_nodes` WHERE `group_id` = 1 AND `nodes_id` = 31 LIMIT 1   [ RunTime:0.0198s ]
SQL: SHOW COLUMNS FROM `mzw_sdk_pay_orders` [ RunTime:0.0231s ]
SQL: SELECT COUNT(*) AS tp_count FROM `mzw_sdk_pay_orders` LIMIT 1   [ RunTime:0.1899s ]
SQL: SELECT * FROM `mzw_sdk_pay_orders` ORDER BY id desc LIMIT 0,30   [ RunTime:0.0387s ]
INFO: [ view_parse ] --START--
INFO: [ template_filter ] --START--
INFO: Run Behavior\ContentReplaceBehavior [ RunTime:0.000123s ]
INFO: [ template_filter ] --END-- [ RunTime:0.000266s ]
NOTIC: [8] Undefined index: order_no D:\web\new.muzhiwan.com\admin.pay.mzw.com\Apps\Runtime\Cache\Admin\1e467c5956f5a6f966d55e159e16805d.php 第 218 行.
NOTIC: [8] Undefined index: uid D:\web\new.muzhiwan.com\admin.pay.mzw.com\Apps\Runtime\Cache\Admin\1e467c5956f5a6f966d55e159e16805d.php 第 219 行.
NOTIC: [8] Undefined index: trade_status D:\web\new.muzhiwan.com\admin.pay.mzw.com\Apps\Runtime\Cache\Admin\1e467c5956f5a6f966d55e159e16805d.php 第 221 行.
NOTIC: [8] Undefined index: notice D:\web\new.muzhiwan.com\admin.pay.mzw.com\Apps\Runtime\Cache\Admin\1e467c5956f5a6f966d55e159e16805d.php 第 295 行.
INFO: Run Behavior\ParseTemplateBehavior [ RunTime:0.023561s ]
INFO: [ view_parse ] --END-- [ RunTime:0.023690s ]
INFO: [ view_filter ] --START--
INFO: Run Behavior\WriteHtmlCacheBehavior [ RunTime:0.000727s ]
INFO: Run Behavior\TokenBuildBehavior [ RunTime:0.003450s ]
INFO: [ view_filter ] --END-- [ RunTime:0.004380s ]
INFO: [ app_end ] --START--
INFO: Run Behavior\ShowPageTraceBehavior [ RunTime:0.001181s ]
INFO: [ app_end ] --END-- [ RunTime:0.001299s ]

[ 2015-07-30T10:45:46+08:00 ] 127.0.0.1 /Member/money
INFO: [ app_init ] --START--
INFO: Run Behavior\BuildLiteBehavior [ RunTime:0.000077s ]
INFO: [ app_init ] --END-- [ RunTime:0.001246s ]
INFO: [ app_begin ] --START--
INFO: Run Behavior\ReadHtmlCacheBehavior [ RunTime:0.001111s ]
INFO: [ app_begin ] --END-- [ RunTime:0.001255s ]
SQL: SHOW COLUMNS FROM `admin_nodes` [ RunTime:0.0231s ]
SQL: SELECT * FROM `admin_nodes` WHERE `controller` = 'Member' AND `method` = 'money' LIMIT 1   [ RunTime:0.0226s ]
SQL: SHOW COLUMNS FROM `admin_group_nodes` [ RunTime:0.0195s ]
SQL: SELECT * FROM `admin_group_nodes` WHERE `group_id` = 1 AND `nodes_id` = 30 LIMIT 1   [ RunTime:0.0187s ]
SQL: SHOW COLUMNS FROM `mzw_sdk_pay_user_money` [ RunTime:0.0194s ]
SQL: SELECT COUNT(*) AS tp_count FROM `mzw_sdk_pay_user_money` LIMIT 1   [ RunTime:0.0207s ]
SQL: SELECT * FROM `mzw_sdk_pay_user_money` ORDER BY id desc LIMIT 0,30   [ RunTime:0.0218s ]
INFO: [ view_parse ] --START--
INFO: [ template_filter ] --START--
INFO: Run Behavior\ContentReplaceBehavior [ RunTime:0.000118s ]
INFO: [ template_filter ] --END-- [ RunTime:0.000255s ]
NOTIC: [8] Undefined index: notice D:\web\new.muzhiwan.com\admin.pay.mzw.com\Apps\Runtime\Cache\Admin\a6140b03250663eff97a9e7c2bbe37cc.php 第 295 行.
INFO: Run Behavior\ParseTemplateBehavior [ RunTime:0.033680s ]
INFO: [ view_parse ] --END-- [ RunTime:0.033857s ]
INFO: [ view_filter ] --START--
INFO: Run Behavior\WriteHtmlCacheBehavior [ RunTime:0.000914s ]
INFO: Run Behavior\TokenBuildBehavior [ RunTime:0.002787s ]
INFO: [ view_filter ] --END-- [ RunTime:0.004049s ]
INFO: [ app_end ] --START--
INFO: Run Behavior\ShowPageTraceBehavior [ RunTime:0.001792s ]
INFO: [ app_end ] --END-- [ RunTime:0.001954s ]

[ 2015-07-30T10:47:24+08:00 ] 127.0.0.1 /Member/money
INFO: [ app_init ] --START--
INFO: Run Behavior\BuildLiteBehavior [ RunTime:0.000033s ]
INFO: [ app_init ] --END-- [ RunTime:0.000789s ]
INFO: [ app_begin ] --START--
INFO: Run Behavior\ReadHtmlCacheBehavior [ RunTime:0.001081s ]
INFO: [ app_begin ] --END-- [ RunTime:0.001269s ]
SQL: SHOW COLUMNS FROM `admin_nodes` [ RunTime:0.0187s ]
SQL: SELECT * FROM `admin_nodes` WHERE `controller` = 'Member' AND `method` = 'money' LIMIT 1   [ RunTime:0.0204s ]
SQL: SHOW COLUMNS FROM `admin_group_nodes` [ RunTime:0.0194s ]
SQL: SELECT * FROM `admin_group_nodes` WHERE `group_id` = 1 AND `nodes_id` = 30 LIMIT 1   [ RunTime:0.0193s ]
SQL: SHOW COLUMNS FROM `mzw_sdk_pay_user_money` [ RunTime:0.0229s ]
SQL: SELECT COUNT(*) AS tp_count FROM `mzw_sdk_pay_user_money` LIMIT 1   [ RunTime:0.0222s ]
SQL: SELECT * FROM `mzw_sdk_pay_user_money` ORDER BY id desc LIMIT 0,30   [ RunTime:0.0209s ]
INFO: [ view_parse ] --START--
INFO: [ template_filter ] --START--
INFO: Run Behavior\ContentReplaceBehavior [ RunTime:0.000119s ]
INFO: [ template_filter ] --END-- [ RunTime:0.000253s ]
NOTIC: [8] Undefined index: notice D:\web\new.muzhiwan.com\admin.pay.mzw.com\Apps\Runtime\Cache\Admin\a6140b03250663eff97a9e7c2bbe37cc.php 第 279 行.
INFO: Run Behavior\ParseTemplateBehavior [ RunTime:0.023599s ]
INFO: [ view_parse ] --END-- [ RunTime:0.023762s ]
INFO: [ view_filter ] --START--
INFO: Run Behavior\WriteHtmlCacheBehavior [ RunTime:0.000643s ]
INFO: Run Behavior\TokenBuildBehavior [ RunTime:0.002432s ]
INFO: [ view_filter ] --END-- [ RunTime:0.003319s ]
INFO: [ app_end ] --START--
INFO: Run Behavior\ShowPageTraceBehavior [ RunTime:0.001207s ]
INFO: [ app_end ] --END-- [ RunTime:0.001353s ]

[ 2015-07-30T13:16:46+08:00 ] 127.0.0.1 /Member/orderlist
INFO: [ app_init ] --START--
INFO: Run Behavior\BuildLiteBehavior [ RunTime:0.000032s ]
INFO: [ app_init ] --END-- [ RunTime:0.000782s ]
INFO: [ app_begin ] --START--
INFO: Run Behavior\ReadHtmlCacheBehavior [ RunTime:0.001069s ]
INFO: [ app_begin ] --END-- [ RunTime:0.001210s ]
SQL: SHOW COLUMNS FROM `admin_nodes` [ RunTime:0.0235s ]
SQL: SELECT * FROM `admin_nodes` WHERE `controller` = 'Member' AND `method` = 'orderlist' LIMIT 1   [ RunTime:0.0223s ]
SQL: SHOW COLUMNS FROM `admin_group_nodes` [ RunTime:0.3131s ]
SQL: SELECT * FROM `admin_group_nodes` WHERE `group_id` = 1 AND `nodes_id` = 31 LIMIT 1   [ RunTime:0.0195s ]
SQL: SHOW COLUMNS FROM `mzw_sdk_pay_orders` [ RunTime:0.0191s ]
SQL: SELECT COUNT(*) AS tp_count FROM `mzw_sdk_pay_orders` LIMIT 1   [ RunTime:0.1887s ]
SQL: SELECT * FROM `mzw_sdk_pay_orders` ORDER BY id desc LIMIT 0,30   [ RunTime:0.0238s ]
INFO: [ view_parse ] --START--
INFO: [ template_filter ] --START--
INFO: Run Behavior\ContentReplaceBehavior [ RunTime:0.000177s ]
INFO: [ template_filter ] --END-- [ RunTime:0.000319s ]
NOTIC: [8] Undefined index: order_no D:\web\new.muzhiwan.com\admin.pay.mzw.com\Apps\Runtime\Cache\Admin\1e467c5956f5a6f966d55e159e16805d.php 第 218 行.
NOTIC: [8] Undefined index: uid D:\web\new.muzhiwan.com\admin.pay.mzw.com\Apps\Runtime\Cache\Admin\1e467c5956f5a6f966d55e159e16805d.php 第 219 行.
NOTIC: [8] Undefined index: trade_status D:\web\new.muzhiwan.com\admin.pay.mzw.com\Apps\Runtime\Cache\Admin\1e467c5956f5a6f966d55e159e16805d.php 第 221 行.
NOTIC: [8] Undefined index: notice D:\web\new.muzhiwan.com\admin.pay.mzw.com\Apps\Runtime\Cache\Admin\1e467c5956f5a6f966d55e159e16805d.php 第 295 行.
INFO: Run Behavior\ParseTemplateBehavior [ RunTime:0.026206s ]
INFO: [ view_parse ] --END-- [ RunTime:0.026342s ]
INFO: [ view_filter ] --START--
INFO: Run Behavior\WriteHtmlCacheBehavior [ RunTime:0.000711s ]
INFO: Run Behavior\TokenBuildBehavior [ RunTime:0.003625s ]
INFO: [ view_filter ] --END-- [ RunTime:0.004539s ]
INFO: [ app_end ] --START--
INFO: Run Behavior\ShowPageTraceBehavior [ RunTime:0.001293s ]
INFO: [ app_end ] --END-- [ RunTime:0.001427s ]

[ 2015-07-30T13:16:56+08:00 ] 127.0.0.1 /Member/orderlist?order_no=%3Cscript&uid=&trade_status=999&token=1e5094fc57c5a9fd9b4dc523aaab65fa_280aec1ee6d36d227a72f6f84a8c1197
INFO: [ app_init ] --START--
INFO: Run Behavior\BuildLiteBehavior [ RunTime:0.000049s ]
INFO: [ app_init ] --END-- [ RunTime:0.000856s ]
INFO: [ app_begin ] --START--
INFO: Run Behavior\ReadHtmlCacheBehavior [ RunTime:0.000893s ]
INFO: [ app_begin ] --END-- [ RunTime:0.001044s ]
SQL: SHOW COLUMNS FROM `admin_nodes` [ RunTime:0.0217s ]
SQL: SELECT * FROM `admin_nodes` WHERE `controller` = 'Member' AND `method` = 'orderlist' LIMIT 1   [ RunTime:0.0238s ]
SQL: SHOW COLUMNS FROM `admin_group_nodes` [ RunTime:0.0210s ]
SQL: SELECT * FROM `admin_group_nodes` WHERE `group_id` = 1 AND `nodes_id` = 31 LIMIT 1   [ RunTime:0.0193s ]
SQL: SHOW COLUMNS FROM `mzw_sdk_pay_orders` [ RunTime:0.0252s ]
SQL: SELECT COUNT(*) AS tp_count FROM `mzw_sdk_pay_orders` WHERE `order_no` = '&lt;script' LIMIT 1   [ RunTime:0.0181s ]
SQL: SELECT * FROM `mzw_sdk_pay_orders` WHERE `order_no` = '&lt;script' ORDER BY id desc LIMIT 0,30   [ RunTime:0.0208s ]
INFO: [ view_parse ] --START--
INFO: [ template_filter ] --START--
INFO: Run Behavior\ContentReplaceBehavior [ RunTime:0.000151s ]
INFO: [ template_filter ] --END-- [ RunTime:0.000286s ]
NOTIC: [8] Undefined index: notice D:\web\new.muzhiwan.com\admin.pay.mzw.com\Apps\Runtime\Cache\Admin\1e467c5956f5a6f966d55e159e16805d.php 第 295 行.
INFO: Run Behavior\ParseTemplateBehavior [ RunTime:0.025556s ]
INFO: [ view_parse ] --END-- [ RunTime:0.025772s ]
INFO: [ view_filter ] --START--
INFO: Run Behavior\WriteHtmlCacheBehavior [ RunTime:0.000631s ]
INFO: Run Behavior\TokenBuildBehavior [ RunTime:0.001925s ]
INFO: [ view_filter ] --END-- [ RunTime:0.002747s ]
INFO: [ app_end ] --START--
INFO: Run Behavior\ShowPageTraceBehavior [ RunTime:0.001176s ]
INFO: [ app_end ] --END-- [ RunTime:0.001305s ]

[ 2015-07-30T13:17:18+08:00 ] 127.0.0.1 /Member/orderlist?order_no=%3Cscript%22&uid=&trade_status=999&token=3790a6b431341476a01a277a29409094_68b68bf18cd7d8bceddd52658e276035
INFO: [ app_init ] --START--
INFO: Run Behavior\BuildLiteBehavior [ RunTime:0.000045s ]
INFO: [ app_init ] --END-- [ RunTime:0.000826s ]
INFO: [ app_begin ] --START--
INFO: Run Behavior\ReadHtmlCacheBehavior [ RunTime:0.001535s ]
INFO: [ app_begin ] --END-- [ RunTime:0.001802s ]
SQL: SHOW COLUMNS FROM `admin_nodes` [ RunTime:0.0221s ]
SQL: SELECT * FROM `admin_nodes` WHERE `controller` = 'Member' AND `method` = 'orderlist' LIMIT 1   [ RunTime:0.0229s ]
SQL: SHOW COLUMNS FROM `admin_group_nodes` [ RunTime:0.0208s ]
SQL: SELECT * FROM `admin_group_nodes` WHERE `group_id` = 1 AND `nodes_id` = 31 LIMIT 1   [ RunTime:0.0173s ]
SQL: SHOW COLUMNS FROM `mzw_sdk_pay_orders` [ RunTime:0.0226s ]
SQL: SELECT COUNT(*) AS tp_count FROM `mzw_sdk_pay_orders` WHERE `order_no` = '&lt;script&quot;' LIMIT 1   [ RunTime:0.0230s ]
SQL: SELECT * FROM `mzw_sdk_pay_orders` WHERE `order_no` = '&lt;script&quot;' ORDER BY id desc LIMIT 0,30   [ RunTime:0.0221s ]
INFO: [ view_parse ] --START--
INFO: [ template_filter ] --START--
INFO: Run Behavior\ContentReplaceBehavior [ RunTime:0.000122s ]
INFO: [ template_filter ] --END-- [ RunTime:0.000251s ]
NOTIC: [8] Undefined index: notice D:\web\new.muzhiwan.com\admin.pay.mzw.com\Apps\Runtime\Cache\Admin\1e467c5956f5a6f966d55e159e16805d.php 第 295 行.
INFO: Run Behavior\ParseTemplateBehavior [ RunTime:0.022459s ]
INFO: [ view_parse ] --END-- [ RunTime:0.022589s ]
INFO: [ view_filter ] --START--
INFO: Run Behavior\WriteHtmlCacheBehavior [ RunTime:0.000877s ]
INFO: Run Behavior\TokenBuildBehavior [ RunTime:0.002646s ]
INFO: [ view_filter ] --END-- [ RunTime:0.003778s ]
INFO: [ app_end ] --START--
INFO: Run Behavior\ShowPageTraceBehavior [ RunTime:0.001245s ]
INFO: [ app_end ] --END-- [ RunTime:0.001368s ]

[ 2015-07-30T13:17:23+08:00 ] 127.0.0.1 /Member/orderlist?order_no=%3Cscript&uid=&trade_status=999&token=1e5094fc57c5a9fd9b4dc523aaab65fa_280aec1ee6d36d227a72f6f84a8c1197
INFO: [ app_init ] --START--
INFO: Run Behavior\BuildLiteBehavior [ RunTime:0.000030s ]
INFO: [ app_init ] --END-- [ RunTime:0.000650s ]
INFO: [ app_begin ] --START--
INFO: Run Behavior\ReadHtmlCacheBehavior [ RunTime:0.000857s ]
INFO: [ app_begin ] --END-- [ RunTime:0.001000s ]
SQL: SHOW COLUMNS FROM `admin_nodes` [ RunTime:0.0210s ]
SQL: SELECT * FROM `admin_nodes` WHERE `controller` = 'Member' AND `method` = 'orderlist' LIMIT 1   [ RunTime:0.0207s ]
SQL: SHOW COLUMNS FROM `admin_group_nodes` [ RunTime:0.0224s ]
SQL: SELECT * FROM `admin_group_nodes` WHERE `group_id` = 1 AND `nodes_id` = 31 LIMIT 1   [ RunTime:0.0187s ]
SQL: SHOW COLUMNS FROM `mzw_sdk_pay_orders` [ RunTime:0.0210s ]
SQL: SELECT COUNT(*) AS tp_count FROM `mzw_sdk_pay_orders` WHERE `order_no` = '&lt;script' LIMIT 1   [ RunTime:0.0222s ]
SQL: SELECT * FROM `mzw_sdk_pay_orders` WHERE `order_no` = '&lt;script' ORDER BY id desc LIMIT 0,30   [ RunTime:0.0241s ]
INFO: [ view_parse ] --START--
INFO: [ template_filter ] --START--
INFO: Run Behavior\ContentReplaceBehavior [ RunTime:0.000131s ]
INFO: [ template_filter ] --END-- [ RunTime:0.000269s ]
NOTIC: [8] Undefined index: notice D:\web\new.muzhiwan.com\admin.pay.mzw.com\Apps\Runtime\Cache\Admin\1e467c5956f5a6f966d55e159e16805d.php 第 295 行.
INFO: Run Behavior\ParseTemplateBehavior [ RunTime:0.040494s ]
INFO: [ view_parse ] --END-- [ RunTime:0.040718s ]
INFO: [ view_filter ] --START--
INFO: Run Behavior\WriteHtmlCacheBehavior [ RunTime:0.000828s ]
INFO: Run Behavior\TokenBuildBehavior [ RunTime:0.002080s ]
INFO: [ view_filter ] --END-- [ RunTime:0.003109s ]
INFO: [ app_end ] --START--
INFO: Run Behavior\ShowPageTraceBehavior [ RunTime:0.001284s ]
INFO: [ app_end ] --END-- [ RunTime:0.001414s ]

[ 2015-07-30T13:57:53+08:00 ] 127.0.0.1 /favicon.ico
INFO: [ app_init ] --START--
INFO: Run Behavior\BuildLiteBehavior [ RunTime:0.000031s ]
INFO: [ app_init ] --END-- [ RunTime:0.000723s ]

[ 2015-07-30T13:57:53+08:00 ] 127.0.0.1 /favicon.ico
INFO: [ app_init ] --START--
INFO: Run Behavior\BuildLiteBehavior [ RunTime:0.000033s ]
INFO: [ app_init ] --END-- [ RunTime:0.000774s ]

[ 2015-07-30T15:02:17+08:00 ] 127.0.0.1 /Member/orderlist?order_no=%3Cscript%22&uid=&trade_status=999&token=3790a6b431341476a01a277a29409094_68b68bf18cd7d8bceddd52658e276035
INFO: [ app_init ] --START--
INFO: Run Behavior\BuildLiteBehavior [ RunTime:0.000037s ]
INFO: [ app_init ] --END-- [ RunTime:0.000735s ]
INFO: [ app_begin ] --START--
INFO: Run Behavior\ReadHtmlCacheBehavior [ RunTime:0.001079s ]
INFO: [ app_begin ] --END-- [ RunTime:0.001251s ]
SQL: SHOW COLUMNS FROM `admin_nodes` [ RunTime:0.0203s ]
SQL: SELECT * FROM `admin_nodes` WHERE `controller` = 'Member' AND `method` = 'orderlist' LIMIT 1   [ RunTime:0.0238s ]
SQL: SHOW COLUMNS FROM `admin_group_nodes` [ RunTime:0.0469s ]
SQL: SELECT * FROM `admin_group_nodes` WHERE `group_id` = 1 AND `nodes_id` = 31 LIMIT 1   [ RunTime:0.0219s ]
SQL: SHOW COLUMNS FROM `mzw_sdk_pay_orders` [ RunTime:0.0202s ]
SQL: SELECT COUNT(*) AS tp_count FROM `mzw_sdk_pay_orders` WHERE `order_no` = '&lt;script&quot;' LIMIT 1   [ RunTime:0.0171s ]
SQL: SELECT * FROM `mzw_sdk_pay_orders` WHERE `order_no` = '&lt;script&quot;' ORDER BY id desc LIMIT 0,30   [ RunTime:0.0186s ]
INFO: [ view_parse ] --START--
INFO: [ template_filter ] --START--
INFO: Run Behavior\ContentReplaceBehavior [ RunTime:0.000255s ]
INFO: [ template_filter ] --END-- [ RunTime:0.000514s ]
NOTIC: [8] Undefined index: notice D:\web\new.muzhiwan.com\admin.pay.mzw.com\Apps\Runtime\Cache\Admin\1e467c5956f5a6f966d55e159e16805d.php 第 295 行.
INFO: Run Behavior\ParseTemplateBehavior [ RunTime:0.036991s ]
INFO: [ view_parse ] --END-- [ RunTime:0.037180s ]
INFO: [ view_filter ] --START--
INFO: Run Behavior\WriteHtmlCacheBehavior [ RunTime:0.000988s ]
INFO: Run Behavior\TokenBuildBehavior [ RunTime:0.003069s ]
INFO: [ view_filter ] --END-- [ RunTime:0.004376s ]
INFO: [ app_end ] --START--
INFO: Run Behavior\ShowPageTraceBehavior [ RunTime:0.001294s ]
INFO: [ app_end ] --END-- [ RunTime:0.001442s ]

