[ 2015-08-12T16:27:58+08:00 ] 127.0.0.1 /
INFO: [ app_init ] --START--
INFO: Run Behavior\BuildLiteBehavior [ RunTime:0.000053s ]
INFO: [ app_init ] --END-- [ RunTime:0.003399s ]
INFO: [ app_begin ] --START--
INFO: Run Behavior\ReadHtmlCacheBehavior [ RunTime:0.008845s ]
INFO: [ app_begin ] --END-- [ RunTime:0.009206s ]

[ 2015-08-12T16:27:58+08:00 ] 127.0.0.1 /Login
INFO: [ app_init ] --START--
INFO: Run Behavior\BuildLiteBehavior [ RunTime:0.000052s ]
INFO: [ app_init ] --END-- [ RunTime:0.001062s ]
INFO: [ app_begin ] --START--
INFO: Run Behavior\ReadHtmlCacheBehavior [ RunTime:0.001527s ]
INFO: [ app_begin ] --END-- [ RunTime:0.001782s ]
NOTIC: [8] Undefined index: HTTP_REFERER D:\web\new.muzhiwan.com\admin.pay.mzw.com\Apps\Admin\Controller\LoginController.class.php 第 19 行.
INFO: [ view_parse ] --START--
INFO: [ template_filter ] --START--
INFO: Run Behavior\ContentReplaceBehavior [ RunTime:0.000101s ]
INFO: [ template_filter ] --END-- [ RunTime:0.000236s ]
INFO: Run Behavior\ParseTemplateBehavior [ RunTime:0.020908s ]
INFO: [ view_parse ] --END-- [ RunTime:0.021178s ]
INFO: [ view_filter ] --START--
INFO: Run Behavior\WriteHtmlCacheBehavior [ RunTime:0.001491s ]
INFO: Run Behavior\TokenBuildBehavior [ RunTime:0.002587s ]
INFO: [ view_filter ] --END-- [ RunTime:0.004380s ]
INFO: [ app_end ] --START--
INFO: Run Behavior\ShowPageTraceBehavior [ RunTime:0.001505s ]
INFO: [ app_end ] --END-- [ RunTime:0.001644s ]

[ 2015-08-12T16:27:58+08:00 ] 127.0.0.1 /login/verify?_t=1439368078
INFO: [ app_init ] --START--
INFO: Run Behavior\BuildLiteBehavior [ RunTime:0.000033s ]
INFO: [ app_init ] --END-- [ RunTime:0.000692s ]
INFO: [ app_begin ] --START--
INFO: Run Behavior\ReadHtmlCacheBehavior [ RunTime:0.000963s ]
INFO: [ app_begin ] --END-- [ RunTime:0.001158s ]
INFO: [ app_end ] --START--
INFO: Run Behavior\ShowPageTraceBehavior [ RunTime:0.001203s ]
INFO: [ app_end ] --END-- [ RunTime:0.001412s ]

[ 2015-08-12T16:28:00+08:00 ] 127.0.0.1 /favicon.ico
INFO: [ app_init ] --START--
INFO: Run Behavior\BuildLiteBehavior [ RunTime:0.000036s ]
INFO: [ app_init ] --END-- [ RunTime:0.000838s ]

[ 2015-08-12T16:28:00+08:00 ] 127.0.0.1 /favicon.ico
INFO: [ app_init ] --START--
INFO: Run Behavior\BuildLiteBehavior [ RunTime:0.000055s ]
INFO: [ app_init ] --END-- [ RunTime:0.000972s ]

[ 2015-08-12T16:28:06+08:00 ] 127.0.0.1 /Login/auth
INFO: [ app_init ] --START--
INFO: Run Behavior\BuildLiteBehavior [ RunTime:0.000033s ]
INFO: [ app_init ] --END-- [ RunTime:0.000657s ]
INFO: [ app_begin ] --START--
INFO: Run Behavior\ReadHtmlCacheBehavior [ RunTime:0.001385s ]
INFO: [ app_begin ] --END-- [ RunTime:0.001642s ]
SQL: SHOW COLUMNS FROM `admin_user` [ RunTime:0.0058s ]
SQL: SELECT * FROM `admin_user` WHERE `username` = 'admin' AND `password` = 'cf287cb3c51486f44b30169785f16d37' LIMIT 1   [ RunTime:0.0043s ]
SQL: SHOW COLUMNS FROM `admin_group_nodes` [ RunTime:0.0038s ]
SQL: SELECT * FROM `admin_group_nodes` WHERE `group_id` = 1  [ RunTime:0.0043s ]
SQL: SHOW COLUMNS FROM `admin_nodes` [ RunTime:0.0076s ]
SQL: SELECT * FROM `admin_nodes`  [ RunTime:0.0050s ]
SQL: SHOW COLUMNS FROM `admin_log` [ RunTime:0.0044s ]
SQL: INSERT INTO `admin_log` (`uid`,`ip`,`createtime`,`request_uri`,`c`,`m`) VALUES ('1','127.0.0.1','1439368086','/Login/auth','login','auth') [ RunTime:0.0513s ]

[ 2015-08-12T16:28:07+08:00 ] 127.0.0.1 /
INFO: [ app_init ] --START--
INFO: Run Behavior\BuildLiteBehavior [ RunTime:0.000035s ]
INFO: [ app_init ] --END-- [ RunTime:0.000707s ]
INFO: [ app_begin ] --START--
INFO: Run Behavior\ReadHtmlCacheBehavior [ RunTime:0.001310s ]
INFO: [ app_begin ] --END-- [ RunTime:0.001549s ]
SQL: SHOW COLUMNS FROM `admin_nodes` [ RunTime:0.0042s ]
NOTIC: [8] Undefined variable: ret D:\web\new.muzhiwan.com\admin.pay.mzw.com\Apps\Admin\Controller\AuthController.class.php 第 22 行.
SQL: SHOW COLUMNS FROM `admin_group_nodes` [ RunTime:0.0036s ]
INFO: [ view_parse ] --START--
INFO: [ template_filter ] --START--
INFO: Run Behavior\ContentReplaceBehavior [ RunTime:0.000204s ]
INFO: [ template_filter ] --END-- [ RunTime:0.000524s ]
NOTIC: [8] Undefined index: notice D:\web\new.muzhiwan.com\admin.pay.mzw.com\Apps\Runtime\Cache\Admin\e019f7fdf6a2d246b2b3d1ee3ab4bd29.php 第 228 行.
INFO: Run Behavior\ParseTemplateBehavior [ RunTime:0.027795s ]
INFO: [ view_parse ] --END-- [ RunTime:0.027943s ]
INFO: [ view_filter ] --START--
INFO: Run Behavior\WriteHtmlCacheBehavior [ RunTime:0.000511s ]
INFO: Run Behavior\TokenBuildBehavior [ RunTime:0.001480s ]
INFO: [ view_filter ] --END-- [ RunTime:0.002181s ]
INFO: [ app_end ] --START--
INFO: Run Behavior\ShowPageTraceBehavior [ RunTime:0.000872s ]
INFO: [ app_end ] --END-- [ RunTime:0.000990s ]

[ 2015-08-12T16:28:11+08:00 ] 127.0.0.1 /App
INFO: [ app_init ] --START--
INFO: Run Behavior\BuildLiteBehavior [ RunTime:0.000034s ]
INFO: [ app_init ] --END-- [ RunTime:0.000817s ]
INFO: [ app_begin ] --START--
INFO: Run Behavior\ReadHtmlCacheBehavior [ RunTime:0.000941s ]
INFO: [ app_begin ] --END-- [ RunTime:0.001104s ]
SQL: SHOW COLUMNS FROM `admin_nodes` [ RunTime:0.0045s ]
SQL: SELECT * FROM `admin_nodes` WHERE `controller` = 'App' AND `method` = 'index' LIMIT 1   [ RunTime:0.0035s ]
SQL: SHOW COLUMNS FROM `admin_group_nodes` [ RunTime:0.0041s ]
SQL: SELECT * FROM `admin_group_nodes` WHERE `group_id` = 1 AND `nodes_id` = 35 LIMIT 1   [ RunTime:0.0035s ]
SQL: SHOW COLUMNS FROM `mzw_sdk_pay_rate` [ RunTime:0.0042s ]
NOTIC: [8] Undefined index: appname D:\web\new.muzhiwan.com\admin.pay.mzw.com\Apps\Admin\Controller\AppController.class.php 第 25 行.
SQL: SELECT COUNT(*) AS tp_count FROM `mzw_sdk_pay_rate` LIMIT 1   [ RunTime:0.0032s ]
SQL: SELECT * FROM `mzw_sdk_pay_rate` LIMIT 0,20   [ RunTime:0.0039s ]
INFO: [ view_parse ] --START--
INFO: [ template_filter ] --START--
INFO: Run Behavior\ContentReplaceBehavior [ RunTime:0.000206s ]
INFO: [ template_filter ] --END-- [ RunTime:0.000369s ]
NOTIC: [8] Undefined index: notice D:\web\new.muzhiwan.com\admin.pay.mzw.com\Apps\Runtime\Cache\Admin\13ccbb54350cb75c7d21ee61a03fb671.php 第 292 行.
INFO: Run Behavior\ParseTemplateBehavior [ RunTime:0.023174s ]
INFO: [ view_parse ] --END-- [ RunTime:0.023304s ]
INFO: [ view_filter ] --START--
INFO: Run Behavior\WriteHtmlCacheBehavior [ RunTime:0.000433s ]
INFO: Run Behavior\TokenBuildBehavior [ RunTime:0.001729s ]
INFO: [ view_filter ] --END-- [ RunTime:0.002358s ]
INFO: [ app_end ] --START--
INFO: Run Behavior\ShowPageTraceBehavior [ RunTime:0.001364s ]
INFO: [ app_end ] --END-- [ RunTime:0.001541s ]

[ 2015-08-12T16:28:15+08:00 ] 127.0.0.1 /App/edit_form/id/12
INFO: [ app_init ] --START--
INFO: Run Behavior\BuildLiteBehavior [ RunTime:0.000032s ]
INFO: [ app_init ] --END-- [ RunTime:0.000752s ]
INFO: [ app_begin ] --START--
INFO: Run Behavior\ReadHtmlCacheBehavior [ RunTime:0.001364s ]
INFO: [ app_begin ] --END-- [ RunTime:0.001564s ]
SQL: SHOW COLUMNS FROM `admin_nodes` [ RunTime:0.0455s ]
SQL: SELECT * FROM `admin_nodes` WHERE `controller` = 'App' AND `method` = 'edit_form' LIMIT 1   [ RunTime:0.0037s ]
SQL: SHOW COLUMNS FROM `admin_group_nodes` [ RunTime:0.0042s ]
SQL: SELECT * FROM `admin_group_nodes` WHERE `group_id` = 1 AND `nodes_id` = 39 LIMIT 1   [ RunTime:0.0038s ]
SQL: SHOW COLUMNS FROM `mzw_sdk_pay_rate` [ RunTime:0.0040s ]
SQL: SELECT * FROM `mzw_sdk_pay_rate` WHERE `id` = 12 LIMIT 1   [ RunTime:0.0043s ]
INFO: [ view_parse ] --START--
INFO: [ template_filter ] --START--
INFO: Run Behavior\ContentReplaceBehavior [ RunTime:0.000146s ]
INFO: [ template_filter ] --END-- [ RunTime:0.000301s ]
NOTIC: [8] Undefined index: notice D:\web\new.muzhiwan.com\admin.pay.mzw.com\Apps\Runtime\Cache\Admin\ec240524f6431f6a412ae0ddec9ea176.php 第 370 行.
INFO: Run Behavior\ParseTemplateBehavior [ RunTime:0.026811s ]
INFO: [ view_parse ] --END-- [ RunTime:0.026953s ]
INFO: [ view_filter ] --START--
INFO: Run Behavior\WriteHtmlCacheBehavior [ RunTime:0.000680s ]
INFO: Run Behavior\TokenBuildBehavior [ RunTime:0.002373s ]
INFO: [ view_filter ] --END-- [ RunTime:0.003302s ]
INFO: [ app_end ] --START--
INFO: Run Behavior\ShowPageTraceBehavior [ RunTime:0.000928s ]
INFO: [ app_end ] --END-- [ RunTime:0.001055s ]

[ 2015-08-12T16:28:57+08:00 ] 127.0.0.1 /App/payment
INFO: [ app_init ] --START--
INFO: Run Behavior\BuildLiteBehavior [ RunTime:0.000060s ]
INFO: [ app_init ] --END-- [ RunTime:0.000842s ]
INFO: [ app_begin ] --START--
INFO: Run Behavior\ReadHtmlCacheBehavior [ RunTime:0.000962s ]
INFO: [ app_begin ] --END-- [ RunTime:0.001124s ]
SQL: SHOW COLUMNS FROM `admin_nodes` [ RunTime:0.0039s ]
SQL: SELECT * FROM `admin_nodes` WHERE `controller` = 'App' AND `method` = 'payment' LIMIT 1   [ RunTime:0.0035s ]
SQL: SHOW COLUMNS FROM `admin_group_nodes` [ RunTime:0.0038s ]
SQL: SELECT * FROM `admin_group_nodes` WHERE `group_id` = 1 AND `nodes_id` = 47 LIMIT 1   [ RunTime:0.0045s ]
SQL: SHOW COLUMNS FROM `mzw_sdk_pay_rate` [ RunTime:0.0080s ]
NOTIC: [8] Undefined index: appname D:\web\new.muzhiwan.com\admin.pay.mzw.com\Apps\Admin\Controller\AppController.class.php 第 254 行.
SQL: SHOW COLUMNS FROM `mzw_sdk_pay_payment` [ RunTime:0.0048s ]
SQL: SELECT COUNT(*) AS tp_count FROM `mzw_sdk_pay_payment` LIMIT 1   [ RunTime:0.0034s ]
SQL: SHOW COLUMNS FROM `mzw_sdk_pay_payment` [ RunTime:0.0037s ]
SQL: SELECT * FROM `mzw_sdk_pay_payment` LIMIT 0,20   [ RunTime:0.0037s ]
INFO: [ view_parse ] --START--
INFO: [ template_filter ] --START--
INFO: Run Behavior\ContentReplaceBehavior [ RunTime:0.000208s ]
INFO: [ template_filter ] --END-- [ RunTime:0.000436s ]
NOTIC: [8] Undefined index: notice D:\web\new.muzhiwan.com\admin.pay.mzw.com\Apps\Runtime\Cache\Admin\f62bf1d89360a0e89d1e16584a8c56bf.php 第 295 行.
INFO: Run Behavior\ParseTemplateBehavior [ RunTime:0.030202s ]
INFO: [ view_parse ] --END-- [ RunTime:0.030476s ]
INFO: [ view_filter ] --START--
INFO: Run Behavior\WriteHtmlCacheBehavior [ RunTime:0.000717s ]
INFO: Run Behavior\TokenBuildBehavior [ RunTime:0.002952s ]
INFO: [ view_filter ] --END-- [ RunTime:0.004059s ]
INFO: [ app_end ] --START--
INFO: Run Behavior\ShowPageTraceBehavior [ RunTime:0.001727s ]
INFO: [ app_end ] --END-- [ RunTime:0.001871s ]

[ 2015-08-12T16:29:18+08:00 ] 127.0.0.1 /Member/orderlist
INFO: [ app_init ] --START--
INFO: Run Behavior\BuildLiteBehavior [ RunTime:0.000132s ]
INFO: [ app_init ] --END-- [ RunTime:0.001771s ]
INFO: [ app_begin ] --START--
INFO: Run Behavior\ReadHtmlCacheBehavior [ RunTime:0.000940s ]
INFO: [ app_begin ] --END-- [ RunTime:0.001108s ]
SQL: SHOW COLUMNS FROM `admin_nodes` [ RunTime:0.0040s ]
SQL: SELECT * FROM `admin_nodes` WHERE `controller` = 'Member' AND `method` = 'orderlist' LIMIT 1   [ RunTime:0.0288s ]
SQL: SHOW COLUMNS FROM `admin_group_nodes` [ RunTime:0.0045s ]
SQL: SELECT * FROM `admin_group_nodes` WHERE `group_id` = 1 AND `nodes_id` = 31 LIMIT 1   [ RunTime:0.0033s ]
SQL: SHOW COLUMNS FROM `mzw_sdk_pay_orders` [ RunTime:0.0045s ]
SQL: SELECT COUNT(*) AS tp_count FROM `mzw_sdk_pay_orders` LIMIT 1   [ RunTime:0.1897s ]
SQL: SELECT * FROM `mzw_sdk_pay_orders` ORDER BY id desc LIMIT 0,30   [ RunTime:0.0053s ]
INFO: [ view_parse ] --START--
INFO: [ template_filter ] --START--
INFO: Run Behavior\ContentReplaceBehavior [ RunTime:0.000160s ]
INFO: [ template_filter ] --END-- [ RunTime:0.000402s ]
NOTIC: [8] Undefined index: order_no D:\web\new.muzhiwan.com\admin.pay.mzw.com\Apps\Runtime\Cache\Admin\1e467c5956f5a6f966d55e159e16805d.php 第 228 行.
NOTIC: [8] Undefined index: uid D:\web\new.muzhiwan.com\admin.pay.mzw.com\Apps\Runtime\Cache\Admin\1e467c5956f5a6f966d55e159e16805d.php 第 229 行.
NOTIC: [8] Undefined index: trade_status D:\web\new.muzhiwan.com\admin.pay.mzw.com\Apps\Runtime\Cache\Admin\1e467c5956f5a6f966d55e159e16805d.php 第 231 行.
NOTIC: [8] Undefined index: notice D:\web\new.muzhiwan.com\admin.pay.mzw.com\Apps\Runtime\Cache\Admin\1e467c5956f5a6f966d55e159e16805d.php 第 305 行.
INFO: Run Behavior\ParseTemplateBehavior [ RunTime:0.026260s ]
INFO: [ view_parse ] --END-- [ RunTime:0.026407s ]
INFO: [ view_filter ] --START--
INFO: Run Behavior\WriteHtmlCacheBehavior [ RunTime:0.000586s ]
INFO: Run Behavior\TokenBuildBehavior [ RunTime:0.004332s ]
INFO: [ view_filter ] --END-- [ RunTime:0.005226s ]
INFO: [ app_end ] --START--
INFO: Run Behavior\ShowPageTraceBehavior [ RunTime:0.001835s ]
INFO: [ app_end ] --END-- [ RunTime:0.001978s ]

[ 2015-08-12T16:29:28+08:00 ] 127.0.0.1 /Member/orderview/id/1573970
INFO: [ app_init ] --START--
INFO: Run Behavior\BuildLiteBehavior [ RunTime:0.000032s ]
INFO: [ app_init ] --END-- [ RunTime:0.000664s ]
INFO: [ app_begin ] --START--
INFO: Run Behavior\ReadHtmlCacheBehavior [ RunTime:0.001703s ]
INFO: [ app_begin ] --END-- [ RunTime:0.002074s ]
SQL: SHOW COLUMNS FROM `admin_nodes` [ RunTime:0.0042s ]
SQL: SELECT * FROM `admin_nodes` WHERE `controller` = 'Member' AND `method` = 'orderview' LIMIT 1   [ RunTime:0.0041s ]
SQL: SHOW COLUMNS FROM `admin_group_nodes` [ RunTime:0.0048s ]
SQL: SELECT * FROM `admin_group_nodes` WHERE `group_id` = 1 AND `nodes_id` = 32 LIMIT 1   [ RunTime:0.0038s ]
SQL: SHOW COLUMNS FROM `mzw_sdk_pay_orders` [ RunTime:0.0054s ]
SQL: SELECT * FROM `mzw_sdk_pay_orders` WHERE `id` = 1573970 LIMIT 1   [ RunTime:0.0049s ]
SQL: SHOW COLUMNS FROM `mzw_sdk_pay_orders_info` [ RunTime:0.0042s ]
SQL: SELECT * FROM `mzw_sdk_pay_orders_info` WHERE `order_no` = '06fb765482a44a22a8d89c75152a580b' LIMIT 1   [ RunTime:0.0043s ]
NOTIC: [8] Undefined variable: callback D:\web\new.muzhiwan.com\admin.pay.mzw.com\Apps\Admin\Controller\MemberController.class.php 第 94 行.
INFO: [ view_parse ] --START--
INFO: [ template_filter ] --START--
INFO: Run Behavior\ContentReplaceBehavior [ RunTime:0.000145s ]
INFO: [ template_filter ] --END-- [ RunTime:0.000309s ]
NOTIC: [8] Undefined index: bouns D:\web\new.muzhiwan.com\admin.pay.mzw.com\Apps\Runtime\Cache\Admin\f3b1df090beb6a8b68db2769c3066c69.php 第 243 行.
NOTIC: [8] Undefined index: notice D:\web\new.muzhiwan.com\admin.pay.mzw.com\Apps\Runtime\Cache\Admin\f3b1df090beb6a8b68db2769c3066c69.php 第 322 行.
INFO: Run Behavior\ParseTemplateBehavior [ RunTime:0.028384s ]
INFO: [ view_parse ] --END-- [ RunTime:0.028553s ]
INFO: [ view_filter ] --START--
INFO: Run Behavior\WriteHtmlCacheBehavior [ RunTime:0.000499s ]
INFO: Run Behavior\TokenBuildBehavior [ RunTime:0.002167s ]
INFO: [ view_filter ] --END-- [ RunTime:0.002953s ]
INFO: [ app_end ] --START--
INFO: Run Behavior\ShowPageTraceBehavior [ RunTime:0.001262s ]
INFO: [ app_end ] --END-- [ RunTime:0.001396s ]

[ 2015-08-12T16:33:43+08:00 ] 127.0.0.1 /Member/orderview/id/1573970
INFO: [ app_init ] --START--
INFO: Run Behavior\BuildLiteBehavior [ RunTime:0.000052s ]
INFO: [ app_init ] --END-- [ RunTime:0.001095s ]
INFO: [ app_begin ] --START--
INFO: Run Behavior\ReadHtmlCacheBehavior [ RunTime:0.001411s ]
INFO: [ app_begin ] --END-- [ RunTime:0.001649s ]
SQL: SHOW COLUMNS FROM `admin_nodes` [ RunTime:0.0055s ]
SQL: SELECT * FROM `admin_nodes` WHERE `controller` = 'Member' AND `method` = 'orderview' LIMIT 1   [ RunTime:0.0049s ]
SQL: SHOW COLUMNS FROM `admin_group_nodes` [ RunTime:0.0049s ]
SQL: SELECT * FROM `admin_group_nodes` WHERE `group_id` = 1 AND `nodes_id` = 32 LIMIT 1   [ RunTime:0.0048s ]
SQL: SHOW COLUMNS FROM `mzw_sdk_pay_orders` [ RunTime:0.0048s ]
SQL: SELECT * FROM `mzw_sdk_pay_orders` WHERE `id` = 1573970 LIMIT 1   [ RunTime:0.0048s ]
SQL: SHOW COLUMNS FROM `mzw_sdk_pay_orders_info` [ RunTime:0.0040s ]
SQL: SELECT * FROM `mzw_sdk_pay_orders_info` WHERE `order_no` = '06fb765482a44a22a8d89c75152a580b' LIMIT 1   [ RunTime:0.0054s ]

[ 2015-08-12T16:33:59+08:00 ] 127.0.0.1 /Member/orderview/id/1573970
INFO: [ app_init ] --START--
INFO: Run Behavior\BuildLiteBehavior [ RunTime:0.000052s ]
INFO: [ app_init ] --END-- [ RunTime:0.001278s ]
INFO: [ app_begin ] --START--
INFO: Run Behavior\ReadHtmlCacheBehavior [ RunTime:0.001123s ]
INFO: [ app_begin ] --END-- [ RunTime:0.001301s ]
SQL: SHOW COLUMNS FROM `admin_nodes` [ RunTime:0.0040s ]
SQL: SELECT * FROM `admin_nodes` WHERE `controller` = 'Member' AND `method` = 'orderview' LIMIT 1   [ RunTime:0.0041s ]
SQL: SHOW COLUMNS FROM `admin_group_nodes` [ RunTime:0.0038s ]
SQL: SELECT * FROM `admin_group_nodes` WHERE `group_id` = 1 AND `nodes_id` = 32 LIMIT 1   [ RunTime:0.0036s ]
SQL: SHOW COLUMNS FROM `mzw_sdk_pay_orders` [ RunTime:0.0044s ]
SQL: SELECT * FROM `mzw_sdk_pay_orders` WHERE `id` = 1573970 LIMIT 1   [ RunTime:0.0059s ]
SQL: SHOW COLUMNS FROM `mzw_sdk_pay_orders_info` [ RunTime:0.0045s ]
SQL: SELECT * FROM `mzw_sdk_pay_orders_info` WHERE `order_no` = '06fb765482a44a22a8d89c75152a580b' LIMIT 1   [ RunTime:0.0046s ]
SQL: SHOW COLUMNS FROM `mzw_sdk_pay_notifyrecord` [ RunTime:0.0052s ]
SQL: SELECT * FROM `mzw_sdk_pay_notifyrecord` LIMIT 1   [ RunTime:0.0046s ]
NOTIC: [8] Undefined variable: callback D:\web\new.muzhiwan.com\admin.pay.mzw.com\Apps\Admin\Controller\MemberController.class.php 第 97 行.
INFO: [ view_parse ] --START--
INFO: [ template_filter ] --START--
INFO: Run Behavior\ContentReplaceBehavior [ RunTime:0.000174s ]
INFO: [ template_filter ] --END-- [ RunTime:0.000396s ]
NOTIC: [8] Undefined index: bouns D:\web\new.muzhiwan.com\admin.pay.mzw.com\Apps\Runtime\Cache\Admin\f3b1df090beb6a8b68db2769c3066c69.php 第 243 行.
NOTIC: [8] Undefined index: notice D:\web\new.muzhiwan.com\admin.pay.mzw.com\Apps\Runtime\Cache\Admin\f3b1df090beb6a8b68db2769c3066c69.php 第 343 行.
INFO: Run Behavior\ParseTemplateBehavior [ RunTime:0.035430s ]
INFO: [ view_parse ] --END-- [ RunTime:0.035617s ]
INFO: [ view_filter ] --START--
INFO: Run Behavior\WriteHtmlCacheBehavior [ RunTime:0.000960s ]
INFO: Run Behavior\TokenBuildBehavior [ RunTime:0.003147s ]
INFO: [ view_filter ] --END-- [ RunTime:0.004400s ]
INFO: [ app_end ] --START--
INFO: Run Behavior\ShowPageTraceBehavior [ RunTime:0.005015s ]
INFO: [ app_end ] --END-- [ RunTime:0.005155s ]

[ 2015-08-12T16:36:49+08:00 ] 127.0.0.1 /Member/orderview/id/1573970
INFO: [ app_init ] --START--
INFO: Run Behavior\BuildLiteBehavior [ RunTime:0.000034s ]
INFO: [ app_init ] --END-- [ RunTime:0.000913s ]
INFO: [ app_begin ] --START--
INFO: Run Behavior\ReadHtmlCacheBehavior [ RunTime:0.001457s ]
INFO: [ app_begin ] --END-- [ RunTime:0.001753s ]
SQL: SHOW COLUMNS FROM `admin_nodes` [ RunTime:0.0043s ]
SQL: SELECT * FROM `admin_nodes` WHERE `controller` = 'Member' AND `method` = 'orderview' LIMIT 1   [ RunTime:0.0045s ]
SQL: SHOW COLUMNS FROM `admin_group_nodes` [ RunTime:0.0044s ]
SQL: SELECT * FROM `admin_group_nodes` WHERE `group_id` = 1 AND `nodes_id` = 32 LIMIT 1   [ RunTime:0.0043s ]
SQL: SHOW COLUMNS FROM `mzw_sdk_pay_orders` [ RunTime:0.0044s ]
SQL: SELECT * FROM `mzw_sdk_pay_orders` WHERE `id` = 1573970 LIMIT 1   [ RunTime:0.0045s ]
SQL: SHOW COLUMNS FROM `mzw_sdk_pay_orders_info` [ RunTime:0.0040s ]
SQL: SELECT * FROM `mzw_sdk_pay_orders_info` WHERE `order_no` = '06fb765482a44a22a8d89c75152a580b' LIMIT 1   [ RunTime:0.0043s ]
SQL: SHOW COLUMNS FROM `mzw_sdk_pay_notifyrecord` [ RunTime:0.0042s ]
SQL: SELECT * FROM `mzw_sdk_pay_notifyrecord` LIMIT 1   [ RunTime:0.0043s ]
NOTIC: [8] Undefined variable: callback D:\web\new.muzhiwan.com\admin.pay.mzw.com\Apps\Admin\Controller\MemberController.class.php 第 97 行.
INFO: [ view_parse ] --START--
INFO: [ template_filter ] --START--
INFO: Run Behavior\ContentReplaceBehavior [ RunTime:0.000136s ]
INFO: [ template_filter ] --END-- [ RunTime:0.000274s ]
NOTIC: [8] Undefined index: bouns D:\web\new.muzhiwan.com\admin.pay.mzw.com\Apps\Runtime\Cache\Admin\f3b1df090beb6a8b68db2769c3066c69.php 第 243 行.
NOTIC: [8] Undefined index: notice D:\web\new.muzhiwan.com\admin.pay.mzw.com\Apps\Runtime\Cache\Admin\f3b1df090beb6a8b68db2769c3066c69.php 第 347 行.
INFO: Run Behavior\ParseTemplateBehavior [ RunTime:0.032663s ]
INFO: [ view_parse ] --END-- [ RunTime:0.032806s ]
INFO: [ view_filter ] --START--
INFO: Run Behavior\WriteHtmlCacheBehavior [ RunTime:0.000663s ]
INFO: Run Behavior\TokenBuildBehavior [ RunTime:0.002621s ]
INFO: [ view_filter ] --END-- [ RunTime:0.003505s ]
INFO: [ app_end ] --START--
INFO: Run Behavior\ShowPageTraceBehavior [ RunTime:0.001361s ]
INFO: [ app_end ] --END-- [ RunTime:0.001591s ]

[ 2015-08-12T16:38:51+08:00 ] 127.0.0.1 /Member/orderview/id/1573970
INFO: [ app_init ] --START--
INFO: Run Behavior\BuildLiteBehavior [ RunTime:0.000033s ]
INFO: [ app_init ] --END-- [ RunTime:0.000938s ]
INFO: [ app_begin ] --START--
INFO: Run Behavior\ReadHtmlCacheBehavior [ RunTime:0.001916s ]
INFO: [ app_begin ] --END-- [ RunTime:0.002240s ]
SQL: SHOW COLUMNS FROM `admin_nodes` [ RunTime:0.0042s ]
SQL: SELECT * FROM `admin_nodes` WHERE `controller` = 'Member' AND `method` = 'orderview' LIMIT 1   [ RunTime:0.0042s ]
SQL: SHOW COLUMNS FROM `admin_group_nodes` [ RunTime:0.0036s ]
SQL: SELECT * FROM `admin_group_nodes` WHERE `group_id` = 1 AND `nodes_id` = 32 LIMIT 1   [ RunTime:0.0036s ]
SQL: SHOW COLUMNS FROM `mzw_sdk_pay_orders` [ RunTime:0.0042s ]
SQL: SELECT * FROM `mzw_sdk_pay_orders` WHERE `id` = 1573970 LIMIT 1   [ RunTime:0.0045s ]
SQL: SHOW COLUMNS FROM `mzw_sdk_pay_orders_info` [ RunTime:0.0038s ]
SQL: SELECT * FROM `mzw_sdk_pay_orders_info` WHERE `order_no` = '06fb765482a44a22a8d89c75152a580b' LIMIT 1   [ RunTime:0.0044s ]
SQL: SHOW COLUMNS FROM `mzw_sdk_pay_notifyrecord` [ RunTime:0.0045s ]
SQL: SELECT * FROM `mzw_sdk_pay_notifyrecord` LIMIT 1   [ RunTime:0.0045s ]
NOTIC: [8] Undefined variable: callback D:\web\new.muzhiwan.com\admin.pay.mzw.com\Apps\Admin\Controller\MemberController.class.php 第 97 行.
INFO: [ view_parse ] --START--
INFO: [ template_filter ] --START--
INFO: Run Behavior\ContentReplaceBehavior [ RunTime:0.000127s ]
INFO: [ template_filter ] --END-- [ RunTime:0.000267s ]
NOTIC: [8] Undefined index: bouns D:\web\new.muzhiwan.com\admin.pay.mzw.com\Apps\Runtime\Cache\Admin\f3b1df090beb6a8b68db2769c3066c69.php 第 243 行.
NOTIC: [8] Undefined index: notice D:\web\new.muzhiwan.com\admin.pay.mzw.com\Apps\Runtime\Cache\Admin\f3b1df090beb6a8b68db2769c3066c69.php 第 347 行.
INFO: Run Behavior\ParseTemplateBehavior [ RunTime:0.028693s ]
INFO: [ view_parse ] --END-- [ RunTime:0.028824s ]
INFO: [ view_filter ] --START--
INFO: Run Behavior\WriteHtmlCacheBehavior [ RunTime:0.000806s ]
INFO: Run Behavior\TokenBuildBehavior [ RunTime:0.002788s ]
INFO: [ view_filter ] --END-- [ RunTime:0.003824s ]
INFO: [ app_end ] --START--
INFO: Run Behavior\ShowPageTraceBehavior [ RunTime:0.001152s ]
INFO: [ app_end ] --END-- [ RunTime:0.001274s ]

[ 2015-08-12T16:38:56+08:00 ] 127.0.0.1 /Member/orderview/id/1573970
INFO: [ app_init ] --START--
INFO: Run Behavior\BuildLiteBehavior [ RunTime:0.000062s ]
INFO: [ app_init ] --END-- [ RunTime:0.001322s ]
INFO: [ app_begin ] --START--
INFO: Run Behavior\ReadHtmlCacheBehavior [ RunTime:0.001396s ]
INFO: [ app_begin ] --END-- [ RunTime:0.001617s ]
SQL: SHOW COLUMNS FROM `admin_nodes` [ RunTime:0.0042s ]
SQL: SELECT * FROM `admin_nodes` WHERE `controller` = 'Member' AND `method` = 'orderview' LIMIT 1   [ RunTime:0.0035s ]
SQL: SHOW COLUMNS FROM `admin_group_nodes` [ RunTime:0.0035s ]
SQL: SELECT * FROM `admin_group_nodes` WHERE `group_id` = 1 AND `nodes_id` = 32 LIMIT 1   [ RunTime:0.0033s ]
SQL: SHOW COLUMNS FROM `mzw_sdk_pay_orders` [ RunTime:0.0044s ]
SQL: SELECT * FROM `mzw_sdk_pay_orders` WHERE `id` = 1573970 LIMIT 1   [ RunTime:0.0045s ]
SQL: SHOW COLUMNS FROM `mzw_sdk_pay_orders_info` [ RunTime:0.0040s ]
SQL: SELECT * FROM `mzw_sdk_pay_orders_info` WHERE `order_no` = '06fb765482a44a22a8d89c75152a580b' LIMIT 1   [ RunTime:0.0045s ]
SQL: SHOW COLUMNS FROM `mzw_sdk_pay_notifyrecord` [ RunTime:0.0040s ]
SQL: SELECT * FROM `mzw_sdk_pay_notifyrecord` LIMIT 1   [ RunTime:0.0044s ]
NOTIC: [8] Undefined variable: callback D:\web\new.muzhiwan.com\admin.pay.mzw.com\Apps\Admin\Controller\MemberController.class.php 第 97 行.
INFO: [ view_parse ] --START--
INFO: [ template_filter ] --START--
INFO: Run Behavior\ContentReplaceBehavior [ RunTime:0.000123s ]
INFO: [ template_filter ] --END-- [ RunTime:0.000257s ]
NOTIC: [8] Undefined index: bouns D:\web\new.muzhiwan.com\admin.pay.mzw.com\Apps\Runtime\Cache\Admin\f3b1df090beb6a8b68db2769c3066c69.php 第 243 行.
NOTIC: [8] Undefined index: notice D:\web\new.muzhiwan.com\admin.pay.mzw.com\Apps\Runtime\Cache\Admin\f3b1df090beb6a8b68db2769c3066c69.php 第 347 行.
INFO: Run Behavior\ParseTemplateBehavior [ RunTime:0.030684s ]
INFO: [ view_parse ] --END-- [ RunTime:0.031175s ]
INFO: [ view_filter ] --START--
INFO: Run Behavior\WriteHtmlCacheBehavior [ RunTime:0.000773s ]
INFO: Run Behavior\TokenBuildBehavior [ RunTime:0.002605s ]
INFO: [ view_filter ] --END-- [ RunTime:0.003575s ]
INFO: [ app_end ] --START--
INFO: Run Behavior\ShowPageTraceBehavior [ RunTime:0.001264s ]
INFO: [ app_end ] --END-- [ RunTime:0.001393s ]

[ 2015-08-12T16:39:22+08:00 ] 127.0.0.1 /Member/orderview/id/1573970
INFO: [ app_init ] --START--
INFO: Run Behavior\BuildLiteBehavior [ RunTime:0.000033s ]
INFO: [ app_init ] --END-- [ RunTime:0.000659s ]
INFO: [ app_begin ] --START--
INFO: Run Behavior\ReadHtmlCacheBehavior [ RunTime:0.000931s ]
INFO: [ app_begin ] --END-- [ RunTime:0.001098s ]
SQL: SHOW COLUMNS FROM `admin_nodes` [ RunTime:0.0045s ]
SQL: SELECT * FROM `admin_nodes` WHERE `controller` = 'Member' AND `method` = 'orderview' LIMIT 1   [ RunTime:0.0038s ]
SQL: SHOW COLUMNS FROM `admin_group_nodes` [ RunTime:0.0049s ]
SQL: SELECT * FROM `admin_group_nodes` WHERE `group_id` = 1 AND `nodes_id` = 32 LIMIT 1   [ RunTime:0.0053s ]
SQL: SHOW COLUMNS FROM `mzw_sdk_pay_orders` [ RunTime:0.0059s ]
SQL: SELECT * FROM `mzw_sdk_pay_orders` WHERE `id` = 1573970 LIMIT 1   [ RunTime:0.0054s ]
SQL: SHOW COLUMNS FROM `mzw_sdk_pay_orders_info` [ RunTime:0.0043s ]
SQL: SELECT * FROM `mzw_sdk_pay_orders_info` WHERE `order_no` = '06fb765482a44a22a8d89c75152a580b' LIMIT 1   [ RunTime:0.0049s ]
SQL: SHOW COLUMNS FROM `mzw_sdk_pay_notifyrecord` [ RunTime:0.0041s ]
SQL: SELECT * FROM `mzw_sdk_pay_notifyrecord` LIMIT 1   [ RunTime:0.0149s ]
NOTIC: [8] Undefined variable: callback D:\web\new.muzhiwan.com\admin.pay.mzw.com\Apps\Admin\Controller\MemberController.class.php 第 97 行.
INFO: [ view_parse ] --START--
INFO: [ template_filter ] --START--
INFO: Run Behavior\ContentReplaceBehavior [ RunTime:0.000132s ]
INFO: [ template_filter ] --END-- [ RunTime:0.000277s ]
NOTIC: [8] Undefined index: notice D:\web\new.muzhiwan.com\admin.pay.mzw.com\Apps\Runtime\Cache\Admin\f3b1df090beb6a8b68db2769c3066c69.php 第 347 行.
INFO: Run Behavior\ParseTemplateBehavior [ RunTime:0.028575s ]
INFO: [ view_parse ] --END-- [ RunTime:0.028772s ]
INFO: [ view_filter ] --START--
INFO: Run Behavior\WriteHtmlCacheBehavior [ RunTime:0.001710s ]
INFO: Run Behavior\TokenBuildBehavior [ RunTime:0.002893s ]
INFO: [ view_filter ] --END-- [ RunTime:0.004915s ]
INFO: [ app_end ] --START--
INFO: Run Behavior\ShowPageTraceBehavior [ RunTime:0.001279s ]
INFO: [ app_end ] --END-- [ RunTime:0.001441s ]

[ 2015-08-12T16:55:37+08:00 ] 127.0.0.1 /Member/orderview/id/1573970
INFO: [ app_init ] --START--
INFO: Run Behavior\BuildLiteBehavior [ RunTime:0.000033s ]
INFO: [ app_init ] --END-- [ RunTime:0.000856s ]
INFO: [ app_begin ] --START--
INFO: Run Behavior\ReadHtmlCacheBehavior [ RunTime:0.001268s ]
INFO: [ app_begin ] --END-- [ RunTime:0.001450s ]
SQL: SHOW COLUMNS FROM `admin_nodes` [ RunTime:0.0043s ]
SQL: SELECT * FROM `admin_nodes` WHERE `controller` = 'Member' AND `method` = 'orderview' LIMIT 1   [ RunTime:0.0035s ]
SQL: SHOW COLUMNS FROM `admin_group_nodes` [ RunTime:0.0036s ]
SQL: SELECT * FROM `admin_group_nodes` WHERE `group_id` = 1 AND `nodes_id` = 32 LIMIT 1   [ RunTime:0.0034s ]
SQL: SHOW COLUMNS FROM `mzw_sdk_pay_orders` [ RunTime:0.0050s ]
SQL: SELECT * FROM `mzw_sdk_pay_orders` WHERE `id` = 1573970 LIMIT 1   [ RunTime:0.0048s ]
SQL: SHOW COLUMNS FROM `mzw_sdk_pay_orders_info` [ RunTime:0.0040s ]
SQL: SELECT * FROM `mzw_sdk_pay_orders_info` WHERE `order_no` = '06fb765482a44a22a8d89c75152a580b' LIMIT 1   [ RunTime:0.0040s ]
SQL: SHOW COLUMNS FROM `mzw_sdk_pay_notifyrecord` [ RunTime:0.0040s ]
SQL: SELECT * FROM `mzw_sdk_pay_notifyrecord` LIMIT 1   [ RunTime:0.0040s ]
NOTIC: [8] Undefined variable: callback D:\web\new.muzhiwan.com\admin.pay.mzw.com\Apps\Admin\Controller\MemberController.class.php 第 97 行.
INFO: [ view_parse ] --START--
INFO: [ template_filter ] --START--
INFO: Run Behavior\ContentReplaceBehavior [ RunTime:0.000125s ]
INFO: [ template_filter ] --END-- [ RunTime:0.000281s ]

[ 2015-08-12T16:55:52+08:00 ] 127.0.0.1 /Member/orderview/id/1573970
INFO: [ app_init ] --START--
INFO: Run Behavior\BuildLiteBehavior [ RunTime:0.000053s ]
INFO: [ app_init ] --END-- [ RunTime:0.001012s ]
INFO: [ app_begin ] --START--
INFO: Run Behavior\ReadHtmlCacheBehavior [ RunTime:0.001641s ]
INFO: [ app_begin ] --END-- [ RunTime:0.001904s ]
SQL: SHOW COLUMNS FROM `admin_nodes` [ RunTime:0.0056s ]
SQL: SELECT * FROM `admin_nodes` WHERE `controller` = 'Member' AND `method` = 'orderview' LIMIT 1   [ RunTime:0.0034s ]
SQL: SHOW COLUMNS FROM `admin_group_nodes` [ RunTime:0.0040s ]
SQL: SELECT * FROM `admin_group_nodes` WHERE `group_id` = 1 AND `nodes_id` = 32 LIMIT 1   [ RunTime:0.0039s ]
SQL: SHOW COLUMNS FROM `mzw_sdk_pay_orders` [ RunTime:0.0054s ]
SQL: SELECT * FROM `mzw_sdk_pay_orders` WHERE `id` = 1573970 LIMIT 1   [ RunTime:0.0045s ]
SQL: SHOW COLUMNS FROM `mzw_sdk_pay_orders_info` [ RunTime:0.0048s ]
SQL: SELECT * FROM `mzw_sdk_pay_orders_info` WHERE `order_no` = '06fb765482a44a22a8d89c75152a580b' LIMIT 1   [ RunTime:0.0051s ]
SQL: SHOW COLUMNS FROM `mzw_sdk_pay_notifyrecord` [ RunTime:0.0047s ]
SQL: SELECT * FROM `mzw_sdk_pay_notifyrecord` LIMIT 1   [ RunTime:0.0046s ]
NOTIC: [8] Undefined variable: callback D:\web\new.muzhiwan.com\admin.pay.mzw.com\Apps\Admin\Controller\MemberController.class.php 第 97 行.
INFO: [ view_parse ] --START--
INFO: [ template_filter ] --START--
INFO: Run Behavior\ContentReplaceBehavior [ RunTime:0.000213s ]
INFO: [ template_filter ] --END-- [ RunTime:0.000481s ]
NOTIC: [8] Undefined index: notice D:\web\new.muzhiwan.com\admin.pay.mzw.com\Apps\Runtime\Cache\Admin\f3b1df090beb6a8b68db2769c3066c69.php 第 347 行.
INFO: Run Behavior\ParseTemplateBehavior [ RunTime:0.041562s ]
INFO: [ view_parse ] --END-- [ RunTime:0.041773s ]
INFO: [ view_filter ] --START--
INFO: Run Behavior\WriteHtmlCacheBehavior [ RunTime:0.003218s ]
INFO: Run Behavior\TokenBuildBehavior [ RunTime:0.004365s ]
INFO: [ view_filter ] --END-- [ RunTime:0.008381s ]
INFO: [ app_end ] --START--
INFO: Run Behavior\ShowPageTraceBehavior [ RunTime:0.001976s ]
INFO: [ app_end ] --END-- [ RunTime:0.002194s ]

[ 2015-08-12T16:57:15+08:00 ] 127.0.0.1 /Member/orderview/id/1573970
INFO: [ app_init ] --START--
INFO: Run Behavior\BuildLiteBehavior [ RunTime:0.000050s ]
INFO: [ app_init ] --END-- [ RunTime:0.001024s ]
INFO: [ app_begin ] --START--
INFO: Run Behavior\ReadHtmlCacheBehavior [ RunTime:0.001493s ]
INFO: [ app_begin ] --END-- [ RunTime:0.001769s ]
SQL: SHOW COLUMNS FROM `admin_nodes` [ RunTime:0.0044s ]
SQL: SELECT * FROM `admin_nodes` WHERE `controller` = 'Member' AND `method` = 'orderview' LIMIT 1   [ RunTime:0.0043s ]
SQL: SHOW COLUMNS FROM `admin_group_nodes` [ RunTime:0.0044s ]
SQL: SELECT * FROM `admin_group_nodes` WHERE `group_id` = 1 AND `nodes_id` = 32 LIMIT 1   [ RunTime:0.0037s ]
SQL: SHOW COLUMNS FROM `mzw_sdk_pay_orders` [ RunTime:0.0053s ]
SQL: SELECT * FROM `mzw_sdk_pay_orders` WHERE `id` = 1573970 LIMIT 1   [ RunTime:0.0051s ]
SQL: SHOW COLUMNS FROM `mzw_sdk_pay_orders_info` [ RunTime:0.0044s ]
SQL: SELECT * FROM `mzw_sdk_pay_orders_info` WHERE `order_no` = '06fb765482a44a22a8d89c75152a580b' LIMIT 1   [ RunTime:0.0051s ]
SQL: SHOW COLUMNS FROM `mzw_sdk_pay_notifyrecord` [ RunTime:0.0057s ]
SQL: SELECT * FROM `mzw_sdk_pay_notifyrecord` LIMIT 1   [ RunTime:0.0050s ]
NOTIC: [8] Undefined variable: callback D:\web\new.muzhiwan.com\admin.pay.mzw.com\Apps\Admin\Controller\MemberController.class.php 第 97 行.
INFO: [ view_parse ] --START--
INFO: [ template_filter ] --START--
INFO: Run Behavior\ContentReplaceBehavior [ RunTime:0.000171s ]
INFO: [ template_filter ] --END-- [ RunTime:0.000480s ]
NOTIC: [8] Undefined index: flushnodes D:\web\new.muzhiwan.com\admin.pay.mzw.com\Apps\Runtime\Cache\Admin\f3b1df090beb6a8b68db2769c3066c69.php 第 173 行.
NOTIC: [8] Undefined index: group D:\web\new.muzhiwan.com\admin.pay.mzw.com\Apps\Runtime\Cache\Admin\f3b1df090beb6a8b68db2769c3066c69.php 第 173 行.
NOTIC: [8] Undefined index: user D:\web\new.muzhiwan.com\admin.pay.mzw.com\Apps\Runtime\Cache\Admin\f3b1df090beb6a8b68db2769c3066c69.php 第 173 行.
NOTIC: [8] Undefined index: notice D:\web\new.muzhiwan.com\admin.pay.mzw.com\Apps\Runtime\Cache\Admin\f3b1df090beb6a8b68db2769c3066c69.php 第 349 行.
INFO: Run Behavior\ParseTemplateBehavior [ RunTime:0.045453s ]
INFO: [ view_parse ] --END-- [ RunTime:0.045674s ]
INFO: [ view_filter ] --START--
INFO: Run Behavior\WriteHtmlCacheBehavior [ RunTime:0.000944s ]
INFO: Run Behavior\TokenBuildBehavior [ RunTime:0.003440s ]
INFO: [ view_filter ] --END-- [ RunTime:0.004724s ]
INFO: [ app_end ] --START--
INFO: Run Behavior\ShowPageTraceBehavior [ RunTime:0.001799s ]
INFO: [ app_end ] --END-- [ RunTime:0.002022s ]

[ 2015-08-12T16:57:51+08:00 ] 127.0.0.1 /Member/orderview/id/1573970
INFO: [ app_init ] --START--
INFO: Run Behavior\BuildLiteBehavior [ RunTime:0.000056s ]
INFO: [ app_init ] --END-- [ RunTime:0.001198s ]
INFO: [ app_begin ] --START--
INFO: Run Behavior\ReadHtmlCacheBehavior [ RunTime:0.001778s ]
INFO: [ app_begin ] --END-- [ RunTime:0.002052s ]
SQL: SHOW COLUMNS FROM `admin_nodes` [ RunTime:0.0045s ]
SQL: SELECT * FROM `admin_nodes` WHERE `controller` = 'Member' AND `method` = 'orderview' LIMIT 1   [ RunTime:0.0044s ]
SQL: SHOW COLUMNS FROM `admin_group_nodes` [ RunTime:0.0039s ]
SQL: SELECT * FROM `admin_group_nodes` WHERE `group_id` = 1 AND `nodes_id` = 32 LIMIT 1   [ RunTime:0.0037s ]
SQL: SHOW COLUMNS FROM `mzw_sdk_pay_orders` [ RunTime:0.0044s ]
SQL: SELECT * FROM `mzw_sdk_pay_orders` WHERE `id` = 1573970 LIMIT 1   [ RunTime:0.0042s ]
SQL: SHOW COLUMNS FROM `mzw_sdk_pay_orders_info` [ RunTime:0.0044s ]
SQL: SELECT * FROM `mzw_sdk_pay_orders_info` WHERE `order_no` = '06fb765482a44a22a8d89c75152a580b' LIMIT 1   [ RunTime:0.0046s ]
SQL: SHOW COLUMNS FROM `mzw_sdk_pay_notifyrecord` [ RunTime:0.0041s ]
SQL: SELECT * FROM `mzw_sdk_pay_notifyrecord` LIMIT 1   [ RunTime:0.0050s ]
NOTIC: [8] Undefined variable: callback D:\web\new.muzhiwan.com\admin.pay.mzw.com\Apps\Admin\Controller\MemberController.class.php 第 97 行.
INFO: [ view_parse ] --START--
INFO: [ template_filter ] --START--
INFO: Run Behavior\ContentReplaceBehavior [ RunTime:0.000153s ]
INFO: [ template_filter ] --END-- [ RunTime:0.000298s ]
NOTIC: [8] Undefined index: flushnodes D:\web\new.muzhiwan.com\admin.pay.mzw.com\Apps\Runtime\Cache\Admin\f3b1df090beb6a8b68db2769c3066c69.php 第 175 行.
NOTIC: [8] Undefined index: group D:\web\new.muzhiwan.com\admin.pay.mzw.com\Apps\Runtime\Cache\Admin\f3b1df090beb6a8b68db2769c3066c69.php 第 175 行.
NOTIC: [8] Undefined index: user D:\web\new.muzhiwan.com\admin.pay.mzw.com\Apps\Runtime\Cache\Admin\f3b1df090beb6a8b68db2769c3066c69.php 第 175 行.
NOTIC: [8] Undefined index: notice D:\web\new.muzhiwan.com\admin.pay.mzw.com\Apps\Runtime\Cache\Admin\f3b1df090beb6a8b68db2769c3066c69.php 第 349 行.
INFO: Run Behavior\ParseTemplateBehavior [ RunTime:0.035632s ]
INFO: [ view_parse ] --END-- [ RunTime:0.035848s ]
INFO: [ view_filter ] --START--
INFO: Run Behavior\WriteHtmlCacheBehavior [ RunTime:0.000953s ]
INFO: Run Behavior\TokenBuildBehavior [ RunTime:0.002591s ]
INFO: [ view_filter ] --END-- [ RunTime:0.003815s ]
INFO: [ app_end ] --START--
INFO: Run Behavior\ShowPageTraceBehavior [ RunTime:0.001095s ]
INFO: [ app_end ] --END-- [ RunTime:0.001217s ]

[ 2015-08-12T17:04:30+08:00 ] 127.0.0.1 /Member/money
INFO: [ app_init ] --START--
INFO: Run Behavior\BuildLiteBehavior [ RunTime:0.000034s ]
INFO: [ app_init ] --END-- [ RunTime:0.000933s ]
INFO: [ app_begin ] --START--
INFO: Run Behavior\ReadHtmlCacheBehavior [ RunTime:0.002015s ]
INFO: [ app_begin ] --END-- [ RunTime:0.002821s ]
SQL: SHOW COLUMNS FROM `admin_nodes` [ RunTime:0.0043s ]
SQL: SELECT * FROM `admin_nodes` WHERE `controller` = 'Member' AND `method` = 'money' LIMIT 1   [ RunTime:0.0037s ]
SQL: SHOW COLUMNS FROM `admin_group_nodes` [ RunTime:0.0040s ]
SQL: SELECT * FROM `admin_group_nodes` WHERE `group_id` = 1 AND `nodes_id` = 30 LIMIT 1   [ RunTime:0.0040s ]
SQL: SHOW COLUMNS FROM `mzw_sdk_pay_user_money` [ RunTime:0.0039s ]
SQL: SELECT COUNT(*) AS tp_count FROM `mzw_sdk_pay_user_money` LIMIT 1   [ RunTime:0.0035s ]
SQL: SELECT * FROM `mzw_sdk_pay_user_money` ORDER BY id desc LIMIT 0,30   [ RunTime:0.0048s ]
INFO: [ view_parse ] --START--
INFO: [ template_filter ] --START--
INFO: Run Behavior\ContentReplaceBehavior [ RunTime:0.000202s ]
INFO: [ template_filter ] --END-- [ RunTime:0.000459s ]
NOTIC: [8] Undefined index: flushnodes D:\web\new.muzhiwan.com\admin.pay.mzw.com\Apps\Runtime\Cache\Admin\a6140b03250663eff97a9e7c2bbe37cc.php 第 175 行.
NOTIC: [8] Undefined index: group D:\web\new.muzhiwan.com\admin.pay.mzw.com\Apps\Runtime\Cache\Admin\a6140b03250663eff97a9e7c2bbe37cc.php 第 175 行.
NOTIC: [8] Undefined index: user D:\web\new.muzhiwan.com\admin.pay.mzw.com\Apps\Runtime\Cache\Admin\a6140b03250663eff97a9e7c2bbe37cc.php 第 175 行.
NOTIC: [8] Undefined index: notice D:\web\new.muzhiwan.com\admin.pay.mzw.com\Apps\Runtime\Cache\Admin\a6140b03250663eff97a9e7c2bbe37cc.php 第 298 行.
INFO: Run Behavior\ParseTemplateBehavior [ RunTime:0.034365s ]
INFO: [ view_parse ] --END-- [ RunTime:0.034495s ]
INFO: [ view_filter ] --START--
INFO: Run Behavior\WriteHtmlCacheBehavior [ RunTime:0.000683s ]
INFO: Run Behavior\TokenBuildBehavior [ RunTime:0.004657s ]
INFO: [ view_filter ] --END-- [ RunTime:0.005570s ]
INFO: [ app_end ] --START--
INFO: Run Behavior\ShowPageTraceBehavior [ RunTime:0.001541s ]
INFO: [ app_end ] --END-- [ RunTime:0.001677s ]

[ 2015-08-12T17:04:35+08:00 ] 127.0.0.1 /Member/bonusview/uid/10287758
INFO: [ app_init ] --START--
INFO: Run Behavior\BuildLiteBehavior [ RunTime:0.000030s ]
INFO: [ app_init ] --END-- [ RunTime:0.000627s ]
INFO: [ app_begin ] --START--
INFO: Run Behavior\ReadHtmlCacheBehavior [ RunTime:0.000880s ]
INFO: [ app_begin ] --END-- [ RunTime:0.001040s ]
SQL: SHOW COLUMNS FROM `admin_nodes` [ RunTime:0.0040s ]
SQL: SELECT * FROM `admin_nodes` WHERE `controller` = 'Member' AND `method` = 'bonusview' LIMIT 1   [ RunTime:0.0036s ]
SQL: SHOW COLUMNS FROM `admin_group_nodes` [ RunTime:0.0038s ]
SQL: SELECT * FROM `admin_group_nodes` WHERE `group_id` = 1 AND `nodes_id` = 42 LIMIT 1   [ RunTime:0.0039s ]
SQL: SHOW COLUMNS FROM `mzw_sdk_pay_user_money` [ RunTime:0.0042s ]
SQL: SHOW COLUMNS FROM `mzw_sdk_pay_user_bonus` [ RunTime:0.0040s ]
SQL: SELECT COUNT(*) AS tp_count FROM `mzw_sdk_pay_user_bonus` WHERE `uid` = 10287758 LIMIT 1   [ RunTime:0.0038s ]
SQL: SHOW COLUMNS FROM `mzw_sdk_pay_user_bonus` [ RunTime:0.0040s ]
SQL: SELECT * FROM `mzw_sdk_pay_user_bonus` WHERE `uid` = 10287758 ORDER BY etime asc LIMIT 0,30   [ RunTime:0.0040s ]
INFO: [ view_parse ] --START--
INFO: [ template_filter ] --START--
INFO: Run Behavior\ContentReplaceBehavior [ RunTime:0.000151s ]
INFO: [ template_filter ] --END-- [ RunTime:0.000307s ]
NOTIC: [8] Undefined index: flushnodes D:\web\new.muzhiwan.com\admin.pay.mzw.com\Apps\Runtime\Cache\Admin\9f4395f6b1ec3efe4641108a3fa839c6.php 第 175 行.
NOTIC: [8] Undefined index: group D:\web\new.muzhiwan.com\admin.pay.mzw.com\Apps\Runtime\Cache\Admin\9f4395f6b1ec3efe4641108a3fa839c6.php 第 175 行.
NOTIC: [8] Undefined index: user D:\web\new.muzhiwan.com\admin.pay.mzw.com\Apps\Runtime\Cache\Admin\9f4395f6b1ec3efe4641108a3fa839c6.php 第 175 行.
NOTIC: [8] Undefined index: notice D:\web\new.muzhiwan.com\admin.pay.mzw.com\Apps\Runtime\Cache\Admin\9f4395f6b1ec3efe4641108a3fa839c6.php 第 289 行.
INFO: Run Behavior\ParseTemplateBehavior [ RunTime:0.025385s ]
INFO: [ view_parse ] --END-- [ RunTime:0.025522s ]
INFO: [ view_filter ] --START--
INFO: Run Behavior\WriteHtmlCacheBehavior [ RunTime:0.001108s ]
INFO: Run Behavior\TokenBuildBehavior [ RunTime:0.001869s ]
INFO: [ view_filter ] --END-- [ RunTime:0.003216s ]
INFO: [ app_end ] --START--
INFO: Run Behavior\ShowPageTraceBehavior [ RunTime:0.001190s ]
INFO: [ app_end ] --END-- [ RunTime:0.001313s ]

